[+] Containers:
 |- [+] Container: /Game/Map
 |   |- [+] ActorDescs:
 |   |   |- Guid:03920DF94EEFC9F86CC66185D32A3DA1 BaseClass: NativeClass:/Script/Engine.StaticMeshActor Name:StaticMeshActor_UAID_A4AE111137DC54FB00_1240666663 Label:SM_SkySphere SpatiallyLoaded:0 Bounds:IsValid=true, Min=(X=-1638400.000 Y=-1638400.000 Z=-1638400.000), Max=(X=1638400.000 Y=1638400.000 Z=1638400.000) RuntimeGrid:None EditorOnly:0 RuntimeOnly:0 HLODRelevant:0 ListedInSceneOutliner:1 IsMainWorldOnly:1 FolderPath:Lighting FolderGuid:B7E9BD5B45A652654791988DEF54CCEB
 |   |   |- Guid:1D3D26F04B6DC10BEFB5B69E5CF914C8 BaseClass: NativeClass:/Script/Engine.VolumetricCloud Name:VolumetricCloud_UAID_A85E45CFE40401D200_1470381760 Label:VolumetricCloud SpatiallyLoaded:0 Bounds:IsValid=true, Min=(X=0.000 Y=0.000 Z=0.000), Max=(X=0.000 Y=0.000 Z=0.000) RuntimeGrid:None EditorOnly:0 RuntimeOnly:0 HLODRelevant:0 ListedInSceneOutliner:1 IsMainWorldOnly:0 FolderPath:Lighting FolderGuid:B7E9BD5B45A652654791988DEF54CCEB
 |   |   |- Guid:1DE8D7AC4103A2EABA11649C7FCF8ACA BaseClass: NativeClass:/Script/Engine.SkyLight Name:SkyLight_UAID_A85E45CFE40401D200_1470380759 Label:SkyLight SpatiallyLoaded:0 Bounds:IsValid=true, Min=(X=0.000 Y=0.000 Z=0.000), Max=(X=0.000 Y=0.000 Z=0.000) RuntimeGrid:None EditorOnly:0 RuntimeOnly:0 HLODRelevant:0 ListedInSceneOutliner:1 IsMainWorldOnly:0 FolderPath:Lighting FolderGuid:B7E9BD5B45A652654791988DEF54CCEB
 |   |   |- Guid:2CE12F874AA39D020A0F4BA5739BD305 BaseClass: NativeClass:/Script/Engine.SkyAtmosphere Name:SkyAtmosphere_UAID_A85E45CFE40401D200_1470382762 Label:SkyAtmosphere SpatiallyLoaded:0 Bounds:IsValid=true, Min=(X=0.000 Y=0.000 Z=0.000), Max=(X=0.000 Y=0.000 Z=0.000) RuntimeGrid:None EditorOnly:0 RuntimeOnly:0 HLODRelevant:0 ListedInSceneOutliner:1 IsMainWorldOnly:0 FolderPath:Lighting FolderGuid:B7E9BD5B45A652654791988DEF54CCEB
 |   |   |- Guid:372022B94E79EF2B94A4249DE9FDA353 BaseClass:/Game/Blueprints/Map/BP_Grid.BP_Grid_C NativeClass:/Script/Engine.Actor Name:BP_Grid_C_UAID_74563CD988C33CA502_1833371296 Label:BP_Grid SpatiallyLoaded:1 Bounds:IsValid=true, Min=(X=-3562.500 Y=17.500 Z=2398.000), Max=(X=-2907.500 Y=592.500 Z=2500.000) RuntimeGrid:None EditorOnly:0 RuntimeOnly:0 HLODRelevant:0 ListedInSceneOutliner:1 IsMainWorldOnly:0
 |   |   |- Guid:4D0911E84A00CE8A550D39805CCFF4D2 BaseClass:/Game/Blueprints/Map/Board3D/BP_Battle.BP_Battle_C NativeClass:/Script/Engine.Actor Name:BP_Battle_C_UAID_74563CD988C306A902_1812641015 Label:BP_Battle SpatiallyLoaded:1 Bounds:IsValid=true, Min=(X=-450.000 Y=-450.000 Z=2210.000), Max=(X=450.000 Y=450.000 Z=2210.000) RuntimeGrid:None EditorOnly:0 RuntimeOnly:0 HLODRelevant:0 ListedInSceneOutliner:1 IsMainWorldOnly:0
 |   |   |- Guid:5368FABB47D6D9580DAECA8B0417BF92 BaseClass: NativeClass:/Script/Engine.WorldDataLayers Name:WorldDataLayers Label:WorldDataLayers-1 SpatiallyLoaded:0 Bounds:Invalid RuntimeGrid:None EditorOnly:0 RuntimeOnly:0 HLODRelevant:0 ListedInSceneOutliner:1 IsMainWorldOnly:1
 |   |   |- Guid:962D6BE34E7839A2A94E65B8F6CE5D43 BaseClass: NativeClass:/Script/Engine.PlayerStart Name:PlayerStart_UAID_F02F74551BF5599B01_1153002503 Label:PlayerStart SpatiallyLoaded:0 Bounds:IsValid=true, Min=(X=-240.000 Y=-40.000 Z=0.000), Max=(X=-160.000 Y=40.000 Z=184.000) RuntimeGrid:None EditorOnly:0 RuntimeOnly:0 HLODRelevant:0 ListedInSceneOutliner:1 IsMainWorldOnly:0
 |   |   |- Guid:A17A4A2C48466A56CF677ABC5A7E6365 BaseClass: NativeClass:/Script/Engine.StaticMeshActor Name:StaticMeshActor_UAID_74563CD988C36CAE02_1129775247 Label:Plane2 SpatiallyLoaded:1 Bounds:IsValid=true, Min=(X=362.500 Y=-882.500 Z=1950.000), Max=(X=6337.500 Y=5442.500 Z=1950.000) RuntimeGrid:None EditorOnly:0 RuntimeOnly:0 HLODRelevant:1 ListedInSceneOutliner:1 IsMainWorldOnly:0
 |   |   |- Guid:AAAC6B5742760A58C2206DB37E44683C BaseClass: NativeClass:/Script/Engine.DirectionalLight Name:DirectionalLight_UAID_A85E45CFE40401D200_1470382761 Label:DirectionalLight SpatiallyLoaded:0 Bounds:Invalid RuntimeGrid:None EditorOnly:0 RuntimeOnly:0 HLODRelevant:0 ListedInSceneOutliner:1 IsMainWorldOnly:1 FolderPath:Lighting FolderGuid:B7E9BD5B45A652654791988DEF54CCEB
 |   |   |- Guid:C4F470F2438DAC7A4B35C38FDF68CEE6 BaseClass: NativeClass:/Script/Engine.CameraActor Name:CameraActor_UAID_74563CD988C3783402_1677201527 Label:CameraActor SpatiallyLoaded:1 Bounds:IsValid=true, Min=(X=4090.000 Y=2940.000 Z=9430.000), Max=(X=4090.000 Y=2940.000 Z=9430.000) RuntimeGrid:None EditorOnly:0 RuntimeOnly:0 HLODRelevant:0 ListedInSceneOutliner:1 IsMainWorldOnly:0
 |   |   |- Guid:D3FB7383421AAEFD3DB6F8B1E415A9FE BaseClass: NativeClass:/Script/Engine.ExponentialHeightFog Name:ExponentialHeightFog_UAID_A85E45CFE40401D200_1470382763 Label:ExponentialHeightFog SpatiallyLoaded:0 Bounds:IsValid=true, Min=(X=-5600.000 Y=-50.000 Z=-6850.000), Max=(X=-5600.000 Y=-50.000 Z=-6850.000) RuntimeGrid:None EditorOnly:0 RuntimeOnly:0 HLODRelevant:0 ListedInSceneOutliner:1 IsMainWorldOnly:0 FolderPath:Lighting FolderGuid:B7E9BD5B45A652654791988DEF54CCEB
 |   |   |- Guid:DE57907444F661D0E1A597B79E012A42 BaseClass: NativeClass:/Script/Engine.StaticMeshActor Name:StaticMeshActor_UAID_74563CD988C33AA502_2045568943 Label:Plane SpatiallyLoaded:1 Bounds:IsValid=true, Min=(X=-3627.500 Y=-155.000 Z=2390.000), Max=(X=-2852.500 Y=695.000 Z=2390.000) RuntimeGrid:None EditorOnly:0 RuntimeOnly:0 HLODRelevant:1 ListedInSceneOutliner:1 IsMainWorldOnly:0
 |   |- [+] Clusters:
 |   |   |- [+] [  0]
 |   |   |   |- Guid:03920DF94EEFC9F86CC66185D32A3DA1 BaseClass: NativeClass:/Script/Engine.StaticMeshActor Name:StaticMeshActor_UAID_A4AE111137DC54FB00_1240666663 Label:SM_SkySphere SpatiallyLoaded:0 Bounds:IsValid=true, Min=(X=-1638400.000 Y=-1638400.000 Z=-1638400.000), Max=(X=1638400.000 Y=1638400.000 Z=1638400.000) RuntimeGrid:None EditorOnly:0 RuntimeOnly:0 HLODRelevant:0 ListedInSceneOutliner:1 IsMainWorldOnly:1 FolderPath:Lighting FolderGuid:B7E9BD5B45A652654791988DEF54CCEB
 |   |   |- [+] [  1]
 |   |   |   |- Guid:1D3D26F04B6DC10BEFB5B69E5CF914C8 BaseClass: NativeClass:/Script/Engine.VolumetricCloud Name:VolumetricCloud_UAID_A85E45CFE40401D200_1470381760 Label:VolumetricCloud SpatiallyLoaded:0 Bounds:IsValid=true, Min=(X=0.000 Y=0.000 Z=0.000), Max=(X=0.000 Y=0.000 Z=0.000) RuntimeGrid:None EditorOnly:0 RuntimeOnly:0 HLODRelevant:0 ListedInSceneOutliner:1 IsMainWorldOnly:0 FolderPath:Lighting FolderGuid:B7E9BD5B45A652654791988DEF54CCEB
 |   |   |- [+] [  2]
 |   |   |   |- Guid:1DE8D7AC4103A2EABA11649C7FCF8ACA BaseClass: NativeClass:/Script/Engine.SkyLight Name:SkyLight_UAID_A85E45CFE40401D200_1470380759 Label:SkyLight SpatiallyLoaded:0 Bounds:IsValid=true, Min=(X=0.000 Y=0.000 Z=0.000), Max=(X=0.000 Y=0.000 Z=0.000) RuntimeGrid:None EditorOnly:0 RuntimeOnly:0 HLODRelevant:0 ListedInSceneOutliner:1 IsMainWorldOnly:0 FolderPath:Lighting FolderGuid:B7E9BD5B45A652654791988DEF54CCEB
 |   |   |- [+] [  3]
 |   |   |   |- Guid:2CE12F874AA39D020A0F4BA5739BD305 BaseClass: NativeClass:/Script/Engine.SkyAtmosphere Name:SkyAtmosphere_UAID_A85E45CFE40401D200_1470382762 Label:SkyAtmosphere SpatiallyLoaded:0 Bounds:IsValid=true, Min=(X=0.000 Y=0.000 Z=0.000), Max=(X=0.000 Y=0.000 Z=0.000) RuntimeGrid:None EditorOnly:0 RuntimeOnly:0 HLODRelevant:0 ListedInSceneOutliner:1 IsMainWorldOnly:0 FolderPath:Lighting FolderGuid:B7E9BD5B45A652654791988DEF54CCEB
 |   |   |- [+] [  4]
 |   |   |   |- Guid:372022B94E79EF2B94A4249DE9FDA353 BaseClass:/Game/Blueprints/Map/BP_Grid.BP_Grid_C NativeClass:/Script/Engine.Actor Name:BP_Grid_C_UAID_74563CD988C33CA502_1833371296 Label:BP_Grid SpatiallyLoaded:1 Bounds:IsValid=true, Min=(X=-3562.500 Y=17.500 Z=2398.000), Max=(X=-2907.500 Y=592.500 Z=2500.000) RuntimeGrid:None EditorOnly:0 RuntimeOnly:0 HLODRelevant:0 ListedInSceneOutliner:1 IsMainWorldOnly:0
 |   |   |- [+] [  5]
 |   |   |   |- Guid:4D0911E84A00CE8A550D39805CCFF4D2 BaseClass:/Game/Blueprints/Map/Board3D/BP_Battle.BP_Battle_C NativeClass:/Script/Engine.Actor Name:BP_Battle_C_UAID_74563CD988C306A902_1812641015 Label:BP_Battle SpatiallyLoaded:1 Bounds:IsValid=true, Min=(X=-450.000 Y=-450.000 Z=2210.000), Max=(X=450.000 Y=450.000 Z=2210.000) RuntimeGrid:None EditorOnly:0 RuntimeOnly:0 HLODRelevant:0 ListedInSceneOutliner:1 IsMainWorldOnly:0
 |   |   |- [+] [  6]
 |   |   |   |- Guid:5368FABB47D6D9580DAECA8B0417BF92 BaseClass: NativeClass:/Script/Engine.WorldDataLayers Name:WorldDataLayers Label:WorldDataLayers-1 SpatiallyLoaded:0 Bounds:Invalid RuntimeGrid:None EditorOnly:0 RuntimeOnly:0 HLODRelevant:0 ListedInSceneOutliner:1 IsMainWorldOnly:1
 |   |   |- [+] [  7]
 |   |   |   |- Guid:962D6BE34E7839A2A94E65B8F6CE5D43 BaseClass: NativeClass:/Script/Engine.PlayerStart Name:PlayerStart_UAID_F02F74551BF5599B01_1153002503 Label:PlayerStart SpatiallyLoaded:0 Bounds:IsValid=true, Min=(X=-240.000 Y=-40.000 Z=0.000), Max=(X=-160.000 Y=40.000 Z=184.000) RuntimeGrid:None EditorOnly:0 RuntimeOnly:0 HLODRelevant:0 ListedInSceneOutliner:1 IsMainWorldOnly:0
 |   |   |- [+] [  8]
 |   |   |   |- Guid:A17A4A2C48466A56CF677ABC5A7E6365 BaseClass: NativeClass:/Script/Engine.StaticMeshActor Name:StaticMeshActor_UAID_74563CD988C36CAE02_1129775247 Label:Plane2 SpatiallyLoaded:1 Bounds:IsValid=true, Min=(X=362.500 Y=-882.500 Z=1950.000), Max=(X=6337.500 Y=5442.500 Z=1950.000) RuntimeGrid:None EditorOnly:0 RuntimeOnly:0 HLODRelevant:1 ListedInSceneOutliner:1 IsMainWorldOnly:0
 |   |   |- [+] [  9]
 |   |   |   |- Guid:AAAC6B5742760A58C2206DB37E44683C BaseClass: NativeClass:/Script/Engine.DirectionalLight Name:DirectionalLight_UAID_A85E45CFE40401D200_1470382761 Label:DirectionalLight SpatiallyLoaded:0 Bounds:Invalid RuntimeGrid:None EditorOnly:0 RuntimeOnly:0 HLODRelevant:0 ListedInSceneOutliner:1 IsMainWorldOnly:1 FolderPath:Lighting FolderGuid:B7E9BD5B45A652654791988DEF54CCEB
 |   |   |- [+] [ 10]
 |   |   |   |- Guid:C4F470F2438DAC7A4B35C38FDF68CEE6 BaseClass: NativeClass:/Script/Engine.CameraActor Name:CameraActor_UAID_74563CD988C3783402_1677201527 Label:CameraActor SpatiallyLoaded:1 Bounds:IsValid=true, Min=(X=4090.000 Y=2940.000 Z=9430.000), Max=(X=4090.000 Y=2940.000 Z=9430.000) RuntimeGrid:None EditorOnly:0 RuntimeOnly:0 HLODRelevant:0 ListedInSceneOutliner:1 IsMainWorldOnly:0
 |   |   |- [+] [ 11]
 |   |   |   |- Guid:D3FB7383421AAEFD3DB6F8B1E415A9FE BaseClass: NativeClass:/Script/Engine.ExponentialHeightFog Name:ExponentialHeightFog_UAID_A85E45CFE40401D200_1470382763 Label:ExponentialHeightFog SpatiallyLoaded:0 Bounds:IsValid=true, Min=(X=-5600.000 Y=-50.000 Z=-6850.000), Max=(X=-5600.000 Y=-50.000 Z=-6850.000) RuntimeGrid:None EditorOnly:0 RuntimeOnly:0 HLODRelevant:0 ListedInSceneOutliner:1 IsMainWorldOnly:0 FolderPath:Lighting FolderGuid:B7E9BD5B45A652654791988DEF54CCEB
 |   |   |- [+] [ 12]
 |   |   |   |- Guid:DE57907444F661D0E1A597B79E012A42 BaseClass: NativeClass:/Script/Engine.StaticMeshActor Name:StaticMeshActor_UAID_74563CD988C33AA502_2045568943 Label:Plane SpatiallyLoaded:1 Bounds:IsValid=true, Min=(X=-3627.500 Y=-155.000 Z=2390.000), Max=(X=-2852.500 Y=695.000 Z=2390.000) RuntimeGrid:None EditorOnly:0 RuntimeOnly:0 HLODRelevant:1 ListedInSceneOutliner:1 IsMainWorldOnly:0
 |- ContainerInstances:
 |- [+] MainContainer:
 |   |-        ID: 00000000000000000000000000000000
 |   |-  ParentID: 00000000000000000000000000000000
 |   |-    Bounds: IsValid=true, Min=(X=-3627.500 Y=-882.500 Z=1950.000), Max=(X=6337.500 Y=5442.500 Z=9430.000)
 |   |- Transform: 0.000000,0.000000,0.000000|0.000000,0.000000,-0.000000|1.000000,1.000000,1.000000
 |   |- Container: /Game/Map
----------------------------------------------------------------------------------------------------------------
Map - Persistent Level
----------------------------------------------------------------------------------------------------------------
[+] Content of Map Persistent Level
 |- Always loaded Actor Count: 8 
 |- Actor Path: /Game/Map.Map:PersistentLevel.DirectionalLight_UAID_A85E45CFE40401D200_1470382761
 |- Actor Package: /Game/__ExternalActors__/Map/4/IQ/KU2P0B5S35RKRJFG045BGU
 |- Actor Path: /Game/Map.Map:PersistentLevel.ExponentialHeightFog_UAID_A85E45CFE40401D200_1470382763
 |- Actor Package: /Game/__ExternalActors__/Map/C/A6/4GAGL02KME4WKDV2QV6BZY
 |- Actor Path: /Game/Map.Map:PersistentLevel.PlayerStart_UAID_F02F74551BF5599B01_1153002503
 |- Actor Package: /Game/__ExternalActors__/Map/5/XN/7HQAL0TRFJP5JVHT0P65QE
 |- Actor Path: /Game/Map.Map:PersistentLevel.SkyAtmosphere_UAID_A85E45CFE40401D200_1470382762
 |- Actor Package: /Game/__ExternalActors__/Map/0/04/GXGCZBGQIT6XOIC2YMCA7Y
 |- Actor Path: /Game/Map.Map:PersistentLevel.SkyLight_UAID_A85E45CFE40401D200_1470380759
 |- Actor Package: /Game/__ExternalActors__/Map/4/DK/E33MPSK7Y43XTDGO8QS1RE
 |- Actor Path: /Game/Map.Map:PersistentLevel.StaticMeshActor_UAID_A4AE111137DC54FB00_1240666663
 |- Actor Package: /Game/__ExternalActors__/Map/2/4R/RQ87O5DWV1GS3RM83S87ER
 |- Actor Path: /Game/Map.Map:PersistentLevel.VolumetricCloud_UAID_A85E45CFE40401D200_1470381760
 |- Actor Package: /Game/__ExternalActors__/Map/8/9T/EMNDYTIV2ER8WSS8BD6EBZ
 |- Actor Path: /Game/Map.Map:PersistentLevel.WorldDataLayers
 |- Actor Package: /Game/__ExternalActors__/Map/5/PN/679A47FIAS5NIV6T6OABSZ

----------------------------------------------------------------------------------------------------------------
Map - Runtime Hash Set
----------------------------------------------------------------------------------------------------------------
[+] Content of Cell Map_MainGrid_0_0_0_0 (2LGUYK85TPG66PIU2E6QGFYCJ)
 |- Actor Count: 3
 |- [+] /Game/Map.Map:PersistentLevel.BP_Battle_C_UAID_74563CD988C306A902_1812641015
 |   |-         Package: /Game/__ExternalActors__/Map/9/3P/841D88D6WW3WZHTX1QC1N5
 |   |-     Editor Only: 0
 |   |-   Instance Guid: 4D0911E84A00CE8A550D39805CCFF4D2
 |   |- [+] Container:
 |   |   |-        ID: 00000000000000000000000000000000
 |   |   |- Transform: 0.000000,0.000000,0.000000|0.000000,0.000000,-0.000000|1.000000,1.000000,1.000000
 |- [+] /Game/Map.Map:PersistentLevel.StaticMeshActor_UAID_74563CD988C36CAE02_1129775247
 |   |-         Package: /Game/__ExternalActors__/Map/E/R3/36HKBK6X9KG3PBWYYFNNKG
 |   |-     Editor Only: 0
 |   |-   Instance Guid: A17A4A2C48466A56CF677ABC5A7E6365
 |   |- [+] Container:
 |   |   |-        ID: 00000000000000000000000000000000
 |   |   |- Transform: 0.000000,0.000000,0.000000|0.000000,0.000000,-0.000000|1.000000,1.000000,1.000000
 |- [+] /Game/Map.Map:PersistentLevel.CameraActor_UAID_74563CD988C3783402_1677201527
 |   |-         Package: /Game/__ExternalActors__/Map/9/XI/C1NTMM4AQH9ROES91AW7V7
 |   |-     Editor Only: 0
 |   |-   Instance Guid: C4F470F2438DAC7A4B35C38FDF68CEE6
 |   |- [+] Container:
 |   |   |-        ID: 00000000000000000000000000000000
 |   |   |- Transform: 0.000000,0.000000,0.000000|0.000000,0.000000,-0.000000|1.000000,1.000000,1.000000
[+] Content of Cell Map_MainGrid_-1_0_0_0 (A6UDPS69BUQFSRD1CAQRUZUCA)
 |- Actor Count: 2
 |- [+] /Game/Map.Map:PersistentLevel.BP_Grid_C_UAID_74563CD988C33CA502_1833371296
 |   |-         Package: /Game/__ExternalActors__/Map/8/H7/FATSZIG314L732S9ODPB41
 |   |-     Editor Only: 0
 |   |-   Instance Guid: 372022B94E79EF2B94A4249DE9FDA353
 |   |- [+] Container:
 |   |   |-        ID: 00000000000000000000000000000000
 |   |   |- Transform: 0.000000,0.000000,0.000000|0.000000,0.000000,-0.000000|1.000000,1.000000,1.000000
 |- [+] /Game/Map.Map:PersistentLevel.StaticMeshActor_UAID_74563CD988C33AA502_2045568943
 |   |-         Package: /Game/__ExternalActors__/Map/C/68/KPCB6A5BAQCSRG3XOKA0TX
 |   |-     Editor Only: 0
 |   |-   Instance Guid: DE57907444F661D0E1A597B79E012A42
 |   |- [+] Container:
 |   |   |-        ID: 00000000000000000000000000000000
 |   |   |- Transform: 0.000000,0.000000,0.000000|0.000000,0.000000,-0.000000|1.000000,1.000000,1.000000

