[+] Containers:
 |- [+] Container: /Game/ThirdPerson/Maps/ThirdPersonMap
 |   |- [+] ActorDescs:
 |   |   |- Guid:0A05A7D9488652042ACB89956D2AAA2A BaseClass: NativeClass:/Script/Engine.StaticMeshActor Name:StaticMeshActor_UAID_9C7BEF28E54FDBB801_1643364012 Label:SM_Cube11 SpatiallyLoaded:1 Bounds:IsValid=true, Min=(X=4200.000 Y=5680.000 Z=0.000), Max=(X=4800.000 Y=5700.000 Z=450.000) RuntimeGrid:None EditorOnly:0 RuntimeOnly:0 HLODRelevant:1 ListedInSceneOutliner:1 IsMainWorldOnly:0 FolderPath:Playground FolderGuid:C73F09FC4215536B1DCE2A9E0A830C70
 |   |   |- Guid:0B4ADEAE45178125410CA2AF607F49D7 BaseClass: NativeClass:/Script/Engine.StaticMeshActor Name:StaticMeshActor_UAID_9C7BEF28E54FDBB801_1719450014 Label:SM_Cube13 SpatiallyLoaded:1 Bounds:IsValid=true, Min=(X=-20.000 Y=1500.000 Z=0.000), Max=(X=-0.000 Y=2900.001 Z=450.000) RuntimeGrid:None EditorOnly:0 RuntimeOnly:0 HLODRelevant:1 ListedInSceneOutliner:1 IsMainWorldOnly:0 FolderPath:Playground FolderGuid:C73F09FC4215536B1DCE2A9E0A830C70
 |   |   |- Guid:0B656FAD44AA939B40B94B8446C27C8F BaseClass:/Game/Blueprints/Actors/BP_WaterPack.BP_WaterPack_C NativeClass:/Script/Engine.Actor Name:BP_WaterPack_C_UAID_9C7BEF28E54F96B801_1103478866 Label:BP_WaterPack SpatiallyLoaded:1 Bounds:IsValid=true, Min=(X=1459.000 Y=1349.000 Z=39.000), Max=(X=1561.000 Y=1451.000 Z=141.000) RuntimeGrid:None EditorOnly:0 RuntimeOnly:0 HLODRelevant:0 ListedInSceneOutliner:1 IsMainWorldOnly:0
 |   |   |- Guid:2FB58999456391D349DC0F86DAC136ED BaseClass: NativeClass:/Script/Engine.SkyLight Name:SkyLight_1 Label:SkyLight SpatiallyLoaded:0 Bounds:IsValid=true, Min=(X=0.000 Y=0.000 Z=690.000), Max=(X=0.000 Y=0.000 Z=690.000) RuntimeGrid:None EditorOnly:0 RuntimeOnly:0 HLODRelevant:0 ListedInSceneOutliner:1 IsMainWorldOnly:0 FolderPath:Lighting FolderGuid:963EC3EB4002CCE9759E2EBA541A873A
 |   |   |- Guid:316CF2A6494ACA4C0E4180A87D36AB8F BaseClass: NativeClass:/Script/Engine.ExponentialHeightFog Name:ExponentialHeightFog_0 Label:ExponentialHeightFog SpatiallyLoaded:0 Bounds:IsValid=true, Min=(X=-5600.000 Y=-50.000 Z=-6850.000), Max=(X=-5600.000 Y=-50.000 Z=-6850.000) RuntimeGrid:None EditorOnly:0 RuntimeOnly:0 HLODRelevant:0 ListedInSceneOutliner:1 IsMainWorldOnly:0 FolderPath:Lighting FolderGuid:963EC3EB4002CCE9759E2EBA541A873A
 |   |   |- Guid:3A00AA1C422CE54C0BDB60BAF471BFBB BaseClass: NativeClass:/Script/Engine.PlayerStart Name:PlayerStart_0 Label:PlayerStart SpatiallyLoaded:0 Bounds:IsValid=true, Min=(X=860.000 Y=1070.000 Z=0.013), Max=(X=940.000 Y=1150.000 Z=184.013) RuntimeGrid:None EditorOnly:0 RuntimeOnly:0 HLODRelevant:0 ListedInSceneOutliner:1 IsMainWorldOnly:0
 |   |   |- Guid:3C0060224A2B20D6F118D18955FF9DDA BaseClass:/Game/Blueprints/Actors/BP_Window.BP_Window_C NativeClass:/Script/Engine.Actor Name:BP_Window_C_UAID_9C7BEF28E54FDCB801_1537162197 Label:BP_Window2 SpatiallyLoaded:1 Bounds:IsValid=true, Min=(X=4525.868 Y=2060.034 Z=103.505), Max=(X=4809.532 Y=2341.966 Z=310.495) RuntimeGrid:None EditorOnly:0 RuntimeOnly:0 HLODRelevant:0 ListedInSceneOutliner:1 IsMainWorldOnly:0
 |   |   |- Guid:3E041E2F4C62529D9205AA911F8998AB BaseClass: NativeClass:/Script/Engine.StaticMeshActor Name:StaticMeshActor_UAID_9C7BEF28E54FB2BA01_2082924913 Label:Cube SpatiallyLoaded:1 Bounds:IsValid=true, Min=(X=1060.000 Y=7.500 Z=-2.500), Max=(X=1960.000 Y=432.500 Z=22.500) RuntimeGrid:None EditorOnly:0 RuntimeOnly:0 HLODRelevant:1 ListedInSceneOutliner:1 IsMainWorldOnly:0
 |   |   |- Guid:4038153A462BA121FD688CB7201B5C11 BaseClass: NativeClass:/Script/Engine.StaticMeshActor Name:StaticMeshActor_UAID_9C7BEF28E54FDBB801_1824183018 Label:SM_Cube16 SpatiallyLoaded:1 Bounds:IsValid=true, Min=(X=1410.000 Y=-10.000 Z=0.000), Max=(X=2810.000 Y=10.000 Z=450.000) RuntimeGrid:None EditorOnly:0 RuntimeOnly:0 HLODRelevant:1 ListedInSceneOutliner:1 IsMainWorldOnly:0 FolderPath:Playground FolderGuid:C73F09FC4215536B1DCE2A9E0A830C70
 |   |   |- Guid:43815E84492231AFC407F59E3C28176B BaseClass: NativeClass:/Script/Engine.StaticMeshActor Name:StaticMeshActor_4 Label:SM_Cube6 SpatiallyLoaded:1 Bounds:IsValid=true, Min=(X=4790.000 Y=-10.000 Z=0.000), Max=(X=4810.000 Y=1502.001 Z=450.000) RuntimeGrid:None EditorOnly:0 RuntimeOnly:0 HLODRelevant:1 ListedInSceneOutliner:1 IsMainWorldOnly:0 FolderPath:Playground FolderGuid:C73F09FC4215536B1DCE2A9E0A830C70
 |   |   |- Guid:4D3BE93F4146AAAC8BBE79999D96D57F BaseClass: NativeClass:/Script/Engine.VolumetricCloud Name:VolumetricCloud_0 Label:VolumetricCloud SpatiallyLoaded:0 Bounds:IsValid=true, Min=(X=0.000 Y=0.000 Z=820.000), Max=(X=0.000 Y=0.000 Z=820.000) RuntimeGrid:None EditorOnly:0 RuntimeOnly:0 HLODRelevant:0 ListedInSceneOutliner:1 IsMainWorldOnly:0 FolderPath:Lighting FolderGuid:963EC3EB4002CCE9759E2EBA541A873A
 |   |   |- Guid:5239DE8743BBF811F5B0BBB1BFB19890 BaseClass:/Game/Blueprints/Actors/BP_Window.BP_Window_C NativeClass:/Script/Engine.Actor Name:BP_Window_C_UAID_9C7BEF28E54F83B801_1978469520 Label:BP_Window SpatiallyLoaded:1 Bounds:IsValid=true, Min=(X=4525.868 Y=595.434 Z=103.505), Max=(X=4809.532 Y=894.566 Z=310.495) RuntimeGrid:None EditorOnly:0 RuntimeOnly:0 HLODRelevant:0 ListedInSceneOutliner:1 IsMainWorldOnly:0
 |   |   |- Guid:54C9DC6E49AC7F00DF5D19B554A5F16D BaseClass: NativeClass:/Script/Engine.StaticMeshActor Name:StaticMeshActor_UAID_9C7BEF28E54FB0BA01_2116909555 Label:SM_Cube22 SpatiallyLoaded:1 Bounds:IsValid=true, Min=(X=4220.000 Y=2790.000 Z=0.000), Max=(X=4790.000 Y=2810.000 Z=450.000) RuntimeGrid:None EditorOnly:0 RuntimeOnly:0 HLODRelevant:1 ListedInSceneOutliner:1 IsMainWorldOnly:0 FolderPath:Playground FolderGuid:C73F09FC4215536B1DCE2A9E0A830C70
 |   |   |- Guid:58E03D064126C511BFC64FBCBA44A6C3 BaseClass:/Game/Blueprints/Actors/BP_Window.BP_Window_C NativeClass:/Script/Engine.Actor Name:BP_Window_C_UAID_9C7BEF28E54FDCB801_1671421199 Label:BP_Window3 SpatiallyLoaded:1 Bounds:IsValid=true, Min=(X=4525.868 Y=3460.034 Z=103.505), Max=(X=4809.532 Y=3741.966 Z=310.495) RuntimeGrid:None EditorOnly:0 RuntimeOnly:0 HLODRelevant:0 ListedInSceneOutliner:1 IsMainWorldOnly:0
 |   |   |- Guid:5C8AAE22452CAE1B991F21B12993CD7B BaseClass: NativeClass:/Script/Engine.StaticMeshActor Name:StaticMeshActor_UAID_9C7BEF28E54FDBB801_1643362011 Label:SM_Cube10 SpatiallyLoaded:1 Bounds:IsValid=true, Min=(X=2800.000 Y=5680.000 Z=0.000), Max=(X=4200.000 Y=5700.000 Z=450.000) RuntimeGrid:None EditorOnly:0 RuntimeOnly:0 HLODRelevant:1 ListedInSceneOutliner:1 IsMainWorldOnly:0 FolderPath:Playground FolderGuid:C73F09FC4215536B1DCE2A9E0A830C70
 |   |   |- Guid:604161A54AFA68C078FCD7870D3E66BF BaseClass: NativeClass:/Script/Engine.StaticMeshActor Name:StaticMeshActor_UAID_9C7BEF28E54FDBB801_1942248020 Label:SM_Cube18 SpatiallyLoaded:1 Bounds:IsValid=true, Min=(X=4210.000 Y=-10.000 Z=0.000), Max=(X=4810.000 Y=10.000 Z=450.000) RuntimeGrid:None EditorOnly:0 RuntimeOnly:0 HLODRelevant:1 ListedInSceneOutliner:1 IsMainWorldOnly:0 FolderPath:Playground FolderGuid:C73F09FC4215536B1DCE2A9E0A830C70
 |   |   |- Guid:616337274AD8AD222AEDDC8254704549 BaseClass: NativeClass:/Script/Engine.StaticMeshActor Name:StaticMeshActor_UAID_9C7BEF28E54FB0BA01_2065072553 Label:SM_Cube20 SpatiallyLoaded:1 Bounds:IsValid=true, Min=(X=2800.000 Y=1410.000 Z=0.000), Max=(X=2820.000 Y=2810.000 Z=450.000) RuntimeGrid:None EditorOnly:0 RuntimeOnly:0 HLODRelevant:1 ListedInSceneOutliner:1 IsMainWorldOnly:0 FolderPath:Playground FolderGuid:C73F09FC4215536B1DCE2A9E0A830C70
 |   |   |- Guid:625732824EC2BD9D09DFA599D57A7F99 BaseClass: NativeClass:/Script/Engine.StaticMeshActor Name:StaticMeshActor_UAID_9C7BEF28E54FDBB801_1719447013 Label:SM_Cube12 SpatiallyLoaded:1 Bounds:IsValid=true, Min=(X=-20.000 Y=-10.000 Z=0.000), Max=(X=-0.000 Y=1503.001 Z=450.000) RuntimeGrid:None EditorOnly:0 RuntimeOnly:0 HLODRelevant:1 ListedInSceneOutliner:1 IsMainWorldOnly:0 FolderPath:Playground FolderGuid:C73F09FC4215536B1DCE2A9E0A830C70
 |   |   |- Guid:6BAF4DDD444C60371492D3919DB42C97 BaseClass: NativeClass:/Script/Engine.WorldDataLayers Name:WorldDataLayers Label:WorldDataLayers SpatiallyLoaded:0 Bounds:IsValid=true, Min=(X=0.000 Y=0.000 Z=0.000), Max=(X=0.000 Y=0.000 Z=0.000) RuntimeGrid:None EditorOnly:0 RuntimeOnly:0 HLODRelevant:0 ListedInSceneOutliner:1 IsMainWorldOnly:1
 |   |   |- Guid:71876E7D437C662A3FEEA1B6570BAC25 BaseClass:/Game/Blueprints/Actors/BP_Window.BP_Window_C NativeClass:/Script/Engine.Actor Name:BP_Window_C_UAID_9C7BEF28E54FDCB801_1826221202 Label:BP_Window6 SpatiallyLoaded:1 Bounds:IsValid=true, Min=(X=-19.531 Y=3460.034 Z=103.505), Max=(X=264.133 Y=3741.966 Z=310.495) RuntimeGrid:None EditorOnly:0 RuntimeOnly:0 HLODRelevant:0 ListedInSceneOutliner:1 IsMainWorldOnly:0
 |   |   |- Guid:820FE5F84F833626DA8DA79CFA4227B6 BaseClass: NativeClass:/Script/Engine.StaticMeshActor Name:StaticMeshActor_UAID_9C7BEF28E54FDBB801_1629320010 Label:SM_Cube4 SpatiallyLoaded:1 Bounds:IsValid=true, Min=(X=1400.000 Y=5680.000 Z=0.000), Max=(X=2800.000 Y=5700.000 Z=450.000) RuntimeGrid:None EditorOnly:0 RuntimeOnly:0 HLODRelevant:1 ListedInSceneOutliner:1 IsMainWorldOnly:0 FolderPath:Playground FolderGuid:C73F09FC4215536B1DCE2A9E0A830C70
 |   |   |- Guid:82339A5C41272E2C752A09ABF0C2922E BaseClass: NativeClass:/Script/Engine.StaticMeshActor Name:StaticMeshActor_UAID_9C7BEF28E54FDBB801_1515747008 Label:SM_Cube8 SpatiallyLoaded:1 Bounds:IsValid=true, Min=(X=4790.000 Y=2900.000 Z=0.000), Max=(X=4810.000 Y=4300.001 Z=450.000) RuntimeGrid:None EditorOnly:0 RuntimeOnly:0 HLODRelevant:1 ListedInSceneOutliner:1 IsMainWorldOnly:0 FolderPath:Playground FolderGuid:C73F09FC4215536B1DCE2A9E0A830C70
 |   |   |- Guid:8722762741A015033D529C807B722EED BaseClass:/Game/Blueprints/Actors/BP_Window.BP_Window_C NativeClass:/Script/Engine.Actor Name:BP_Window_C_UAID_9C7BEF28E54FDCB801_1826222203 Label:BP_Window7 SpatiallyLoaded:1 Bounds:IsValid=true, Min=(X=-19.531 Y=2060.034 Z=103.505), Max=(X=264.133 Y=2341.966 Z=310.495) RuntimeGrid:None EditorOnly:0 RuntimeOnly:0 HLODRelevant:0 ListedInSceneOutliner:1 IsMainWorldOnly:0
 |   |   |- Guid:89A70D994A6695A21660B289B783138E BaseClass: NativeClass:/Script/Engine.StaticMeshActor Name:StaticMeshActor_UAID_9C7BEF28E54FB0BA01_2039353552 Label:SM_Cube19 SpatiallyLoaded:1 Bounds:IsValid=true, Min=(X=2800.000 Y=10.000 Z=0.000), Max=(X=2820.000 Y=1410.000 Z=450.000) RuntimeGrid:None EditorOnly:0 RuntimeOnly:0 HLODRelevant:1 ListedInSceneOutliner:1 IsMainWorldOnly:0 FolderPath:Playground FolderGuid:C73F09FC4215536B1DCE2A9E0A830C70
 |   |   |- Guid:90CA26284EE470A0E9A102A9AF853DCB BaseClass: NativeClass:/Script/Engine.StaticMeshActor Name:StaticMeshActor_UAID_9C7BEF28E54FDBB801_1719452015 Label:SM_Cube14 SpatiallyLoaded:1 Bounds:IsValid=true, Min=(X=-20.000 Y=2900.000 Z=0.000), Max=(X=-0.000 Y=4300.001 Z=450.000) RuntimeGrid:None EditorOnly:0 RuntimeOnly:0 HLODRelevant:1 ListedInSceneOutliner:1 IsMainWorldOnly:0 FolderPath:Playground FolderGuid:C73F09FC4215536B1DCE2A9E0A830C70
 |   |   |- Guid:9B7C680B4EC8ED6AC9A4FABFC4938ABC BaseClass: NativeClass:/Script/NavigationSystem.NavMeshBoundsVolume Name:NavMeshBoundsVolume_UAID_9C7BEF28E54FB1BA01_1597408734 Label:NavMeshBoundsVolume SpatiallyLoaded:0 Bounds:IsValid=true, Min=(X=-50.000 Y=-177.500 Z=-22.120), Max=(X=4990.000 Y=5937.500 Z=522.120) RuntimeGrid:None EditorOnly:0 RuntimeOnly:0 HLODRelevant:0 ListedInSceneOutliner:1 IsMainWorldOnly:0
 |   |   |- Guid:9DE0C0EF43ACC675E83E3D90A5881623 BaseClass: NativeClass:/Script/Engine.StaticMeshActor Name:StaticMeshActor_UAID_9C7BEF28E54FB0BA01_2086628554 Label:SM_Cube21 SpatiallyLoaded:1 Bounds:IsValid=true, Min=(X=2820.000 Y=2790.000 Z=0.000), Max=(X=4220.000 Y=2810.000 Z=450.000) RuntimeGrid:None EditorOnly:0 RuntimeOnly:0 HLODRelevant:1 ListedInSceneOutliner:1 IsMainWorldOnly:0 FolderPath:Playground FolderGuid:C73F09FC4215536B1DCE2A9E0A830C70
 |   |   |- Guid:A6B156E84CF7BFA2CBA690AC9ADEF57C BaseClass: NativeClass:/Script/Engine.StaticMeshActor Name:StaticMeshActor_UAID_9C7BEF28E54FDBB801_1824184019 Label:SM_Cube17 SpatiallyLoaded:1 Bounds:IsValid=true, Min=(X=2810.000 Y=-10.000 Z=0.000), Max=(X=4210.000 Y=10.000 Z=450.000) RuntimeGrid:None EditorOnly:0 RuntimeOnly:0 HLODRelevant:1 ListedInSceneOutliner:1 IsMainWorldOnly:0 FolderPath:Playground FolderGuid:C73F09FC4215536B1DCE2A9E0A830C70
 |   |   |- Guid:B123281941BFE8B646339CA34D6F4D1E BaseClass:/Game/Blueprints/Actors/BP_Window.BP_Window_C NativeClass:/Script/Engine.Actor Name:BP_Window_C_UAID_9C7BEF28E54FDCB801_1826219201 Label:BP_Window5 SpatiallyLoaded:1 Bounds:IsValid=true, Min=(X=-19.531 Y=4847.434 Z=103.505), Max=(X=264.133 Y=5146.566 Z=310.495) RuntimeGrid:None EditorOnly:0 RuntimeOnly:0 HLODRelevant:0 ListedInSceneOutliner:1 IsMainWorldOnly:0
 |   |   |- Guid:B20AFF0D45D354E5175220891DE70E76 BaseClass: NativeClass:/Script/Engine.StaticMeshActor Name:StaticMeshActor_UAID_9C7BEF28E54FDBB801_1515748009 Label:SM_Cube9 SpatiallyLoaded:1 Bounds:IsValid=true, Min=(X=4790.000 Y=4300.000 Z=0.000), Max=(X=4810.000 Y=5700.001 Z=450.000) RuntimeGrid:None EditorOnly:0 RuntimeOnly:0 HLODRelevant:1 ListedInSceneOutliner:1 IsMainWorldOnly:0 FolderPath:Playground FolderGuid:C73F09FC4215536B1DCE2A9E0A830C70
 |   |   |- Guid:B785ED2844B84CFB91E7F39FE661CD99 BaseClass: NativeClass:/Script/Engine.DirectionalLight Name:DirectionalLight_0 Label:DirectionalLight SpatiallyLoaded:0 Bounds:IsValid=true, Min=(X=-1048576.000 Y=-1048576.000 Z=-1048576.000), Max=(X=1048576.000 Y=1048576.000 Z=1048576.000) RuntimeGrid:None EditorOnly:0 RuntimeOnly:0 HLODRelevant:0 ListedInSceneOutliner:1 IsMainWorldOnly:0 FolderPath:Lighting FolderGuid:963EC3EB4002CCE9759E2EBA541A873A
 |   |   |- Guid:BC26120F42EFE4EFBDBE1DAEAD3FE817 BaseClass: NativeClass:/Script/Engine.StaticMeshActor Name:StaticMeshActor_UAID_9C7BEF28E54FDBB801_1481718007 Label:SM_Cube7 SpatiallyLoaded:1 Bounds:IsValid=true, Min=(X=4790.000 Y=1500.000 Z=0.000), Max=(X=4810.000 Y=2900.001 Z=450.000) RuntimeGrid:None EditorOnly:0 RuntimeOnly:0 HLODRelevant:1 ListedInSceneOutliner:1 IsMainWorldOnly:0 FolderPath:Playground FolderGuid:C73F09FC4215536B1DCE2A9E0A830C70
 |   |   |- Guid:BF2490EF48917B7C288E58B75378210D BaseClass: NativeClass:/Script/Engine.StaticMeshActor Name:StaticMeshActor_UAID_9C7BEF28E54FDBB801_1824182017 Label:SM_Cube5 SpatiallyLoaded:1 Bounds:IsValid=true, Min=(X=-20.000 Y=-10.000 Z=0.000), Max=(X=1409.000 Y=10.000 Z=450.000) RuntimeGrid:None EditorOnly:0 RuntimeOnly:0 HLODRelevant:1 ListedInSceneOutliner:1 IsMainWorldOnly:0 FolderPath:Playground FolderGuid:C73F09FC4215536B1DCE2A9E0A830C70
 |   |   |- Guid:C7BE6A024F27ED32E215549318014E18 BaseClass: NativeClass:/Script/NavigationSystem.RecastNavMesh Name:RecastNavMesh_UAID_9C7BEF28E54FB1BA01-Default Label:RecastNavMesh-Default SpatiallyLoaded:0 Bounds:IsValid=true, Min=(X=0.000 Y=0.000 Z=0.000), Max=(X=0.000 Y=0.000 Z=0.000) RuntimeGrid:None EditorOnly:0 RuntimeOnly:0 HLODRelevant:0 ListedInSceneOutliner:1 IsMainWorldOnly:0
 |   |   |- Guid:CCFF262C46EEFFDF319E7F9539CE697E BaseClass: NativeClass:/Script/Engine.SkyAtmosphere Name:SkyAtmosphere_0 Label:SkyAtmosphere SpatiallyLoaded:0 Bounds:IsValid=true, Min=(X=0.000 Y=0.000 Z=1020.000), Max=(X=0.000 Y=0.000 Z=1020.000) RuntimeGrid:None EditorOnly:0 RuntimeOnly:0 HLODRelevant:0 ListedInSceneOutliner:1 IsMainWorldOnly:0 FolderPath:Lighting FolderGuid:963EC3EB4002CCE9759E2EBA541A873A
 |   |   |- Guid:CE49A06645B798B84B41D0BF8DE8CEB4 BaseClass:/Game/Blueprints/Actors/BP_Window.BP_Window_C NativeClass:/Script/Engine.Actor Name:BP_Window_C_UAID_9C7BEF28E54FDCB801_1826224204 Label:BP_Window8 SpatiallyLoaded:1 Bounds:IsValid=true, Min=(X=-19.532 Y=595.817 Z=103.505), Max=(X=-0.468 Y=900.183 Z=310.495) RuntimeGrid:None EditorOnly:0 RuntimeOnly:0 HLODRelevant:0 ListedInSceneOutliner:1 IsMainWorldOnly:0
 |   |   |- Guid:EC4E0C944CE6AC6E784BC6BB2916EA13 BaseClass: NativeClass:/Script/Engine.StaticMeshActor Name:StaticMeshActor_UAID_A4AE111137DC5EFB00_1110535423 Label:SM_SkySphere SpatiallyLoaded:0 Bounds:IsValid=true, Min=(X=-1638400.000 Y=-1638400.000 Z=-1638400.000), Max=(X=1638400.000 Y=1638400.000 Z=1638400.000) RuntimeGrid:None EditorOnly:0 RuntimeOnly:0 HLODRelevant:1 ListedInSceneOutliner:1 IsMainWorldOnly:0 FolderPath:Lighting FolderGuid:963EC3EB4002CCE9759E2EBA541A873A
 |   |   |- Guid:F1924B8D48954B30891B2DB6A694F9CC BaseClass: NativeClass:/Script/Engine.StaticMeshActor Name:StaticMeshActor_1 Label:SM_Cube SpatiallyLoaded:1 Bounds:IsValid=true, Min=(X=0.000 Y=0.000 Z=-50.000), Max=(X=4800.000 Y=5700.000 Z=0.000) RuntimeGrid:None EditorOnly:0 RuntimeOnly:0 HLODRelevant:1 ListedInSceneOutliner:1 IsMainWorldOnly:0 FolderPath:Playground FolderGuid:C73F09FC4215536B1DCE2A9E0A830C70
 |   |   |- Guid:F485A8B84A2C76479D60D7A5A1BC1099 BaseClass: NativeClass:/Script/Engine.StaticMeshActor Name:StaticMeshActor_UAID_9C7BEF28E54FDBB801_1719453016 Label:SM_Cube15 SpatiallyLoaded:1 Bounds:IsValid=true, Min=(X=-20.000 Y=4300.000 Z=0.000), Max=(X=-0.000 Y=5700.001 Z=450.000) RuntimeGrid:None EditorOnly:0 RuntimeOnly:0 HLODRelevant:1 ListedInSceneOutliner:1 IsMainWorldOnly:0 FolderPath:Playground FolderGuid:C73F09FC4215536B1DCE2A9E0A830C70
 |   |   |- Guid:F5E3FEB3450C49844FD93DA8E083C8AD BaseClass: NativeClass:/Script/Engine.PostProcessVolume Name:PostProcessVolume_0 Label:PostProcessVolume SpatiallyLoaded:0 Bounds:IsValid=true, Min=(X=0.000 Y=0.000 Z=400.000), Max=(X=200.000 Y=200.000 Z=600.000) RuntimeGrid:None EditorOnly:0 RuntimeOnly:0 HLODRelevant:0 ListedInSceneOutliner:1 IsMainWorldOnly:0 FolderPath:Lighting FolderGuid:963EC3EB4002CCE9759E2EBA541A873A
 |   |   |- Guid:F6B167934ADACB9BD64F03B55538CD95 BaseClass:/Game/Blueprints/Actors/BP_EndLevel.BP_EndLevel_C NativeClass:/Script/Engine.Actor Name:BP_EndLevel_C_UAID_9C7BEF28E54FB1BA01_1272816732 Label:BP_EndLevel SpatiallyLoaded:1 Bounds:IsValid=true, Min=(X=4395.000 Y=5651.000 Z=-10.990), Max=(X=4590.000 Y=5715.000 Z=324.990) RuntimeGrid:None EditorOnly:0 RuntimeOnly:0 HLODRelevant:0 ListedInSceneOutliner:1 IsMainWorldOnly:0
 |   |   |- Guid:FA71A5D14CD99E13309E44B2A316F40D BaseClass:/Game/Blueprints/Actors/BP_Window.BP_Window_C NativeClass:/Script/Engine.Actor Name:BP_Window_C_UAID_9C7BEF28E54FDCB801_1694703200 Label:BP_Window4 SpatiallyLoaded:1 Bounds:IsValid=true, Min=(X=4525.868 Y=4860.034 Z=103.505), Max=(X=4809.532 Y=5141.966 Z=310.495) RuntimeGrid:None EditorOnly:0 RuntimeOnly:0 HLODRelevant:0 ListedInSceneOutliner:1 IsMainWorldOnly:0
 |   |   |- Guid:FF698C67459ADB4982D7759C0905EE9F BaseClass: NativeClass:/Script/Engine.StaticMeshActor Name:StaticMeshActor_6 Label:SM_Cube3 SpatiallyLoaded:1 Bounds:IsValid=true, Min=(X=0.000 Y=5680.000 Z=0.000), Max=(X=1400.000 Y=5700.000 Z=450.000) RuntimeGrid:None EditorOnly:0 RuntimeOnly:0 HLODRelevant:1 ListedInSceneOutliner:1 IsMainWorldOnly:0 FolderPath:Playground FolderGuid:C73F09FC4215536B1DCE2A9E0A830C70
 |   |- [+] Clusters:
 |   |   |- [+] [  0]
 |   |   |   |- Guid:0A05A7D9488652042ACB89956D2AAA2A BaseClass: NativeClass:/Script/Engine.StaticMeshActor Name:StaticMeshActor_UAID_9C7BEF28E54FDBB801_1643364012 Label:SM_Cube11 SpatiallyLoaded:1 Bounds:IsValid=true, Min=(X=4200.000 Y=5680.000 Z=0.000), Max=(X=4800.000 Y=5700.000 Z=450.000) RuntimeGrid:None EditorOnly:0 RuntimeOnly:0 HLODRelevant:1 ListedInSceneOutliner:1 IsMainWorldOnly:0 FolderPath:Playground FolderGuid:C73F09FC4215536B1DCE2A9E0A830C70
 |   |   |- [+] [  1]
 |   |   |   |- Guid:0B4ADEAE45178125410CA2AF607F49D7 BaseClass: NativeClass:/Script/Engine.StaticMeshActor Name:StaticMeshActor_UAID_9C7BEF28E54FDBB801_1719450014 Label:SM_Cube13 SpatiallyLoaded:1 Bounds:IsValid=true, Min=(X=-20.000 Y=1500.000 Z=0.000), Max=(X=-0.000 Y=2900.001 Z=450.000) RuntimeGrid:None EditorOnly:0 RuntimeOnly:0 HLODRelevant:1 ListedInSceneOutliner:1 IsMainWorldOnly:0 FolderPath:Playground FolderGuid:C73F09FC4215536B1DCE2A9E0A830C70
 |   |   |- [+] [  2]
 |   |   |   |- Guid:0B656FAD44AA939B40B94B8446C27C8F BaseClass:/Game/Blueprints/Actors/BP_WaterPack.BP_WaterPack_C NativeClass:/Script/Engine.Actor Name:BP_WaterPack_C_UAID_9C7BEF28E54F96B801_1103478866 Label:BP_WaterPack SpatiallyLoaded:1 Bounds:IsValid=true, Min=(X=1459.000 Y=1349.000 Z=39.000), Max=(X=1561.000 Y=1451.000 Z=141.000) RuntimeGrid:None EditorOnly:0 RuntimeOnly:0 HLODRelevant:0 ListedInSceneOutliner:1 IsMainWorldOnly:0
 |   |   |- [+] [  3]
 |   |   |   |- Guid:2FB58999456391D349DC0F86DAC136ED BaseClass: NativeClass:/Script/Engine.SkyLight Name:SkyLight_1 Label:SkyLight SpatiallyLoaded:0 Bounds:IsValid=true, Min=(X=0.000 Y=0.000 Z=690.000), Max=(X=0.000 Y=0.000 Z=690.000) RuntimeGrid:None EditorOnly:0 RuntimeOnly:0 HLODRelevant:0 ListedInSceneOutliner:1 IsMainWorldOnly:0 FolderPath:Lighting FolderGuid:963EC3EB4002CCE9759E2EBA541A873A
 |   |   |- [+] [  4]
 |   |   |   |- Guid:316CF2A6494ACA4C0E4180A87D36AB8F BaseClass: NativeClass:/Script/Engine.ExponentialHeightFog Name:ExponentialHeightFog_0 Label:ExponentialHeightFog SpatiallyLoaded:0 Bounds:IsValid=true, Min=(X=-5600.000 Y=-50.000 Z=-6850.000), Max=(X=-5600.000 Y=-50.000 Z=-6850.000) RuntimeGrid:None EditorOnly:0 RuntimeOnly:0 HLODRelevant:0 ListedInSceneOutliner:1 IsMainWorldOnly:0 FolderPath:Lighting FolderGuid:963EC3EB4002CCE9759E2EBA541A873A
 |   |   |- [+] [  5]
 |   |   |   |- Guid:3A00AA1C422CE54C0BDB60BAF471BFBB BaseClass: NativeClass:/Script/Engine.PlayerStart Name:PlayerStart_0 Label:PlayerStart SpatiallyLoaded:0 Bounds:IsValid=true, Min=(X=860.000 Y=1070.000 Z=0.013), Max=(X=940.000 Y=1150.000 Z=184.013) RuntimeGrid:None EditorOnly:0 RuntimeOnly:0 HLODRelevant:0 ListedInSceneOutliner:1 IsMainWorldOnly:0
 |   |   |- [+] [  6]
 |   |   |   |- Guid:3C0060224A2B20D6F118D18955FF9DDA BaseClass:/Game/Blueprints/Actors/BP_Window.BP_Window_C NativeClass:/Script/Engine.Actor Name:BP_Window_C_UAID_9C7BEF28E54FDCB801_1537162197 Label:BP_Window2 SpatiallyLoaded:1 Bounds:IsValid=true, Min=(X=4525.868 Y=2060.034 Z=103.505), Max=(X=4809.532 Y=2341.966 Z=310.495) RuntimeGrid:None EditorOnly:0 RuntimeOnly:0 HLODRelevant:0 ListedInSceneOutliner:1 IsMainWorldOnly:0
 |   |   |- [+] [  7]
 |   |   |   |- Guid:3E041E2F4C62529D9205AA911F8998AB BaseClass: NativeClass:/Script/Engine.StaticMeshActor Name:StaticMeshActor_UAID_9C7BEF28E54FB2BA01_2082924913 Label:Cube SpatiallyLoaded:1 Bounds:IsValid=true, Min=(X=1060.000 Y=7.500 Z=-2.500), Max=(X=1960.000 Y=432.500 Z=22.500) RuntimeGrid:None EditorOnly:0 RuntimeOnly:0 HLODRelevant:1 ListedInSceneOutliner:1 IsMainWorldOnly:0
 |   |   |- [+] [  8]
 |   |   |   |- Guid:4038153A462BA121FD688CB7201B5C11 BaseClass: NativeClass:/Script/Engine.StaticMeshActor Name:StaticMeshActor_UAID_9C7BEF28E54FDBB801_1824183018 Label:SM_Cube16 SpatiallyLoaded:1 Bounds:IsValid=true, Min=(X=1410.000 Y=-10.000 Z=0.000), Max=(X=2810.000 Y=10.000 Z=450.000) RuntimeGrid:None EditorOnly:0 RuntimeOnly:0 HLODRelevant:1 ListedInSceneOutliner:1 IsMainWorldOnly:0 FolderPath:Playground FolderGuid:C73F09FC4215536B1DCE2A9E0A830C70
 |   |   |- [+] [  9]
 |   |   |   |- Guid:43815E84492231AFC407F59E3C28176B BaseClass: NativeClass:/Script/Engine.StaticMeshActor Name:StaticMeshActor_4 Label:SM_Cube6 SpatiallyLoaded:1 Bounds:IsValid=true, Min=(X=4790.000 Y=-10.000 Z=0.000), Max=(X=4810.000 Y=1502.001 Z=450.000) RuntimeGrid:None EditorOnly:0 RuntimeOnly:0 HLODRelevant:1 ListedInSceneOutliner:1 IsMainWorldOnly:0 FolderPath:Playground FolderGuid:C73F09FC4215536B1DCE2A9E0A830C70
 |   |   |- [+] [ 10]
 |   |   |   |- Guid:4D3BE93F4146AAAC8BBE79999D96D57F BaseClass: NativeClass:/Script/Engine.VolumetricCloud Name:VolumetricCloud_0 Label:VolumetricCloud SpatiallyLoaded:0 Bounds:IsValid=true, Min=(X=0.000 Y=0.000 Z=820.000), Max=(X=0.000 Y=0.000 Z=820.000) RuntimeGrid:None EditorOnly:0 RuntimeOnly:0 HLODRelevant:0 ListedInSceneOutliner:1 IsMainWorldOnly:0 FolderPath:Lighting FolderGuid:963EC3EB4002CCE9759E2EBA541A873A
 |   |   |- [+] [ 11]
 |   |   |   |- Guid:5239DE8743BBF811F5B0BBB1BFB19890 BaseClass:/Game/Blueprints/Actors/BP_Window.BP_Window_C NativeClass:/Script/Engine.Actor Name:BP_Window_C_UAID_9C7BEF28E54F83B801_1978469520 Label:BP_Window SpatiallyLoaded:1 Bounds:IsValid=true, Min=(X=4525.868 Y=595.434 Z=103.505), Max=(X=4809.532 Y=894.566 Z=310.495) RuntimeGrid:None EditorOnly:0 RuntimeOnly:0 HLODRelevant:0 ListedInSceneOutliner:1 IsMainWorldOnly:0
 |   |   |- [+] [ 12]
 |   |   |   |- Guid:54C9DC6E49AC7F00DF5D19B554A5F16D BaseClass: NativeClass:/Script/Engine.StaticMeshActor Name:StaticMeshActor_UAID_9C7BEF28E54FB0BA01_2116909555 Label:SM_Cube22 SpatiallyLoaded:1 Bounds:IsValid=true, Min=(X=4220.000 Y=2790.000 Z=0.000), Max=(X=4790.000 Y=2810.000 Z=450.000) RuntimeGrid:None EditorOnly:0 RuntimeOnly:0 HLODRelevant:1 ListedInSceneOutliner:1 IsMainWorldOnly:0 FolderPath:Playground FolderGuid:C73F09FC4215536B1DCE2A9E0A830C70
 |   |   |- [+] [ 13]
 |   |   |   |- Guid:58E03D064126C511BFC64FBCBA44A6C3 BaseClass:/Game/Blueprints/Actors/BP_Window.BP_Window_C NativeClass:/Script/Engine.Actor Name:BP_Window_C_UAID_9C7BEF28E54FDCB801_1671421199 Label:BP_Window3 SpatiallyLoaded:1 Bounds:IsValid=true, Min=(X=4525.868 Y=3460.034 Z=103.505), Max=(X=4809.532 Y=3741.966 Z=310.495) RuntimeGrid:None EditorOnly:0 RuntimeOnly:0 HLODRelevant:0 ListedInSceneOutliner:1 IsMainWorldOnly:0
 |   |   |- [+] [ 14]
 |   |   |   |- Guid:5C8AAE22452CAE1B991F21B12993CD7B BaseClass: NativeClass:/Script/Engine.StaticMeshActor Name:StaticMeshActor_UAID_9C7BEF28E54FDBB801_1643362011 Label:SM_Cube10 SpatiallyLoaded:1 Bounds:IsValid=true, Min=(X=2800.000 Y=5680.000 Z=0.000), Max=(X=4200.000 Y=5700.000 Z=450.000) RuntimeGrid:None EditorOnly:0 RuntimeOnly:0 HLODRelevant:1 ListedInSceneOutliner:1 IsMainWorldOnly:0 FolderPath:Playground FolderGuid:C73F09FC4215536B1DCE2A9E0A830C70
 |   |   |- [+] [ 15]
 |   |   |   |- Guid:604161A54AFA68C078FCD7870D3E66BF BaseClass: NativeClass:/Script/Engine.StaticMeshActor Name:StaticMeshActor_UAID_9C7BEF28E54FDBB801_1942248020 Label:SM_Cube18 SpatiallyLoaded:1 Bounds:IsValid=true, Min=(X=4210.000 Y=-10.000 Z=0.000), Max=(X=4810.000 Y=10.000 Z=450.000) RuntimeGrid:None EditorOnly:0 RuntimeOnly:0 HLODRelevant:1 ListedInSceneOutliner:1 IsMainWorldOnly:0 FolderPath:Playground FolderGuid:C73F09FC4215536B1DCE2A9E0A830C70
 |   |   |- [+] [ 16]
 |   |   |   |- Guid:616337274AD8AD222AEDDC8254704549 BaseClass: NativeClass:/Script/Engine.StaticMeshActor Name:StaticMeshActor_UAID_9C7BEF28E54FB0BA01_2065072553 Label:SM_Cube20 SpatiallyLoaded:1 Bounds:IsValid=true, Min=(X=2800.000 Y=1410.000 Z=0.000), Max=(X=2820.000 Y=2810.000 Z=450.000) RuntimeGrid:None EditorOnly:0 RuntimeOnly:0 HLODRelevant:1 ListedInSceneOutliner:1 IsMainWorldOnly:0 FolderPath:Playground FolderGuid:C73F09FC4215536B1DCE2A9E0A830C70
 |   |   |- [+] [ 17]
 |   |   |   |- Guid:625732824EC2BD9D09DFA599D57A7F99 BaseClass: NativeClass:/Script/Engine.StaticMeshActor Name:StaticMeshActor_UAID_9C7BEF28E54FDBB801_1719447013 Label:SM_Cube12 SpatiallyLoaded:1 Bounds:IsValid=true, Min=(X=-20.000 Y=-10.000 Z=0.000), Max=(X=-0.000 Y=1503.001 Z=450.000) RuntimeGrid:None EditorOnly:0 RuntimeOnly:0 HLODRelevant:1 ListedInSceneOutliner:1 IsMainWorldOnly:0 FolderPath:Playground FolderGuid:C73F09FC4215536B1DCE2A9E0A830C70
 |   |   |- [+] [ 18]
 |   |   |   |- Guid:6BAF4DDD444C60371492D3919DB42C97 BaseClass: NativeClass:/Script/Engine.WorldDataLayers Name:WorldDataLayers Label:WorldDataLayers SpatiallyLoaded:0 Bounds:IsValid=true, Min=(X=0.000 Y=0.000 Z=0.000), Max=(X=0.000 Y=0.000 Z=0.000) RuntimeGrid:None EditorOnly:0 RuntimeOnly:0 HLODRelevant:0 ListedInSceneOutliner:1 IsMainWorldOnly:1
 |   |   |- [+] [ 19]
 |   |   |   |- Guid:71876E7D437C662A3FEEA1B6570BAC25 BaseClass:/Game/Blueprints/Actors/BP_Window.BP_Window_C NativeClass:/Script/Engine.Actor Name:BP_Window_C_UAID_9C7BEF28E54FDCB801_1826221202 Label:BP_Window6 SpatiallyLoaded:1 Bounds:IsValid=true, Min=(X=-19.531 Y=3460.034 Z=103.505), Max=(X=264.133 Y=3741.966 Z=310.495) RuntimeGrid:None EditorOnly:0 RuntimeOnly:0 HLODRelevant:0 ListedInSceneOutliner:1 IsMainWorldOnly:0
 |   |   |- [+] [ 20]
 |   |   |   |- Guid:820FE5F84F833626DA8DA79CFA4227B6 BaseClass: NativeClass:/Script/Engine.StaticMeshActor Name:StaticMeshActor_UAID_9C7BEF28E54FDBB801_1629320010 Label:SM_Cube4 SpatiallyLoaded:1 Bounds:IsValid=true, Min=(X=1400.000 Y=5680.000 Z=0.000), Max=(X=2800.000 Y=5700.000 Z=450.000) RuntimeGrid:None EditorOnly:0 RuntimeOnly:0 HLODRelevant:1 ListedInSceneOutliner:1 IsMainWorldOnly:0 FolderPath:Playground FolderGuid:C73F09FC4215536B1DCE2A9E0A830C70
 |   |   |- [+] [ 21]
 |   |   |   |- Guid:82339A5C41272E2C752A09ABF0C2922E BaseClass: NativeClass:/Script/Engine.StaticMeshActor Name:StaticMeshActor_UAID_9C7BEF28E54FDBB801_1515747008 Label:SM_Cube8 SpatiallyLoaded:1 Bounds:IsValid=true, Min=(X=4790.000 Y=2900.000 Z=0.000), Max=(X=4810.000 Y=4300.001 Z=450.000) RuntimeGrid:None EditorOnly:0 RuntimeOnly:0 HLODRelevant:1 ListedInSceneOutliner:1 IsMainWorldOnly:0 FolderPath:Playground FolderGuid:C73F09FC4215536B1DCE2A9E0A830C70
 |   |   |- [+] [ 22]
 |   |   |   |- Guid:8722762741A015033D529C807B722EED BaseClass:/Game/Blueprints/Actors/BP_Window.BP_Window_C NativeClass:/Script/Engine.Actor Name:BP_Window_C_UAID_9C7BEF28E54FDCB801_1826222203 Label:BP_Window7 SpatiallyLoaded:1 Bounds:IsValid=true, Min=(X=-19.531 Y=2060.034 Z=103.505), Max=(X=264.133 Y=2341.966 Z=310.495) RuntimeGrid:None EditorOnly:0 RuntimeOnly:0 HLODRelevant:0 ListedInSceneOutliner:1 IsMainWorldOnly:0
 |   |   |- [+] [ 23]
 |   |   |   |- Guid:89A70D994A6695A21660B289B783138E BaseClass: NativeClass:/Script/Engine.StaticMeshActor Name:StaticMeshActor_UAID_9C7BEF28E54FB0BA01_2039353552 Label:SM_Cube19 SpatiallyLoaded:1 Bounds:IsValid=true, Min=(X=2800.000 Y=10.000 Z=0.000), Max=(X=2820.000 Y=1410.000 Z=450.000) RuntimeGrid:None EditorOnly:0 RuntimeOnly:0 HLODRelevant:1 ListedInSceneOutliner:1 IsMainWorldOnly:0 FolderPath:Playground FolderGuid:C73F09FC4215536B1DCE2A9E0A830C70
 |   |   |- [+] [ 24]
 |   |   |   |- Guid:90CA26284EE470A0E9A102A9AF853DCB BaseClass: NativeClass:/Script/Engine.StaticMeshActor Name:StaticMeshActor_UAID_9C7BEF28E54FDBB801_1719452015 Label:SM_Cube14 SpatiallyLoaded:1 Bounds:IsValid=true, Min=(X=-20.000 Y=2900.000 Z=0.000), Max=(X=-0.000 Y=4300.001 Z=450.000) RuntimeGrid:None EditorOnly:0 RuntimeOnly:0 HLODRelevant:1 ListedInSceneOutliner:1 IsMainWorldOnly:0 FolderPath:Playground FolderGuid:C73F09FC4215536B1DCE2A9E0A830C70
 |   |   |- [+] [ 25]
 |   |   |   |- Guid:9B7C680B4EC8ED6AC9A4FABFC4938ABC BaseClass: NativeClass:/Script/NavigationSystem.NavMeshBoundsVolume Name:NavMeshBoundsVolume_UAID_9C7BEF28E54FB1BA01_1597408734 Label:NavMeshBoundsVolume SpatiallyLoaded:0 Bounds:IsValid=true, Min=(X=-50.000 Y=-177.500 Z=-22.120), Max=(X=4990.000 Y=5937.500 Z=522.120) RuntimeGrid:None EditorOnly:0 RuntimeOnly:0 HLODRelevant:0 ListedInSceneOutliner:1 IsMainWorldOnly:0
 |   |   |- [+] [ 26]
 |   |   |   |- Guid:9DE0C0EF43ACC675E83E3D90A5881623 BaseClass: NativeClass:/Script/Engine.StaticMeshActor Name:StaticMeshActor_UAID_9C7BEF28E54FB0BA01_2086628554 Label:SM_Cube21 SpatiallyLoaded:1 Bounds:IsValid=true, Min=(X=2820.000 Y=2790.000 Z=0.000), Max=(X=4220.000 Y=2810.000 Z=450.000) RuntimeGrid:None EditorOnly:0 RuntimeOnly:0 HLODRelevant:1 ListedInSceneOutliner:1 IsMainWorldOnly:0 FolderPath:Playground FolderGuid:C73F09FC4215536B1DCE2A9E0A830C70
 |   |   |- [+] [ 27]
 |   |   |   |- Guid:A6B156E84CF7BFA2CBA690AC9ADEF57C BaseClass: NativeClass:/Script/Engine.StaticMeshActor Name:StaticMeshActor_UAID_9C7BEF28E54FDBB801_1824184019 Label:SM_Cube17 SpatiallyLoaded:1 Bounds:IsValid=true, Min=(X=2810.000 Y=-10.000 Z=0.000), Max=(X=4210.000 Y=10.000 Z=450.000) RuntimeGrid:None EditorOnly:0 RuntimeOnly:0 HLODRelevant:1 ListedInSceneOutliner:1 IsMainWorldOnly:0 FolderPath:Playground FolderGuid:C73F09FC4215536B1DCE2A9E0A830C70
 |   |   |- [+] [ 28]
 |   |   |   |- Guid:B123281941BFE8B646339CA34D6F4D1E BaseClass:/Game/Blueprints/Actors/BP_Window.BP_Window_C NativeClass:/Script/Engine.Actor Name:BP_Window_C_UAID_9C7BEF28E54FDCB801_1826219201 Label:BP_Window5 SpatiallyLoaded:1 Bounds:IsValid=true, Min=(X=-19.531 Y=4847.434 Z=103.505), Max=(X=264.133 Y=5146.566 Z=310.495) RuntimeGrid:None EditorOnly:0 RuntimeOnly:0 HLODRelevant:0 ListedInSceneOutliner:1 IsMainWorldOnly:0
 |   |   |- [+] [ 29]
 |   |   |   |- Guid:B20AFF0D45D354E5175220891DE70E76 BaseClass: NativeClass:/Script/Engine.StaticMeshActor Name:StaticMeshActor_UAID_9C7BEF28E54FDBB801_1515748009 Label:SM_Cube9 SpatiallyLoaded:1 Bounds:IsValid=true, Min=(X=4790.000 Y=4300.000 Z=0.000), Max=(X=4810.000 Y=5700.001 Z=450.000) RuntimeGrid:None EditorOnly:0 RuntimeOnly:0 HLODRelevant:1 ListedInSceneOutliner:1 IsMainWorldOnly:0 FolderPath:Playground FolderGuid:C73F09FC4215536B1DCE2A9E0A830C70
 |   |   |- [+] [ 30]
 |   |   |   |- Guid:B785ED2844B84CFB91E7F39FE661CD99 BaseClass: NativeClass:/Script/Engine.DirectionalLight Name:DirectionalLight_0 Label:DirectionalLight SpatiallyLoaded:0 Bounds:IsValid=true, Min=(X=-1048576.000 Y=-1048576.000 Z=-1048576.000), Max=(X=1048576.000 Y=1048576.000 Z=1048576.000) RuntimeGrid:None EditorOnly:0 RuntimeOnly:0 HLODRelevant:0 ListedInSceneOutliner:1 IsMainWorldOnly:0 FolderPath:Lighting FolderGuid:963EC3EB4002CCE9759E2EBA541A873A
 |   |   |- [+] [ 31]
 |   |   |   |- Guid:BC26120F42EFE4EFBDBE1DAEAD3FE817 BaseClass: NativeClass:/Script/Engine.StaticMeshActor Name:StaticMeshActor_UAID_9C7BEF28E54FDBB801_1481718007 Label:SM_Cube7 SpatiallyLoaded:1 Bounds:IsValid=true, Min=(X=4790.000 Y=1500.000 Z=0.000), Max=(X=4810.000 Y=2900.001 Z=450.000) RuntimeGrid:None EditorOnly:0 RuntimeOnly:0 HLODRelevant:1 ListedInSceneOutliner:1 IsMainWorldOnly:0 FolderPath:Playground FolderGuid:C73F09FC4215536B1DCE2A9E0A830C70
 |   |   |- [+] [ 32]
 |   |   |   |- Guid:BF2490EF48917B7C288E58B75378210D BaseClass: NativeClass:/Script/Engine.StaticMeshActor Name:StaticMeshActor_UAID_9C7BEF28E54FDBB801_1824182017 Label:SM_Cube5 SpatiallyLoaded:1 Bounds:IsValid=true, Min=(X=-20.000 Y=-10.000 Z=0.000), Max=(X=1409.000 Y=10.000 Z=450.000) RuntimeGrid:None EditorOnly:0 RuntimeOnly:0 HLODRelevant:1 ListedInSceneOutliner:1 IsMainWorldOnly:0 FolderPath:Playground FolderGuid:C73F09FC4215536B1DCE2A9E0A830C70
 |   |   |- [+] [ 33]
 |   |   |   |- Guid:C7BE6A024F27ED32E215549318014E18 BaseClass: NativeClass:/Script/NavigationSystem.RecastNavMesh Name:RecastNavMesh_UAID_9C7BEF28E54FB1BA01-Default Label:RecastNavMesh-Default SpatiallyLoaded:0 Bounds:IsValid=true, Min=(X=0.000 Y=0.000 Z=0.000), Max=(X=0.000 Y=0.000 Z=0.000) RuntimeGrid:None EditorOnly:0 RuntimeOnly:0 HLODRelevant:0 ListedInSceneOutliner:1 IsMainWorldOnly:0
 |   |   |- [+] [ 34]
 |   |   |   |- Guid:CCFF262C46EEFFDF319E7F9539CE697E BaseClass: NativeClass:/Script/Engine.SkyAtmosphere Name:SkyAtmosphere_0 Label:SkyAtmosphere SpatiallyLoaded:0 Bounds:IsValid=true, Min=(X=0.000 Y=0.000 Z=1020.000), Max=(X=0.000 Y=0.000 Z=1020.000) RuntimeGrid:None EditorOnly:0 RuntimeOnly:0 HLODRelevant:0 ListedInSceneOutliner:1 IsMainWorldOnly:0 FolderPath:Lighting FolderGuid:963EC3EB4002CCE9759E2EBA541A873A
 |   |   |- [+] [ 35]
 |   |   |   |- Guid:CE49A06645B798B84B41D0BF8DE8CEB4 BaseClass:/Game/Blueprints/Actors/BP_Window.BP_Window_C NativeClass:/Script/Engine.Actor Name:BP_Window_C_UAID_9C7BEF28E54FDCB801_1826224204 Label:BP_Window8 SpatiallyLoaded:1 Bounds:IsValid=true, Min=(X=-19.532 Y=595.817 Z=103.505), Max=(X=-0.468 Y=900.183 Z=310.495) RuntimeGrid:None EditorOnly:0 RuntimeOnly:0 HLODRelevant:0 ListedInSceneOutliner:1 IsMainWorldOnly:0
 |   |   |- [+] [ 36]
 |   |   |   |- Guid:EC4E0C944CE6AC6E784BC6BB2916EA13 BaseClass: NativeClass:/Script/Engine.StaticMeshActor Name:StaticMeshActor_UAID_A4AE111137DC5EFB00_1110535423 Label:SM_SkySphere SpatiallyLoaded:0 Bounds:IsValid=true, Min=(X=-1638400.000 Y=-1638400.000 Z=-1638400.000), Max=(X=1638400.000 Y=1638400.000 Z=1638400.000) RuntimeGrid:None EditorOnly:0 RuntimeOnly:0 HLODRelevant:1 ListedInSceneOutliner:1 IsMainWorldOnly:0 FolderPath:Lighting FolderGuid:963EC3EB4002CCE9759E2EBA541A873A
 |   |   |- [+] [ 37]
 |   |   |   |- Guid:F1924B8D48954B30891B2DB6A694F9CC BaseClass: NativeClass:/Script/Engine.StaticMeshActor Name:StaticMeshActor_1 Label:SM_Cube SpatiallyLoaded:1 Bounds:IsValid=true, Min=(X=0.000 Y=0.000 Z=-50.000), Max=(X=4800.000 Y=5700.000 Z=0.000) RuntimeGrid:None EditorOnly:0 RuntimeOnly:0 HLODRelevant:1 ListedInSceneOutliner:1 IsMainWorldOnly:0 FolderPath:Playground FolderGuid:C73F09FC4215536B1DCE2A9E0A830C70
 |   |   |- [+] [ 38]
 |   |   |   |- Guid:F485A8B84A2C76479D60D7A5A1BC1099 BaseClass: NativeClass:/Script/Engine.StaticMeshActor Name:StaticMeshActor_UAID_9C7BEF28E54FDBB801_1719453016 Label:SM_Cube15 SpatiallyLoaded:1 Bounds:IsValid=true, Min=(X=-20.000 Y=4300.000 Z=0.000), Max=(X=-0.000 Y=5700.001 Z=450.000) RuntimeGrid:None EditorOnly:0 RuntimeOnly:0 HLODRelevant:1 ListedInSceneOutliner:1 IsMainWorldOnly:0 FolderPath:Playground FolderGuid:C73F09FC4215536B1DCE2A9E0A830C70
 |   |   |- [+] [ 39]
 |   |   |   |- Guid:F5E3FEB3450C49844FD93DA8E083C8AD BaseClass: NativeClass:/Script/Engine.PostProcessVolume Name:PostProcessVolume_0 Label:PostProcessVolume SpatiallyLoaded:0 Bounds:IsValid=true, Min=(X=0.000 Y=0.000 Z=400.000), Max=(X=200.000 Y=200.000 Z=600.000) RuntimeGrid:None EditorOnly:0 RuntimeOnly:0 HLODRelevant:0 ListedInSceneOutliner:1 IsMainWorldOnly:0 FolderPath:Lighting FolderGuid:963EC3EB4002CCE9759E2EBA541A873A
 |   |   |- [+] [ 40]
 |   |   |   |- Guid:F6B167934ADACB9BD64F03B55538CD95 BaseClass:/Game/Blueprints/Actors/BP_EndLevel.BP_EndLevel_C NativeClass:/Script/Engine.Actor Name:BP_EndLevel_C_UAID_9C7BEF28E54FB1BA01_1272816732 Label:BP_EndLevel SpatiallyLoaded:1 Bounds:IsValid=true, Min=(X=4395.000 Y=5651.000 Z=-10.990), Max=(X=4590.000 Y=5715.000 Z=324.990) RuntimeGrid:None EditorOnly:0 RuntimeOnly:0 HLODRelevant:0 ListedInSceneOutliner:1 IsMainWorldOnly:0
 |   |   |- [+] [ 41]
 |   |   |   |- Guid:FA71A5D14CD99E13309E44B2A316F40D BaseClass:/Game/Blueprints/Actors/BP_Window.BP_Window_C NativeClass:/Script/Engine.Actor Name:BP_Window_C_UAID_9C7BEF28E54FDCB801_1694703200 Label:BP_Window4 SpatiallyLoaded:1 Bounds:IsValid=true, Min=(X=4525.868 Y=4860.034 Z=103.505), Max=(X=4809.532 Y=5141.966 Z=310.495) RuntimeGrid:None EditorOnly:0 RuntimeOnly:0 HLODRelevant:0 ListedInSceneOutliner:1 IsMainWorldOnly:0
 |   |   |- [+] [ 42]
 |   |   |   |- Guid:FF698C67459ADB4982D7759C0905EE9F BaseClass: NativeClass:/Script/Engine.StaticMeshActor Name:StaticMeshActor_6 Label:SM_Cube3 SpatiallyLoaded:1 Bounds:IsValid=true, Min=(X=0.000 Y=5680.000 Z=0.000), Max=(X=1400.000 Y=5700.000 Z=450.000) RuntimeGrid:None EditorOnly:0 RuntimeOnly:0 HLODRelevant:1 ListedInSceneOutliner:1 IsMainWorldOnly:0 FolderPath:Playground FolderGuid:C73F09FC4215536B1DCE2A9E0A830C70
 |- ContainerInstances:
 |- [+] MainContainer:
 |   |-        ID: 00000000000000000000000000000000
 |   |-  ParentID: 00000000000000000000000000000000
 |   |-    Bounds: IsValid=false, Min=(X=0.000 Y=0.000 Z=0.000), Max=(X=0.000 Y=0.000 Z=0.000)
 |   |- Transform: 0.000000,0.000000,0.000000|0.000000,0.000000,-0.000000|1.000000,1.000000,1.000000
 |   |- Container: /Game/ThirdPerson/Maps/ThirdPersonMap
----------------------------------------------------------------------------------------------------------------
ThirdPersonMap - Persistent Level
----------------------------------------------------------------------------------------------------------------
[+] Content of ThirdPersonMap Persistent Level
 |- Always loaded Actor Count: 50 
 |- Actor Path: /Game/ThirdPerson/Maps/ThirdPersonMap.ThirdPersonMap:PersistentLevel.AbstractNavData-Default
 |- Actor Package: /Game/ThirdPerson/Maps/ThirdPersonMap
 |- Actor Path: /Game/ThirdPerson/Maps/ThirdPersonMap.ThirdPersonMap:PersistentLevel.BP_EndLevel_C_UAID_9C7BEF28E54FB1BA01_1272816732
 |- Actor Package: /Game/__ExternalActors__/ThirdPerson/Maps/ThirdPersonMap/6/MW/OSZJGY5L9EKLAEKNEGM90L
 |- Actor Path: /Game/ThirdPerson/Maps/ThirdPersonMap.ThirdPersonMap:PersistentLevel.BP_WaterPack_C_UAID_9C7BEF28E54F96B801_1103478866
 |- Actor Package: /Game/__ExternalActors__/ThirdPerson/Maps/ThirdPersonMap/4/JT/VW3IO9RH84ZFCE42HQM202
 |- Actor Path: /Game/ThirdPerson/Maps/ThirdPersonMap.ThirdPersonMap:PersistentLevel.BP_Window_C_UAID_9C7BEF28E54F83B801_1978469520
 |- Actor Package: /Game/__ExternalActors__/ThirdPerson/Maps/ThirdPersonMap/8/W6/HQ9G1K0EBV3QKSCQBPCO9C
 |- Actor Path: /Game/ThirdPerson/Maps/ThirdPersonMap.ThirdPersonMap:PersistentLevel.BP_Window_C_UAID_9C7BEF28E54FDCB801_1537162197
 |- Actor Package: /Game/__ExternalActors__/ThirdPerson/Maps/ThirdPersonMap/4/90/0D7L9OHNXTBP55HT9UEY49
 |- Actor Path: /Game/ThirdPerson/Maps/ThirdPersonMap.ThirdPersonMap:PersistentLevel.BP_Window_C_UAID_9C7BEF28E54FDCB801_1671421199
 |- Actor Package: /Game/__ExternalActors__/ThirdPerson/Maps/ThirdPersonMap/A/LK/U0K1236FLSPOS0GMJ9KVRX
 |- Actor Path: /Game/ThirdPerson/Maps/ThirdPersonMap.ThirdPersonMap:PersistentLevel.BP_Window_C_UAID_9C7BEF28E54FDCB801_1694703200
 |- Actor Package: /Game/__ExternalActors__/ThirdPerson/Maps/ThirdPersonMap/4/OV/FMAVFQXUXUW9GPCPXQNJ8F
 |- Actor Path: /Game/ThirdPerson/Maps/ThirdPersonMap.ThirdPersonMap:PersistentLevel.BP_Window_C_UAID_9C7BEF28E54FDCB801_1826219201
 |- Actor Package: /Game/__ExternalActors__/ThirdPerson/Maps/ThirdPersonMap/A/OL/LHIG02B1EN6YT13L9G1M93
 |- Actor Path: /Game/ThirdPerson/Maps/ThirdPersonMap.ThirdPersonMap:PersistentLevel.BP_Window_C_UAID_9C7BEF28E54FDCB801_1826221202
 |- Actor Package: /Game/__ExternalActors__/ThirdPerson/Maps/ThirdPersonMap/E/8O/SRZOXFTOBANHWJUD556EUB
 |- Actor Path: /Game/ThirdPerson/Maps/ThirdPersonMap.ThirdPersonMap:PersistentLevel.BP_Window_C_UAID_9C7BEF28E54FDCB801_1826222203
 |- Actor Package: /Game/__ExternalActors__/ThirdPerson/Maps/ThirdPersonMap/3/EP/ITJCC7DSTGF5WIF7LWWXOR
 |- Actor Path: /Game/ThirdPerson/Maps/ThirdPersonMap.ThirdPersonMap:PersistentLevel.BP_Window_C_UAID_9C7BEF28E54FDCB801_1826224204
 |- Actor Package: /Game/__ExternalActors__/ThirdPerson/Maps/ThirdPersonMap/8/KV/LF4FGUACR3Q3P8KJDBNY56
 |- Actor Path: /Game/ThirdPerson/Maps/ThirdPersonMap.ThirdPersonMap:PersistentLevel.Brush_0
 |- Actor Package: /Game/ThirdPerson/Maps/ThirdPersonMap
 |- Actor Path: /Game/ThirdPerson/Maps/ThirdPersonMap.ThirdPersonMap:PersistentLevel.DefaultPhysicsVolume_0
 |- Actor Package: /Game/ThirdPerson/Maps/ThirdPersonMap
 |- Actor Path: /Game/ThirdPerson/Maps/ThirdPersonMap.ThirdPersonMap:PersistentLevel.DirectionalLight_0
 |- Actor Package: /Game/__ExternalActors__/ThirdPerson/Maps/ThirdPersonMap/5/R1/TS5OQ5CRUWFZYL1ZQ7I416
 |- Actor Path: /Game/ThirdPerson/Maps/ThirdPersonMap.ThirdPersonMap:PersistentLevel.ExponentialHeightFog_0
 |- Actor Package: /Game/__ExternalActors__/ThirdPerson/Maps/ThirdPersonMap/6/J7/N10XDC9G27EMLS5AGZ6AVV
 |- Actor Path: /Game/ThirdPerson/Maps/ThirdPersonMap.ThirdPersonMap:PersistentLevel.GameplayDebuggerPlayerManager_0
 |- Actor Package: /Game/ThirdPerson/Maps/ThirdPersonMap
 |- Actor Path: /Game/ThirdPerson/Maps/ThirdPersonMap.ThirdPersonMap:PersistentLevel.NavMeshBoundsVolume_UAID_9C7BEF28E54FB1BA01_1597408734
 |- Actor Package: /Game/__ExternalActors__/ThirdPerson/Maps/ThirdPersonMap/C/A1/DMZS30E1B01FMRD11M5NRG
 |- Actor Path: /Game/ThirdPerson/Maps/ThirdPersonMap.ThirdPersonMap:PersistentLevel.PlayerStart_0
 |- Actor Package: /Game/__ExternalActors__/ThirdPerson/Maps/ThirdPersonMap/D/DE/SWSI13675DVYIZ0N4NF7Y3
 |- Actor Path: /Game/ThirdPerson/Maps/ThirdPersonMap.ThirdPersonMap:PersistentLevel.PostProcessVolume_0
 |- Actor Package: /Game/__ExternalActors__/ThirdPerson/Maps/ThirdPersonMap/1/AZ/A7GPT109Y6ZTTJD4A7TXER
 |- Actor Path: /Game/ThirdPerson/Maps/ThirdPersonMap.ThirdPersonMap:PersistentLevel.RecastNavMesh_UAID_9C7BEF28E54FB1BA01-Default
 |- Actor Package: /Game/__ExternalActors__/ThirdPerson/Maps/ThirdPersonMap/A/W3/N3C7AVZY4CQ1QQ2PMROGOQ
 |- Actor Path: /Game/ThirdPerson/Maps/ThirdPersonMap.ThirdPersonMap:PersistentLevel.SkyAtmosphere_0
 |- Actor Package: /Game/__ExternalActors__/ThirdPerson/Maps/ThirdPersonMap/4/LN/30UBDLYFFA5ZR7U4W4L4GG
 |- Actor Path: /Game/ThirdPerson/Maps/ThirdPersonMap.ThirdPersonMap:PersistentLevel.SkyLight_1
 |- Actor Package: /Game/__ExternalActors__/ThirdPerson/Maps/ThirdPersonMap/8/S1/DXUWD12MD3HRWVVXX076BY
 |- Actor Path: /Game/ThirdPerson/Maps/ThirdPersonMap.ThirdPersonMap:PersistentLevel.StaticMeshActor_1
 |- Actor Package: /Game/__ExternalActors__/ThirdPerson/Maps/ThirdPersonMap/6/YO/NG2R9BPZVA7ZDN0Z4VSTG6
 |- Actor Path: /Game/ThirdPerson/Maps/ThirdPersonMap.ThirdPersonMap:PersistentLevel.StaticMeshActor_4
 |- Actor Package: /Game/__ExternalActors__/ThirdPerson/Maps/ThirdPersonMap/5/9Q/U98KGKQ41NJYFOGFQM8ZDY
 |- Actor Path: /Game/ThirdPerson/Maps/ThirdPersonMap.ThirdPersonMap:PersistentLevel.StaticMeshActor_6
 |- Actor Package: /Game/__ExternalActors__/ThirdPerson/Maps/ThirdPersonMap/D/0G/JNKFA4X9LRMSF343ESPF6Q
 |- Actor Path: /Game/ThirdPerson/Maps/ThirdPersonMap.ThirdPersonMap:PersistentLevel.StaticMeshActor_UAID_9C7BEF28E54FB0BA01_2039353552
 |- Actor Package: /Game/__ExternalActors__/ThirdPerson/Maps/ThirdPersonMap/3/CM/0ZQ3830H9I713FLG4Q4QDH
 |- Actor Path: /Game/ThirdPerson/Maps/ThirdPersonMap.ThirdPersonMap:PersistentLevel.StaticMeshActor_UAID_9C7BEF28E54FB0BA01_2065072553
 |- Actor Package: /Game/__ExternalActors__/ThirdPerson/Maps/ThirdPersonMap/E/4L/4CRN1EBND3LCJRCUCGV5RZ
 |- Actor Path: /Game/ThirdPerson/Maps/ThirdPersonMap.ThirdPersonMap:PersistentLevel.StaticMeshActor_UAID_9C7BEF28E54FB0BA01_2086628554
 |- Actor Package: /Game/__ExternalActors__/ThirdPerson/Maps/ThirdPersonMap/6/IS/F0VTOGRMBEIOB2Y8LU56RH
 |- Actor Path: /Game/ThirdPerson/Maps/ThirdPersonMap.ThirdPersonMap:PersistentLevel.StaticMeshActor_UAID_9C7BEF28E54FB0BA01_2116909555
 |- Actor Package: /Game/__ExternalActors__/ThirdPerson/Maps/ThirdPersonMap/3/9M/J5P6NGWP6HC45VDLY9661Y
 |- Actor Path: /Game/ThirdPerson/Maps/ThirdPersonMap.ThirdPersonMap:PersistentLevel.StaticMeshActor_UAID_9C7BEF28E54FB2BA01_2082924913
 |- Actor Package: /Game/__ExternalActors__/ThirdPerson/Maps/ThirdPersonMap/D/IH/LY92T6JQ5TEVGJUY60BEAS
 |- Actor Path: /Game/ThirdPerson/Maps/ThirdPersonMap.ThirdPersonMap:PersistentLevel.StaticMeshActor_UAID_9C7BEF28E54FDBB801_1481718007
 |- Actor Package: /Game/__ExternalActors__/ThirdPerson/Maps/ThirdPersonMap/4/UA/M073C5XHQQWQA293RBS6C5
 |- Actor Path: /Game/ThirdPerson/Maps/ThirdPersonMap.ThirdPersonMap:PersistentLevel.StaticMeshActor_UAID_9C7BEF28E54FDBB801_1515747008
 |- Actor Package: /Game/__ExternalActors__/ThirdPerson/Maps/ThirdPersonMap/5/8H/8E8QG8N1P1FVFADWWDAHQJ
 |- Actor Path: /Game/ThirdPerson/Maps/ThirdPersonMap.ThirdPersonMap:PersistentLevel.StaticMeshActor_UAID_9C7BEF28E54FDBB801_1515748009
 |- Actor Package: /Game/__ExternalActors__/ThirdPerson/Maps/ThirdPersonMap/4/VH/P6Z046XTUJRORT0RPLNXPY
 |- Actor Path: /Game/ThirdPerson/Maps/ThirdPersonMap.ThirdPersonMap:PersistentLevel.StaticMeshActor_UAID_9C7BEF28E54FDBB801_1629320010
 |- Actor Package: /Game/__ExternalActors__/ThirdPerson/Maps/ThirdPersonMap/0/U3/XTP1U5IWS1FDF59KZPDUXV
 |- Actor Path: /Game/ThirdPerson/Maps/ThirdPersonMap.ThirdPersonMap:PersistentLevel.StaticMeshActor_UAID_9C7BEF28E54FDBB801_1643362011
 |- Actor Package: /Game/__ExternalActors__/ThirdPerson/Maps/ThirdPersonMap/7/9L/CCAQJ8K1T37UU0VV0AI358
 |- Actor Path: /Game/ThirdPerson/Maps/ThirdPersonMap.ThirdPersonMap:PersistentLevel.StaticMeshActor_UAID_9C7BEF28E54FDBB801_1643364012
 |- Actor Package: /Game/__ExternalActors__/ThirdPerson/Maps/ThirdPersonMap/8/B4/M7KVMFF0YATB1SWR7PY3K4
 |- Actor Path: /Game/ThirdPerson/Maps/ThirdPersonMap.ThirdPersonMap:PersistentLevel.StaticMeshActor_UAID_9C7BEF28E54FDBB801_1719447013
 |- Actor Package: /Game/__ExternalActors__/ThirdPerson/Maps/ThirdPersonMap/4/KI/A0CUO64NNYI2KO9DE6Y5MV
 |- Actor Path: /Game/ThirdPerson/Maps/ThirdPersonMap.ThirdPersonMap:PersistentLevel.StaticMeshActor_UAID_9C7BEF28E54FDBB801_1719450014
 |- Actor Package: /Game/__ExternalActors__/ThirdPerson/Maps/ThirdPersonMap/3/ME/MPIOI0OGZAF3XX9GCIJUY4
 |- Actor Path: /Game/ThirdPerson/Maps/ThirdPersonMap.ThirdPersonMap:PersistentLevel.StaticMeshActor_UAID_9C7BEF28E54FDBB801_1719452015
 |- Actor Package: /Game/__ExternalActors__/ThirdPerson/Maps/ThirdPersonMap/3/LT/KUPQA15AYEV7JRVS4B4FPE
 |- Actor Path: /Game/ThirdPerson/Maps/ThirdPersonMap.ThirdPersonMap:PersistentLevel.StaticMeshActor_UAID_9C7BEF28E54FDBB801_1719453016
 |- Actor Package: /Game/__ExternalActors__/ThirdPerson/Maps/ThirdPersonMap/A/XX/Y6MEJSHE0ZOGKAZ9BBAP2U
 |- Actor Path: /Game/ThirdPerson/Maps/ThirdPersonMap.ThirdPersonMap:PersistentLevel.StaticMeshActor_UAID_9C7BEF28E54FDBB801_1824182017
 |- Actor Package: /Game/__ExternalActors__/ThirdPerson/Maps/ThirdPersonMap/C/CS/NHPZGKOP0GYK7HVF4PT6T4
 |- Actor Path: /Game/ThirdPerson/Maps/ThirdPersonMap.ThirdPersonMap:PersistentLevel.StaticMeshActor_UAID_9C7BEF28E54FDBB801_1824183018
 |- Actor Package: /Game/__ExternalActors__/ThirdPerson/Maps/ThirdPersonMap/6/NG/YZF90YYSADL16BBIBMSCQG
 |- Actor Path: /Game/ThirdPerson/Maps/ThirdPersonMap.ThirdPersonMap:PersistentLevel.StaticMeshActor_UAID_9C7BEF28E54FDBB801_1824184019
 |- Actor Package: /Game/__ExternalActors__/ThirdPerson/Maps/ThirdPersonMap/1/T9/PPYWFP31ZSBG4Z2YVPNMCB
 |- Actor Path: /Game/ThirdPerson/Maps/ThirdPersonMap.ThirdPersonMap:PersistentLevel.StaticMeshActor_UAID_9C7BEF28E54FDBB801_1942248020
 |- Actor Package: /Game/__ExternalActors__/ThirdPerson/Maps/ThirdPersonMap/1/86/33VAAAH9K3EX78AU4PM0AD
 |- Actor Path: /Game/ThirdPerson/Maps/ThirdPersonMap.ThirdPersonMap:PersistentLevel.StaticMeshActor_UAID_A4AE111137DC5EFB00_1110535423
 |- Actor Package: /Game/__ExternalActors__/ThirdPerson/Maps/ThirdPersonMap/4/PN/2QISIGK5DJNQ05US8O8FXW
 |- Actor Path: /Game/ThirdPerson/Maps/ThirdPersonMap.ThirdPersonMap:PersistentLevel.ThirdPersonExampleMap_C_0
 |- Actor Package: /Game/ThirdPerson/Maps/ThirdPersonMap
 |- Actor Path: /Game/ThirdPerson/Maps/ThirdPersonMap.ThirdPersonMap:PersistentLevel.VolumetricCloud_0
 |- Actor Package: /Game/__ExternalActors__/ThirdPerson/Maps/ThirdPersonMap/3/EY/87SHEJN5UBEAN2K5OV1G6R
 |- Actor Path: /Game/ThirdPerson/Maps/ThirdPersonMap.ThirdPersonMap:PersistentLevel.WorldDataLayers
 |- Actor Package: /Game/__ExternalActors__/ThirdPerson/Maps/ThirdPersonMap/0/43/HYQWORMY4JDQ5X3OKZXFLC
 |- Actor Path: /Game/ThirdPerson/Maps/ThirdPersonMap.ThirdPersonMap:PersistentLevel.WorldInfo_0
 |- Actor Package: /Game/ThirdPerson/Maps/ThirdPersonMap
 |- Actor Path: /Game/ThirdPerson/Maps/ThirdPersonMap.ThirdPersonMap:PersistentLevel.WorldPartitionMiniMap_0
 |- Actor Package: /Game/__ExternalActors__/ThirdPerson/Maps/ThirdPersonMap/E/FR/LBG6LPN5JCL3FMVSI2CK6R

----------------------------------------------------------------------------------------------------------------
ThirdPersonMap - Runtime Spatial Hash - Streaming Grid - MainGrid
----------------------------------------------------------------------------------------------------------------
            Origin: X=0.000 Y=0.000 Z=0.000
         Cell Size: 12800
      World Bounds: IsValid=false, Min=(X=0.000 Y=0.000 Z=0.000), Max=(X=0.000 Y=0.000 Z=0.000)
     Loading Range: 25600.00
Block Slow Loading: No
 ClientOnlyVisible: No
            Origin: X=0.000 Y=0.000 Z=0.000

[+] Grid Levels: 1
 |- Level  0: Cell Count    0 | Cell Size   12800 | Actor Count    0 (0.0%)

[+] Content of Grid Level 0

