[+] Containers:
 |- [+] Container: /Game/ThirdPerson/Maps/MapBlocking
 |   |- [+] ActorDescs:
 |   |   |- Guid:0965E8AB42887269DE5D9F9DF1172C95 BaseClass: NativeClass:/Script/Engine.StaticMeshActor Name:StaticMeshActor_UAID_40B076D822BDE2B901_1738611303 Label:SM_Cube9 SpatiallyLoaded:1 Bounds:IsValid=true, Min=(X=5315.000 Y=930.000 Z=0.000), Max=(X=5415.000 Y=1030.000 Z=1700.000) RuntimeGrid:None EditorOnly:0 RuntimeOnly:0 HLODRelevant:1
 |   |   |- Guid:0B505E0B46D78EA6ED9A6982B6C69A34 BaseClass: NativeClass:/Script/Engine.StaticMeshActor Name:StaticMeshActor_UAID_40B076D822BDE6B901_1900082025 Label:SM_Cube20 SpatiallyLoaded:1 Bounds:IsValid=true, Min=(X=800.000 Y=7700.000 Z=0.000), Max=(X=950.000 Y=7800.000 Z=650.000) RuntimeGrid:None EditorOnly:0 RuntimeOnly:0 HLODRelevant:1
 |   |   |- Guid:0B81AEDC49D8038371ACD3AA3F165F1A BaseClass: NativeClass:/Script/Engine.VolumetricCloud Name:VolumetricCloud_0 Label:VolumetricCloud SpatiallyLoaded:0 Bounds:IsValid=true, Min=(X=0.000 Y=0.000 Z=820.000), Max=(X=0.000 Y=0.000 Z=820.000) RuntimeGrid:None EditorOnly:0 RuntimeOnly:0 HLODRelevant:0 FolderPath:Lighting FolderGuid:963EC3EB4002CCE9759E2EBA541A873A
 |   |   |- Guid:11396C424537A008262CF48BB968D7F7 BaseClass: NativeClass:/Script/Engine.StaticMeshActor Name:StaticMeshActor_UAID_40B076D822BDE6B901_1294935021 Label:SM_Cube16 SpatiallyLoaded:1 Bounds:IsValid=true, Min=(X=8300.000 Y=2250.000 Z=2260.000), Max=(X=8900.000 Y=4300.000 Z=2410.000) RuntimeGrid:None EditorOnly:0 RuntimeOnly:0 HLODRelevant:1
 |   |   |- Guid:11556DE049D734A7FDB84E866F69D68B BaseClass: NativeClass:/Script/Engine.DirectionalLight Name:DirectionalLight_0 Label:DirectionalLight SpatiallyLoaded:0 Bounds:IsValid=true, Min=(X=-4398046511104.000 Y=-4398046511104.000 Z=-4398046511104.000), Max=(X=4398046511104.000 Y=4398046511104.000 Z=4398046511104.000) RuntimeGrid:None EditorOnly:0 RuntimeOnly:0 HLODRelevant:0 FolderPath:Lighting FolderGuid:963EC3EB4002CCE9759E2EBA541A873A
 |   |   |- Guid:127E3E6C44EAAD8884275BA8640E80E5 BaseClass: NativeClass:/Script/Engine.StaticMeshActor Name:StaticMeshActor_UAID_40B076D822BDE8B901_1911883393 Label:SM_Cylinder14 SpatiallyLoaded:1 Bounds:IsValid=true, Min=(X=6570.000 Y=6045.000 Z=2900.000), Max=(X=6590.000 Y=7145.000 Z=2920.000) RuntimeGrid:None EditorOnly:0 RuntimeOnly:0 HLODRelevant:1
 |   |   |- Guid:129AE6B84BC99C799E90A8822C078BA7 BaseClass: NativeClass:/Script/Engine.StaticMeshActor Name:StaticMeshActor_UAID_40B076D822BDE8B901_1926382395 Label:SM_Cylinder16 SpatiallyLoaded:1 Bounds:IsValid=true, Min=(X=2685.000 Y=6095.000 Z=2900.000), Max=(X=2705.000 Y=7195.000 Z=2920.000) RuntimeGrid:None EditorOnly:0 RuntimeOnly:0 HLODRelevant:1
 |   |   |- Guid:12F6D2614BF8AFE887DFA7881AED1294 BaseClass: NativeClass:/Script/Engine.StaticMeshActor Name:StaticMeshActor_UAID_40B076D822BDE2B901_1719949301 Label:SM_Cube7 SpatiallyLoaded:1 Bounds:IsValid=true, Min=(X=5315.000 Y=2240.000 Z=0.000), Max=(X=5415.000 Y=2340.000 Z=1700.000) RuntimeGrid:None EditorOnly:0 RuntimeOnly:0 HLODRelevant:1
 |   |   |- Guid:181BD0294366C80CD94A94B116910E97 BaseClass: NativeClass:/Script/Engine.StaticMeshActor Name:StaticMeshActor_UAID_40B076D822BDE2B901_2001715308 Label:SM_Cube14 SpatiallyLoaded:1 Bounds:IsValid=true, Min=(X=3925.000 Y=2245.000 Z=1825.000), Max=(X=4025.000 Y=2345.000 Z=2425.000) RuntimeGrid:None EditorOnly:0 RuntimeOnly:0 HLODRelevant:1
 |   |   |- Guid:185D63CC4B1347EE637D50BE8E635C03 BaseClass: NativeClass:/Script/Engine.StaticMeshActor Name:StaticMeshActor_UAID_40B076D822BDE8B901_1926380394 Label:SM_Cylinder15 SpatiallyLoaded:1 Bounds:IsValid=true, Min=(X=2680.000 Y=3915.000 Z=2900.000), Max=(X=2700.000 Y=5015.000 Z=2920.000) RuntimeGrid:None EditorOnly:0 RuntimeOnly:0 HLODRelevant:1
 |   |   |- Guid:1E39D34A4593F1DA8C57C6AD3D6D2C54 BaseClass: NativeClass:/Script/Engine.StaticMeshActor Name:StaticMeshActor_UAID_40B076D822BDE2B901_1783449304 Label:SM_Cube10 SpatiallyLoaded:1 Bounds:IsValid=true, Min=(X=3925.000 Y=920.000 Z=1700.000), Max=(X=5425.000 Y=2345.000 Z=1825.000) RuntimeGrid:None EditorOnly:0 RuntimeOnly:0 HLODRelevant:1
 |   |   |- Guid:1E4405FC47A0D2E9081BBAA22A1AFF57 BaseClass: NativeClass:/Script/Engine.StaticMeshActor Name:StaticMeshActor_UAID_40B076D822BDE2B901_1200947298 Label:SM_Cube5 SpatiallyLoaded:1 Bounds:IsValid=true, Min=(X=10.000 Y=10410.000 Z=0.000), Max=(X=9010.000 Y=10510.000 Z=4300.000) RuntimeGrid:None EditorOnly:0 RuntimeOnly:0 HLODRelevant:1
 |   |   |- Guid:227EEE984B699AC2655CCE8B3C458AB7 BaseClass: NativeClass:/Script/Engine.ExponentialHeightFog Name:ExponentialHeightFog_0 Label:ExponentialHeightFog SpatiallyLoaded:0 Bounds:IsValid=true, Min=(X=-5600.000 Y=-50.000 Z=-6850.000), Max=(X=-5600.000 Y=-50.000 Z=-6850.000) RuntimeGrid:None EditorOnly:0 RuntimeOnly:0 HLODRelevant:0 FolderPath:Lighting FolderGuid:963EC3EB4002CCE9759E2EBA541A873A
 |   |   |- Guid:247C112248E0AC76612F7EA1845A2791 BaseClass: NativeClass:/Script/Engine.StaticMeshActor Name:StaticMeshActor_UAID_40B076D822BDE8B901_1861905392 Label:SM_Cylinder13 SpatiallyLoaded:1 Bounds:IsValid=true, Min=(X=6565.000 Y=3895.000 Z=2900.000), Max=(X=6585.000 Y=4995.000 Z=2920.000) RuntimeGrid:None EditorOnly:0 RuntimeOnly:0 HLODRelevant:1
 |   |   |- Guid:2636AC8447E898E3736F7E82895481E6 BaseClass: NativeClass:/Script/Engine.StaticMeshActor Name:StaticMeshActor_UAID_9C7BEF28E54F0EBA01_1978419060 Label:SM_Cube36 SpatiallyLoaded:1 Bounds:IsValid=true, Min=(X=115.000 Y=7525.000 Z=3940.000), Max=(X=8915.000 Y=7925.000 Z=4340.000) RuntimeGrid:None EditorOnly:0 RuntimeOnly:0 HLODRelevant:1
 |   |   |- Guid:27C6DAAD4BDFC169D22616B0FE6FF36F BaseClass: NativeClass:/Script/Engine.StaticMeshActor Name:StaticMeshActor_UAID_40B076D822BDE2B901_1842657305 Label:SM_Cube11 SpatiallyLoaded:1 Bounds:IsValid=true, Min=(X=3925.000 Y=915.000 Z=1820.000), Max=(X=5425.000 Y=1040.000 Z=3370.000) RuntimeGrid:None EditorOnly:0 RuntimeOnly:0 HLODRelevant:1
 |   |   |- Guid:287D4CDA4410BE9C38BDD1AFA1681CAB BaseClass: NativeClass:/Script/Engine.StaticMeshActor Name:StaticMeshActor_UAID_40B076D822BDE5B901_1949011842 Label:SM_Cylinder4 SpatiallyLoaded:1 Bounds:IsValid=true, Min=(X=2505.000 Y=3165.000 Z=0.000), Max=(X=2855.000 Y=3515.000 Z=4300.000) RuntimeGrid:None EditorOnly:0 RuntimeOnly:0 HLODRelevant:1
 |   |   |- Guid:29102FD54DD7191B9A6BEB929E3E14D0 BaseClass: NativeClass:/Script/Engine.StaticMeshActor Name:StaticMeshActor_UAID_9C7BEF28E54F0EBA01_1289521043 Label:SM_Cube33 SpatiallyLoaded:1 Bounds:IsValid=true, Min=(X=15.000 Y=880.000 Z=6180.000), Max=(X=9015.000 Y=9330.000 Z=6280.000) RuntimeGrid:None EditorOnly:0 RuntimeOnly:0 HLODRelevant:1
 |   |   |- Guid:2FE76A6C47F941928230DCB4F6D2BF75 BaseClass: NativeClass:/Script/Engine.StaticMeshActor Name:StaticMeshActor_UAID_40B076D822BDE7B901_2084398210 Label:SM_Cylinder8 SpatiallyLoaded:1 Bounds:IsValid=true, Min=(X=5980.000 Y=4910.001 Z=2810.000), Max=(X=7180.000 Y=6110.000 Z=2910.000) RuntimeGrid:None EditorOnly:0 RuntimeOnly:0 HLODRelevant:1
 |   |   |- Guid:3012A9FF410F886B5AD1F0ACA8B6CFBD BaseClass: NativeClass:/Script/Engine.StaticMeshActor Name:StaticMeshActor_UAID_9C7BEF28E54F0EBA01_2041056062 Label:SM_Cube38 SpatiallyLoaded:1 Bounds:IsValid=true, Min=(X=125.000 Y=3145.000 Z=3940.000), Max=(X=8925.000 Y=3545.000 Z=4340.000) RuntimeGrid:None EditorOnly:0 RuntimeOnly:0 HLODRelevant:1
 |   |   |- Guid:314A5DFA44C111D1D77ECCB0D4E40193 BaseClass: NativeClass:/Script/Engine.StaticMeshActor Name:StaticMeshActor_UAID_9C7BEF28E54F0EBA01_1251530042 Label:SM_Cube32 SpatiallyLoaded:1 Bounds:IsValid=true, Min=(X=7795.000 Y=105.000 Z=4210.000), Max=(X=9006.603 Y=10405.000 Z=6208.557) RuntimeGrid:None EditorOnly:0 RuntimeOnly:0 HLODRelevant:1
 |   |   |- Guid:378641A841B1CCE391EF81ADF253E055 BaseClass: NativeClass:/Script/Engine.StaticMeshActor Name:StaticMeshActor_UAID_40B076D822BDE5B901_1949012843 Label:SM_Cylinder5 SpatiallyLoaded:1 Bounds:IsValid=true, Min=(X=2510.000 Y=5360.000 Z=0.000), Max=(X=2860.000 Y=5710.000 Z=4300.000) RuntimeGrid:None EditorOnly:0 RuntimeOnly:0 HLODRelevant:1
 |   |   |- Guid:38886B8048E80ABAF22722B01466130F BaseClass: NativeClass:/Script/Engine.PointLight Name:PointLight_UAID_9C7BEF28E54F0EBA01_1472969048 Label:PointLight2 SpatiallyLoaded:1 Bounds:IsValid=true, Min=(X=-9559.000 Y=-14279.000 Z=-13474.000), Max=(X=23209.000 Y=18489.000 Z=19294.000) RuntimeGrid:None EditorOnly:0 RuntimeOnly:0 HLODRelevant:0
 |   |   |- Guid:3DAE9CCC42A7787B8742969A99A23658 BaseClass: NativeClass:/Script/Engine.StaticMeshActor Name:StaticMeshActor_UAID_40B076D822BDE8B901_1277415391 Label:SM_Cube28 SpatiallyLoaded:1 Bounds:IsValid=true, Min=(X=70.000 Y=95.000 Z=0.000), Max=(X=8920.000 Y=395.000 Z=1900.000) RuntimeGrid:None EditorOnly:0 RuntimeOnly:0 HLODRelevant:1
 |   |   |- Guid:3EC7BD4349C565657267AFA0F7ADEF64 BaseClass: NativeClass:/Script/Engine.StaticMeshActor Name:StaticMeshActor_UAID_40B076D822BDE6B901_1509748023 Label:SM_Cube18 SpatiallyLoaded:1 Bounds:IsValid=true, Min=(X=100.000 Y=6100.000 Z=610.000), Max=(X=950.000 Y=7800.000 Z=3210.000) RuntimeGrid:None EditorOnly:0 RuntimeOnly:0 HLODRelevant:1
 |   |   |- Guid:439329C145E0B33C0AE82A94C5C7CF7A BaseClass: NativeClass:/Script/NavigationSystem.RecastNavMesh Name:RecastNavMesh_UAID_9C7BEF28E54F50B601-Default Label:RecastNavMesh-Default SpatiallyLoaded:0 Bounds:IsValid=true, Min=(X=0.000 Y=0.000 Z=0.000), Max=(X=0.000 Y=0.000 Z=0.000) RuntimeGrid:None EditorOnly:0 RuntimeOnly:0 HLODRelevant:0
 |   |   |- Guid:499065AE43EBD0EA540C17AC796D1DA7 BaseClass: NativeClass:/Script/Engine.StaticMeshActor Name:StaticMeshActor_UAID_40B076D822BDE2B901_1964842307 Label:SM_Cube13 SpatiallyLoaded:1 Bounds:IsValid=true, Min=(X=5325.000 Y=1040.000 Z=2420.000), Max=(X=5425.385 Y=2345.000 Z=2520.385) RuntimeGrid:None EditorOnly:0 RuntimeOnly:0 HLODRelevant:1
 |   |   |- Guid:4EACCD6D4E53EC4998DBBB92B0638040 BaseClass: NativeClass:/Script/Engine.StaticMeshActor Name:StaticMeshActor_UAID_9C7BEF28E54F42BC01_2071680305 Label:SM_WindowFrame6 SpatiallyLoaded:1 Bounds:IsValid=true, Min=(X=273.886 Y=2900.037 Z=4487.179), Max=(X=1026.114 Y=3839.963 Z=5752.821) RuntimeGrid:None EditorOnly:0 RuntimeOnly:0 HLODRelevant:1
 |   |   |- Guid:57D519E64803C7648721BC97BBDD062A BaseClass: NativeClass:/Script/Engine.StaticMeshActor Name:StaticMeshActor_UAID_A4AE111137DC5EFB00_1110535423 Label:SM_SkySphere SpatiallyLoaded:0 Bounds:IsValid=true, Min=(X=-1638400.000 Y=-1638400.000 Z=-1638400.000), Max=(X=1638400.000 Y=1638400.000 Z=1638400.000) RuntimeGrid:None EditorOnly:0 RuntimeOnly:0 HLODRelevant:1 FolderPath:Lighting FolderGuid:963EC3EB4002CCE9759E2EBA541A873A
 |   |   |- Guid:5A87A98B4C067F2E94C313BDDAC430B5 BaseClass: NativeClass:/Script/Engine.StaticMeshActor Name:StaticMeshActor_UAID_9C7BEF28E54F0EBA01_2026043061 Label:SM_Cube37 SpatiallyLoaded:1 Bounds:IsValid=true, Min=(X=120.000 Y=5345.000 Z=3940.000), Max=(X=8920.000 Y=5745.000 Z=4340.000) RuntimeGrid:None EditorOnly:0 RuntimeOnly:0 HLODRelevant:1
 |   |   |- Guid:5CE787B740D4382E4889EB8322F9CFF1 BaseClass: NativeClass:/Script/Engine.StaticMeshActor Name:StaticMeshActor_UAID_9C7BEF28E54F43BC01_1612946483 Label:SM_WindowFrame8 SpatiallyLoaded:1 Bounds:IsValid=true, Min=(X=8796.372 Y=2765.037 Z=2547.033), Max=(X=8833.628 Y=3704.963 Z=3842.967) RuntimeGrid:None EditorOnly:0 RuntimeOnly:0 HLODRelevant:1
 |   |   |- Guid:5D80FD084C2A170FC016C6A456C29A9B BaseClass: NativeClass:/Script/Engine.StaticMeshActor Name:StaticMeshActor_UAID_40B076D822BDE2B901_2001716309 Label:SM_Cube15 SpatiallyLoaded:1 Bounds:IsValid=true, Min=(X=3925.000 Y=1040.000 Z=2425.000), Max=(X=4025.385 Y=2345.000 Z=2525.385) RuntimeGrid:None EditorOnly:0 RuntimeOnly:0 HLODRelevant:1
 |   |   |- Guid:600CACBF495A04FC16B05EAF51866515 BaseClass: NativeClass:/Script/Engine.StaticMeshActor Name:StaticMeshActor_UAID_40B076D822BDE7B901_2095197211 Label:SM_Cylinder9 SpatiallyLoaded:1 Bounds:IsValid=true, Min=(X=5985.000 Y=7055.001 Z=2810.000), Max=(X=7185.000 Y=8255.000 Z=2910.000) RuntimeGrid:None EditorOnly:0 RuntimeOnly:0 HLODRelevant:1
 |   |   |- Guid:6659FA104D29221C3AAE96B81C20E8EC BaseClass: NativeClass:/Script/Engine.PlayerStart Name:PlayerStart_0 Label:PlayerStart SpatiallyLoaded:0 Bounds:IsValid=true, Min=(X=860.000 Y=1070.000 Z=0.013), Max=(X=940.000 Y=1150.000 Z=184.013) RuntimeGrid:None EditorOnly:0 RuntimeOnly:0 HLODRelevant:0
 |   |   |- Guid:66B79A8C455B723964D86B96E8CC1185 BaseClass: NativeClass:/Script/Engine.StaticMeshActor Name:StaticMeshActor_UAID_9C7BEF28E54F42BC01_1731839304 Label:SM_WindowFrame5 SpatiallyLoaded:1 Bounds:IsValid=true, Min=(X=7978.886 Y=7210.037 Z=4487.179), Max=(X=8731.114 Y=8149.963 Z=5752.821) RuntimeGrid:None EditorOnly:0 RuntimeOnly:0 HLODRelevant:1
 |   |   |- Guid:6A7265FE4D0EACDC4757C8937E037958 BaseClass: NativeClass:/Script/Engine.StaticMeshActor Name:StaticMeshActor_UAID_9C7BEF28E54F0DBA01_2119882863 Label:SM_Cube29 SpatiallyLoaded:1 Bounds:IsValid=true, Min=(X=15.000 Y=9275.000 Z=4220.000), Max=(X=9015.000 Y=10486.603 Z=6218.557) RuntimeGrid:None EditorOnly:0 RuntimeOnly:0 HLODRelevant:1
 |   |   |- Guid:6AFFF4CD408EBC84B481E78084292490 BaseClass: NativeClass:/Script/Engine.StaticMeshActor Name:StaticMeshActor_UAID_40B076D822BDE2B901_1613062299 Label:SM_Cube6 SpatiallyLoaded:1 Bounds:IsValid=true, Min=(X=3925.000 Y=2230.000 Z=0.000), Max=(X=4025.000 Y=2330.000 Z=1700.000) RuntimeGrid:None EditorOnly:0 RuntimeOnly:0 HLODRelevant:1
 |   |   |- Guid:6E06E8BB4BB6E71AA53D36882FABF509 BaseClass: NativeClass:/Script/Engine.StaticMeshActor Name:StaticMeshActor_UAID_40B076D822BDE6B901_1921499026 Label:SM_Cube21 SpatiallyLoaded:1 Bounds:IsValid=true, Min=(X=105.000 Y=6105.000 Z=0.000), Max=(X=255.000 Y=6205.000 Z=650.000) RuntimeGrid:None EditorOnly:0 RuntimeOnly:0 HLODRelevant:1
 |   |   |- Guid:6F585CF1435581DB0A5EDBB7039B7692 BaseClass: NativeClass:/Script/Engine.StaticMeshActor Name:StaticMeshActor_UAID_9C7BEF28E54F0EBA01_1640052055 Label:SM_WindowFrame2 SpatiallyLoaded:1 Bounds:IsValid=true, Min=(X=5774.542 Y=122.581 Z=2032.042), Max=(X=6855.458 Y=147.419 Z=3687.958) RuntimeGrid:None EditorOnly:0 RuntimeOnly:0 HLODRelevant:1
 |   |   |- Guid:7063413B4F00544D673C68840932E398 BaseClass: NativeClass:/Script/Engine.StaticMeshActor Name:StaticMeshActor_UAID_40B076D822BDE7B901_2106040212 Label:SM_Cylinder10 SpatiallyLoaded:1 Bounds:IsValid=true, Min=(X=2090.000 Y=2740.001 Z=2810.000), Max=(X=3290.000 Y=3940.000 Z=2910.000) RuntimeGrid:None EditorOnly:0 RuntimeOnly:0 HLODRelevant:1
 |   |   |- Guid:71E6ED374588C2EF8AE31AB18CCB6AF5 BaseClass: NativeClass:/Script/Engine.StaticMeshActor Name:StaticMeshActor_UAID_9C7BEF28E54F43BC01_1282225482 Label:SM_WindowFrame7 SpatiallyLoaded:1 Bounds:IsValid=true, Min=(X=8791.372 Y=7245.037 Z=2547.033), Max=(X=8828.628 Y=8184.963 Z=3842.967) RuntimeGrid:None EditorOnly:0 RuntimeOnly:0 HLODRelevant:1
 |   |   |- Guid:82BC293943A9B3DEEEE8D096E13B3F49 BaseClass: NativeClass:/Script/Engine.StaticMeshActor Name:StaticMeshActor_UAID_40B076D822BDE7B901_2106041213 Label:SM_Cylinder11 SpatiallyLoaded:1 Bounds:IsValid=true, Min=(X=2060.000 Y=4950.001 Z=2810.000), Max=(X=3260.000 Y=6150.000 Z=2910.000) RuntimeGrid:None EditorOnly:0 RuntimeOnly:0 HLODRelevant:1
 |   |   |- Guid:84D0CBEF423D635E2F2396926BE5DB95 BaseClass: NativeClass:/Script/Engine.PointLight Name:PointLight_UAID_9C7BEF28E54F0EBA01_1486412050 Label:PointLight4 SpatiallyLoaded:1 Bounds:IsValid=true, Min=(X=-14884.000 Y=-7109.000 Z=-13474.000), Max=(X=17884.000 Y=25659.000 Z=19294.000) RuntimeGrid:None EditorOnly:0 RuntimeOnly:0 HLODRelevant:0
 |   |   |- Guid:89BF96FC4908F80B4928E4BDD33656BA BaseClass: NativeClass:/Script/Engine.PointLight Name:PointLight_UAID_9C7BEF28E54F0EBA01_1476857049 Label:PointLight3 SpatiallyLoaded:1 Bounds:IsValid=true, Min=(X=-9554.000 Y=-7114.000 Z=-13474.000), Max=(X=23214.000 Y=25654.000 Z=19294.000) RuntimeGrid:None EditorOnly:0 RuntimeOnly:0 HLODRelevant:0
 |   |   |- Guid:90D2F6914B099DB2F2266FA13F0104DA BaseClass: NativeClass:/Script/Engine.StaticMeshActor Name:StaticMeshActor_UAID_40B076D822BDE5B901_1866550841 Label:SM_Cylinder3 SpatiallyLoaded:1 Bounds:IsValid=true, Min=(X=6415.000 Y=7535.000 Z=0.000), Max=(X=6765.000 Y=7885.000 Z=4300.000) RuntimeGrid:None EditorOnly:0 RuntimeOnly:0 HLODRelevant:1
 |   |   |- Guid:9E93F875428260FD63A598A5F8C88ABB BaseClass: NativeClass:/Script/Engine.PointLight Name:PointLight_UAID_9C7BEF28E54F0EBA01_1532222052 Label:PointLight6 SpatiallyLoaded:1 Bounds:IsValid=true, Min=(X=-14694.000 Y=-11789.000 Z=-13924.000), Max=(X=18074.000 Y=20979.000 Z=18844.000) RuntimeGrid:None EditorOnly:0 RuntimeOnly:0 HLODRelevant:0
 |   |   |- Guid:9FF4FE1141FED8268A64C0A2661BCEAE BaseClass: NativeClass:/Script/Engine.SkyLight Name:SkyLight_1 Label:SkyLight SpatiallyLoaded:0 Bounds:IsValid=true, Min=(X=0.000 Y=0.000 Z=690.000), Max=(X=0.000 Y=0.000 Z=690.000) RuntimeGrid:None EditorOnly:0 RuntimeOnly:0 HLODRelevant:0 FolderPath:Lighting FolderGuid:963EC3EB4002CCE9759E2EBA541A873A
 |   |   |- Guid:A0CA23BF40355D6B2762F1BCB30981E4 BaseClass: NativeClass:/Script/Engine.PointLight Name:PointLight_UAID_9C7BEF28E54F0EBA01_1415464047 Label:PointLight SpatiallyLoaded:1 Bounds:IsValid=true, Min=(X=-12694.000 Y=-14284.000 Z=-13474.000), Max=(X=20074.000 Y=18484.000 Z=19294.000) RuntimeGrid:None EditorOnly:0 RuntimeOnly:0 HLODRelevant:0
 |   |   |- Guid:A418917D418662477E9D2083A0AD737E BaseClass: NativeClass:/Script/Engine.PointLight Name:PointLight_UAID_9C7BEF28E54F0EBA01_1490481051 Label:PointLight5 SpatiallyLoaded:1 Bounds:IsValid=true, Min=(X=-11969.000 Y=-11269.000 Z=-13474.000), Max=(X=20799.000 Y=21499.000 Z=19294.000) RuntimeGrid:None EditorOnly:0 RuntimeOnly:0 HLODRelevant:0
 |   |   |- Guid:A4BF8CE84C12F5EEC62EBCB2CC00BD00 BaseClass: NativeClass:/Script/Engine.StaticMeshActor Name:StaticMeshActor_UAID_40B076D822BDE5B901_1811650840 Label:SM_Cylinder2 SpatiallyLoaded:1 Bounds:IsValid=true, Min=(X=6410.000 Y=5355.000 Z=0.000), Max=(X=6760.000 Y=5705.000 Z=4300.000) RuntimeGrid:None EditorOnly:0 RuntimeOnly:0 HLODRelevant:1
 |   |   |- Guid:A77F08F74C20F6DD6581C4BE86338C25 BaseClass: NativeClass:/Script/Engine.StaticMeshActor Name:StaticMeshActor_UAID_9C7BEF28E54F0EBA01_1957997059 Label:SM_Cube35 SpatiallyLoaded:1 Bounds:IsValid=true, Min=(X=2490.000 Y=150.000 Z=3940.000), Max=(X=2890.000 Y=10350.000 Z=4340.000) RuntimeGrid:None EditorOnly:0 RuntimeOnly:0 HLODRelevant:1
 |   |   |- Guid:A8DABF1244B4D22E93CCBF90AA3E20F4 BaseClass: NativeClass:/Script/Engine.StaticMeshActor Name:StaticMeshActor_UAID_40B076D822BDE6B901_2021893030 Label:SM_Cube25 SpatiallyLoaded:1 Bounds:IsValid=true, Min=(X=805.000 Y=4075.000 Z=0.000), Max=(X=955.000 Y=4175.000 Z=650.000) RuntimeGrid:None EditorOnly:0 RuntimeOnly:0 HLODRelevant:1
 |   |   |- Guid:AFC8B8BB492C39290E1032B1D3A8408D BaseClass: NativeClass:/Script/Engine.StaticMeshActor Name:StaticMeshActor_UAID_40B076D822BDE1B901_2040899119 Label:SM_Cube2 SpatiallyLoaded:1 Bounds:IsValid=true, Min=(X=0.000 Y=0.000 Z=0.000), Max=(X=9000.000 Y=100.000 Z=4300.000) RuntimeGrid:None EditorOnly:0 RuntimeOnly:0 HLODRelevant:1
 |   |   |- Guid:B07EC9BE486118C47E91C4954DEA686F BaseClass: NativeClass:/Script/Engine.StaticMeshActor Name:StaticMeshActor_UAID_9C7BEF28E54F0EBA01_1111648040 Label:SM_Cube30 SpatiallyLoaded:1 Bounds:IsValid=true, Min=(X=15.000 Y=10.000 Z=4200.000), Max=(X=9015.000 Y=1221.603 Z=6198.557) RuntimeGrid:None EditorOnly:0 RuntimeOnly:0 HLODRelevant:1
 |   |   |- Guid:B21FE0A740BD69D8EA80E98AD76D3537 BaseClass: NativeClass:/Script/Engine.StaticMeshActor Name:StaticMeshActor_1 Label:SM_Cube SpatiallyLoaded:1 Bounds:IsValid=true, Min=(X=0.000 Y=0.000 Z=-150.000), Max=(X=9000.000 Y=10500.000 Z=0.000) RuntimeGrid:None EditorOnly:0 RuntimeOnly:0 HLODRelevant:1 FolderPath:Playground FolderGuid:C73F09FC4215536B1DCE2A9E0A830C70
 |   |   |- Guid:B5755BD44932A34CC73ABEB17374FC79 BaseClass: NativeClass:/Script/Engine.StaticMeshActor Name:StaticMeshActor_UAID_40B076D822BDE6B901_2021892029 Label:SM_Cube24 SpatiallyLoaded:1 Bounds:IsValid=true, Min=(X=110.000 Y=4075.000 Z=0.000), Max=(X=260.000 Y=4175.000 Z=650.000) RuntimeGrid:None EditorOnly:0 RuntimeOnly:0 HLODRelevant:1
 |   |   |- Guid:B5D4FCDF4E77ED43260C3D8874D797AC BaseClass: NativeClass:/Script/Engine.StaticMeshActor Name:StaticMeshActor_UAID_9C7BEF28E54F0EBA01_1648660057 Label:SM_WindowFrame4 SpatiallyLoaded:1 Bounds:IsValid=true, Min=(X=2119.542 Y=132.581 Z=2032.042), Max=(X=3200.458 Y=157.419 Z=3687.958) RuntimeGrid:None EditorOnly:0 RuntimeOnly:0 HLODRelevant:1
 |   |   |- Guid:B62415784FB5C1B7E40A49AC20062287 BaseClass: NativeClass:/Script/NavigationSystem.NavMeshBoundsVolume Name:NavMeshBoundsVolume_UAID_9C7BEF28E54F50B601_1466265431 Label:NavMeshBoundsVolume SpatiallyLoaded:0 Bounds:IsValid=true, Min=(X=-189.500 Y=-294.000 Z=-228.500), Max=(X=9329.500 Y=10634.000 Z=528.500) RuntimeGrid:None EditorOnly:0 RuntimeOnly:0 HLODRelevant:0
 |   |   |- Guid:B86EEF6141DBE2FA67BEC9B33801584B BaseClass: NativeClass:/Script/Engine.StaticMeshActor Name:StaticMeshActor_UAID_9C7BEF28E54F0EBA01_1829603058 Label:SM_Cube34 SpatiallyLoaded:1 Bounds:IsValid=true, Min=(X=6390.000 Y=130.000 Z=3940.000), Max=(X=6790.000 Y=10380.000 Z=4340.000) RuntimeGrid:None EditorOnly:0 RuntimeOnly:0 HLODRelevant:1
 |   |   |- Guid:BCB5A7C04B2E3FD04712C8BA4322C86D BaseClass: NativeClass:/Script/Engine.StaticMeshActor Name:StaticMeshActor_UAID_40B076D822BDE2B901_1134741297 Label:SM_Cube4 SpatiallyLoaded:1 Bounds:IsValid=true, Min=(X=8900.000 Y=100.000 Z=0.000), Max=(X=9000.000 Y=10500.000 Z=4300.000) RuntimeGrid:None EditorOnly:0 RuntimeOnly:0 HLODRelevant:1
 |   |   |- Guid:BE436D3C40F1119CA2D89EB6BE4E5F44 BaseClass: NativeClass:/Script/Engine.StaticMeshActor Name:StaticMeshActor_UAID_40B076D822BDE7B901_2040474209 Label:SM_Cylinder7 SpatiallyLoaded:1 Bounds:IsValid=true, Min=(X=5975.000 Y=2720.001 Z=2810.000), Max=(X=7175.000 Y=3920.000 Z=2910.000) RuntimeGrid:None EditorOnly:0 RuntimeOnly:0 HLODRelevant:1
 |   |   |- Guid:BF694E7744BA52666C9FD19D1FC59E73 BaseClass: NativeClass:/Script/Engine.StaticMeshActor Name:StaticMeshActor_UAID_9C7BEF28E54F0EBA01_1615602054 Label:SM_WindowFrame SpatiallyLoaded:1 Bounds:IsValid=true, Min=(X=7534.542 Y=117.581 Z=2032.042), Max=(X=8615.458 Y=142.419 Z=3687.958) RuntimeGrid:None EditorOnly:0 RuntimeOnly:0 HLODRelevant:1
 |   |   |- Guid:D01FA95D4DF4A9E0C71F3F961F85C490 BaseClass: NativeClass:/Script/Engine.StaticMeshActor Name:StaticMeshActor_UAID_40B076D822BDE6B901_1339708022 Label:SM_Cube17 SpatiallyLoaded:1 Bounds:IsValid=true, Min=(X=8305.000 Y=6660.000 Z=2260.000), Max=(X=8905.000 Y=8710.000 Z=2410.000) RuntimeGrid:None EditorOnly:0 RuntimeOnly:0 HLODRelevant:1
 |   |   |- Guid:D09F0C194195F4EE21BB0FB0FE35027D BaseClass: NativeClass:/Script/Engine.StaticMeshActor Name:StaticMeshActor_UAID_40B076D822BDE2B901_1086743296 Label:SM_Cube3 SpatiallyLoaded:1 Bounds:IsValid=true, Min=(X=0.000 Y=100.000 Z=0.000), Max=(X=100.000 Y=10500.000 Z=4300.000) RuntimeGrid:None EditorOnly:0 RuntimeOnly:0 HLODRelevant:1
 |   |   |- Guid:D10BD567476F84BF9C13C4A119700EFF BaseClass: NativeClass:/Script/Engine.StaticMeshActor Name:StaticMeshActor_UAID_40B076D822BDE5B901_1949012844 Label:SM_Cylinder6 SpatiallyLoaded:1 Bounds:IsValid=true, Min=(X=2515.000 Y=7540.000 Z=0.000), Max=(X=2865.000 Y=7890.000 Z=4300.000) RuntimeGrid:None EditorOnly:0 RuntimeOnly:0 HLODRelevant:1
 |   |   |- Guid:D5BCC9AD42F487F3790FAB979F44B2D9 BaseClass: NativeClass:/Script/Engine.StaticMeshActor Name:StaticMeshActor_UAID_40B076D822BDE6B901_2021894032 Label:SM_Cube27 SpatiallyLoaded:1 Bounds:IsValid=true, Min=(X=805.000 Y=1525.000 Z=0.000), Max=(X=955.000 Y=1625.000 Z=650.000) RuntimeGrid:None EditorOnly:0 RuntimeOnly:0 HLODRelevant:1
 |   |   |- Guid:DC12EBCE436435346387919C9F9DC060 BaseClass: NativeClass:/Script/Engine.StaticMeshActor Name:StaticMeshActor_UAID_40B076D822BDE6B901_1986519028 Label:SM_Cube23 SpatiallyLoaded:1 Bounds:IsValid=true, Min=(X=105.000 Y=1525.000 Z=610.000), Max=(X=955.000 Y=4175.000 Z=2010.000) RuntimeGrid:None EditorOnly:0 RuntimeOnly:0 HLODRelevant:1
 |   |   |- Guid:DD9032564C2A23D9A0FC7A9E7467A865 BaseClass: NativeClass:/Script/Engine.StaticMeshActor Name:StaticMeshActor_UAID_40B076D822BDE6B901_1921501027 Label:SM_Cube22 SpatiallyLoaded:1 Bounds:IsValid=true, Min=(X=800.000 Y=6105.000 Z=0.000), Max=(X=950.000 Y=6205.000 Z=650.000) RuntimeGrid:None EditorOnly:0 RuntimeOnly:0 HLODRelevant:1
 |   |   |- Guid:DF54D97440C367AFDA475D835F2CDBB8 BaseClass: NativeClass:/Script/Engine.StaticMeshActor Name:StaticMeshActor_UAID_40B076D822BDE2B901_1738610302 Label:SM_Cube8 SpatiallyLoaded:1 Bounds:IsValid=true, Min=(X=3925.000 Y=920.000 Z=0.000), Max=(X=4025.000 Y=1020.000 Z=1700.000) RuntimeGrid:None EditorOnly:0 RuntimeOnly:0 HLODRelevant:1
 |   |   |- Guid:E6C9271440768998D762DB9AF7482EB9 BaseClass: NativeClass:/Script/Engine.StaticMeshActor Name:StaticMeshActor_UAID_40B076D822BDE6B901_2021894031 Label:SM_Cube26 SpatiallyLoaded:1 Bounds:IsValid=true, Min=(X=110.000 Y=1525.000 Z=0.000), Max=(X=260.000 Y=1625.000 Z=650.000) RuntimeGrid:None EditorOnly:0 RuntimeOnly:0 HLODRelevant:1
 |   |   |- Guid:E70621394F656E4354AE88ACF6B02873 BaseClass: NativeClass:/Script/Engine.PointLight Name:PointLight_UAID_9C7BEF28E54F0EBA01_1542933053 Label:PointLight7 SpatiallyLoaded:1 Bounds:IsValid=true, Min=(X=-12119.000 Y=-8694.000 Z=-13474.000), Max=(X=20649.000 Y=24074.000 Z=19294.000) RuntimeGrid:None EditorOnly:0 RuntimeOnly:0 HLODRelevant:0
 |   |   |- Guid:E7E9C2854828924D9368478DB49D1239 BaseClass: NativeClass:/Script/Engine.StaticMeshActor Name:StaticMeshActor_UAID_9C7BEF28E54F0EBA01_1195758041 Label:SM_Cube31 SpatiallyLoaded:1 Bounds:IsValid=true, Min=(X=20.000 Y=100.000 Z=4215.000), Max=(X=1231.603 Y=10400.000 Z=6213.557) RuntimeGrid:None EditorOnly:0 RuntimeOnly:0 HLODRelevant:1
 |   |   |- Guid:F12C2B764E3D182F20021DBF5190E174 BaseClass: NativeClass:/Script/Engine.WorldDataLayers Name:WorldDataLayers Label:WorldDataLayers SpatiallyLoaded:0 Bounds:IsValid=true, Min=(X=0.000 Y=0.000 Z=0.000), Max=(X=0.000 Y=0.000 Z=0.000) RuntimeGrid:None EditorOnly:0 RuntimeOnly:0 HLODRelevant:0
 |   |   |- Guid:F510926848C75B100E0AB58ADFC59B82 BaseClass: NativeClass:/Script/Engine.StaticMeshActor Name:StaticMeshActor_UAID_40B076D822BDE7B901_2106042214 Label:SM_Cylinder12 SpatiallyLoaded:1 Bounds:IsValid=true, Min=(X=2085.000 Y=7170.001 Z=2810.000), Max=(X=3285.000 Y=8370.000 Z=2910.000) RuntimeGrid:None EditorOnly:0 RuntimeOnly:0 HLODRelevant:1
 |   |   |- Guid:F533DD33409E81FB6B43B6B9EA4CCF8E BaseClass: NativeClass:/Script/Engine.SkyAtmosphere Name:SkyAtmosphere_0 Label:SkyAtmosphere SpatiallyLoaded:0 Bounds:IsValid=true, Min=(X=0.000 Y=0.000 Z=1020.000), Max=(X=0.000 Y=0.000 Z=1020.000) RuntimeGrid:None EditorOnly:0 RuntimeOnly:0 HLODRelevant:0 FolderPath:Lighting FolderGuid:963EC3EB4002CCE9759E2EBA541A873A
 |   |   |- Guid:F82A11824ACBF1DAF9B46C857395387D BaseClass: NativeClass:/Script/Engine.PostProcessVolume Name:PostProcessVolume_0 Label:PostProcessVolume SpatiallyLoaded:0 Bounds:IsValid=true, Min=(X=0.000 Y=0.000 Z=400.000), Max=(X=200.000 Y=200.000 Z=600.000) RuntimeGrid:None EditorOnly:0 RuntimeOnly:0 HLODRelevant:0 FolderPath:Lighting FolderGuid:963EC3EB4002CCE9759E2EBA541A873A
 |   |   |- Guid:FB0A0DBF451F7D45CB3211AA6A6ECE79 BaseClass: NativeClass:/Script/Engine.StaticMeshActor Name:StaticMeshActor_UAID_9C7BEF28E54F0EBA01_1646133056 Label:SM_WindowFrame3 SpatiallyLoaded:1 Bounds:IsValid=true, Min=(X=349.542 Y=127.581 Z=2032.042), Max=(X=1430.458 Y=152.419 Z=3687.958) RuntimeGrid:None EditorOnly:0 RuntimeOnly:0 HLODRelevant:1
 |   |   |- Guid:FC8C036D4B3637DCD4D334AE34A8B550 BaseClass: NativeClass:/Script/Engine.StaticMeshActor Name:StaticMeshActor_UAID_40B076D822BDE3B901_1134279487 Label:SM_Cylinder SpatiallyLoaded:1 Bounds:IsValid=true, Min=(X=6405.000 Y=3160.000 Z=0.000), Max=(X=6755.000 Y=3510.000 Z=4300.000) RuntimeGrid:None EditorOnly:0 RuntimeOnly:0 HLODRelevant:1
 |   |   |- Guid:FD4111C2464CC14E997B20A3AC9B1703 BaseClass: NativeClass:/Script/Engine.StaticMeshActor Name:StaticMeshActor_UAID_40B076D822BDE2B901_1890641306 Label:SM_Cube12 SpatiallyLoaded:1 Bounds:IsValid=true, Min=(X=5325.000 Y=2245.000 Z=1825.000), Max=(X=5425.000 Y=2345.000 Z=2425.000) RuntimeGrid:None EditorOnly:0 RuntimeOnly:0 HLODRelevant:1
 |   |   |- Guid:FFDFC6544A90549A6520F89EB501356C BaseClass: NativeClass:/Script/Engine.StaticMeshActor Name:StaticMeshActor_UAID_40B076D822BDE6B901_1844772024 Label:SM_Cube19 SpatiallyLoaded:1 Bounds:IsValid=true, Min=(X=105.000 Y=7700.000 Z=0.000), Max=(X=255.000 Y=7800.000 Z=650.000) RuntimeGrid:None EditorOnly:0 RuntimeOnly:0 HLODRelevant:1
 |   |- [+] Clusters:
 |   |   |- [+] [  0]
 |   |   |   |- Guid:BE436D3C40F1119CA2D89EB6BE4E5F44 BaseClass: NativeClass:/Script/Engine.StaticMeshActor Name:StaticMeshActor_UAID_40B076D822BDE7B901_2040474209 Label:SM_Cylinder7 SpatiallyLoaded:1 Bounds:IsValid=true, Min=(X=5975.000 Y=2720.001 Z=2810.000), Max=(X=7175.000 Y=3920.000 Z=2910.000) RuntimeGrid:None EditorOnly:0 RuntimeOnly:0 HLODRelevant:1
 |   |   |- [+] [  1]
 |   |   |   |- Guid:27C6DAAD4BDFC169D22616B0FE6FF36F BaseClass: NativeClass:/Script/Engine.StaticMeshActor Name:StaticMeshActor_UAID_40B076D822BDE2B901_1842657305 Label:SM_Cube11 SpatiallyLoaded:1 Bounds:IsValid=true, Min=(X=3925.000 Y=915.000 Z=1820.000), Max=(X=5425.000 Y=1040.000 Z=3370.000) RuntimeGrid:None EditorOnly:0 RuntimeOnly:0 HLODRelevant:1
 |   |   |- [+] [  2]
 |   |   |   |- Guid:82BC293943A9B3DEEEE8D096E13B3F49 BaseClass: NativeClass:/Script/Engine.StaticMeshActor Name:StaticMeshActor_UAID_40B076D822BDE7B901_2106041213 Label:SM_Cylinder11 SpatiallyLoaded:1 Bounds:IsValid=true, Min=(X=2060.000 Y=4950.001 Z=2810.000), Max=(X=3260.000 Y=6150.000 Z=2910.000) RuntimeGrid:None EditorOnly:0 RuntimeOnly:0 HLODRelevant:1
 |   |   |- [+] [  3]
 |   |   |   |- Guid:2636AC8447E898E3736F7E82895481E6 BaseClass: NativeClass:/Script/Engine.StaticMeshActor Name:StaticMeshActor_UAID_9C7BEF28E54F0EBA01_1978419060 Label:SM_Cube36 SpatiallyLoaded:1 Bounds:IsValid=true, Min=(X=115.000 Y=7525.000 Z=3940.000), Max=(X=8915.000 Y=7925.000 Z=4340.000) RuntimeGrid:None EditorOnly:0 RuntimeOnly:0 HLODRelevant:1
 |   |   |- [+] [  4]
 |   |   |   |- Guid:A418917D418662477E9D2083A0AD737E BaseClass: NativeClass:/Script/Engine.PointLight Name:PointLight_UAID_9C7BEF28E54F0EBA01_1490481051 Label:PointLight5 SpatiallyLoaded:1 Bounds:IsValid=true, Min=(X=-11969.000 Y=-11269.000 Z=-13474.000), Max=(X=20799.000 Y=21499.000 Z=19294.000) RuntimeGrid:None EditorOnly:0 RuntimeOnly:0 HLODRelevant:0
 |   |   |- [+] [  5]
 |   |   |   |- Guid:29102FD54DD7191B9A6BEB929E3E14D0 BaseClass: NativeClass:/Script/Engine.StaticMeshActor Name:StaticMeshActor_UAID_9C7BEF28E54F0EBA01_1289521043 Label:SM_Cube33 SpatiallyLoaded:1 Bounds:IsValid=true, Min=(X=15.000 Y=880.000 Z=6180.000), Max=(X=9015.000 Y=9330.000 Z=6280.000) RuntimeGrid:None EditorOnly:0 RuntimeOnly:0 HLODRelevant:1
 |   |   |- [+] [  6]
 |   |   |   |- Guid:DD9032564C2A23D9A0FC7A9E7467A865 BaseClass: NativeClass:/Script/Engine.StaticMeshActor Name:StaticMeshActor_UAID_40B076D822BDE6B901_1921501027 Label:SM_Cube22 SpatiallyLoaded:1 Bounds:IsValid=true, Min=(X=800.000 Y=6105.000 Z=0.000), Max=(X=950.000 Y=6205.000 Z=650.000) RuntimeGrid:None EditorOnly:0 RuntimeOnly:0 HLODRelevant:1
 |   |   |- [+] [  7]
 |   |   |   |- Guid:3012A9FF410F886B5AD1F0ACA8B6CFBD BaseClass: NativeClass:/Script/Engine.StaticMeshActor Name:StaticMeshActor_UAID_9C7BEF28E54F0EBA01_2041056062 Label:SM_Cube38 SpatiallyLoaded:1 Bounds:IsValid=true, Min=(X=125.000 Y=3145.000 Z=3940.000), Max=(X=8925.000 Y=3545.000 Z=4340.000) RuntimeGrid:None EditorOnly:0 RuntimeOnly:0 HLODRelevant:1
 |   |   |- [+] [  8]
 |   |   |   |- Guid:B07EC9BE486118C47E91C4954DEA686F BaseClass: NativeClass:/Script/Engine.StaticMeshActor Name:StaticMeshActor_UAID_9C7BEF28E54F0EBA01_1111648040 Label:SM_Cube30 SpatiallyLoaded:1 Bounds:IsValid=true, Min=(X=15.000 Y=10.000 Z=4200.000), Max=(X=9015.000 Y=1221.603 Z=6198.557) RuntimeGrid:None EditorOnly:0 RuntimeOnly:0 HLODRelevant:1
 |   |   |- [+] [  9]
 |   |   |   |- Guid:F12C2B764E3D182F20021DBF5190E174 BaseClass: NativeClass:/Script/Engine.WorldDataLayers Name:WorldDataLayers Label:WorldDataLayers SpatiallyLoaded:0 Bounds:IsValid=true, Min=(X=0.000 Y=0.000 Z=0.000), Max=(X=0.000 Y=0.000 Z=0.000) RuntimeGrid:None EditorOnly:0 RuntimeOnly:0 HLODRelevant:0
 |   |   |- [+] [ 10]
 |   |   |   |- Guid:9FF4FE1141FED8268A64C0A2661BCEAE BaseClass: NativeClass:/Script/Engine.SkyLight Name:SkyLight_1 Label:SkyLight SpatiallyLoaded:0 Bounds:IsValid=true, Min=(X=0.000 Y=0.000 Z=690.000), Max=(X=0.000 Y=0.000 Z=690.000) RuntimeGrid:None EditorOnly:0 RuntimeOnly:0 HLODRelevant:0 FolderPath:Lighting FolderGuid:963EC3EB4002CCE9759E2EBA541A873A
 |   |   |- [+] [ 11]
 |   |   |   |- Guid:5A87A98B4C067F2E94C313BDDAC430B5 BaseClass: NativeClass:/Script/Engine.StaticMeshActor Name:StaticMeshActor_UAID_9C7BEF28E54F0EBA01_2026043061 Label:SM_Cube37 SpatiallyLoaded:1 Bounds:IsValid=true, Min=(X=120.000 Y=5345.000 Z=3940.000), Max=(X=8920.000 Y=5745.000 Z=4340.000) RuntimeGrid:None EditorOnly:0 RuntimeOnly:0 HLODRelevant:1
 |   |   |- [+] [ 12]
 |   |   |   |- Guid:A4BF8CE84C12F5EEC62EBCB2CC00BD00 BaseClass: NativeClass:/Script/Engine.StaticMeshActor Name:StaticMeshActor_UAID_40B076D822BDE5B901_1811650840 Label:SM_Cylinder2 SpatiallyLoaded:1 Bounds:IsValid=true, Min=(X=6410.000 Y=5355.000 Z=0.000), Max=(X=6760.000 Y=5705.000 Z=4300.000) RuntimeGrid:None EditorOnly:0 RuntimeOnly:0 HLODRelevant:1
 |   |   |- [+] [ 13]
 |   |   |   |- Guid:57D519E64803C7648721BC97BBDD062A BaseClass: NativeClass:/Script/Engine.StaticMeshActor Name:StaticMeshActor_UAID_A4AE111137DC5EFB00_1110535423 Label:SM_SkySphere SpatiallyLoaded:0 Bounds:IsValid=true, Min=(X=-1638400.000 Y=-1638400.000 Z=-1638400.000), Max=(X=1638400.000 Y=1638400.000 Z=1638400.000) RuntimeGrid:None EditorOnly:0 RuntimeOnly:0 HLODRelevant:1 FolderPath:Lighting FolderGuid:963EC3EB4002CCE9759E2EBA541A873A
 |   |   |- [+] [ 14]
 |   |   |   |- Guid:11396C424537A008262CF48BB968D7F7 BaseClass: NativeClass:/Script/Engine.StaticMeshActor Name:StaticMeshActor_UAID_40B076D822BDE6B901_1294935021 Label:SM_Cube16 SpatiallyLoaded:1 Bounds:IsValid=true, Min=(X=8300.000 Y=2250.000 Z=2260.000), Max=(X=8900.000 Y=4300.000 Z=2410.000) RuntimeGrid:None EditorOnly:0 RuntimeOnly:0 HLODRelevant:1
 |   |   |- [+] [ 15]
 |   |   |   |- Guid:6F585CF1435581DB0A5EDBB7039B7692 BaseClass: NativeClass:/Script/Engine.StaticMeshActor Name:StaticMeshActor_UAID_9C7BEF28E54F0EBA01_1640052055 Label:SM_WindowFrame2 SpatiallyLoaded:1 Bounds:IsValid=true, Min=(X=5774.542 Y=122.581 Z=2032.042), Max=(X=6855.458 Y=147.419 Z=3687.958) RuntimeGrid:None EditorOnly:0 RuntimeOnly:0 HLODRelevant:1
 |   |   |- [+] [ 16]
 |   |   |   |- Guid:600CACBF495A04FC16B05EAF51866515 BaseClass: NativeClass:/Script/Engine.StaticMeshActor Name:StaticMeshActor_UAID_40B076D822BDE7B901_2095197211 Label:SM_Cylinder9 SpatiallyLoaded:1 Bounds:IsValid=true, Min=(X=5985.000 Y=7055.001 Z=2810.000), Max=(X=7185.000 Y=8255.000 Z=2910.000) RuntimeGrid:None EditorOnly:0 RuntimeOnly:0 HLODRelevant:1
 |   |   |- [+] [ 17]
 |   |   |   |- Guid:D5BCC9AD42F487F3790FAB979F44B2D9 BaseClass: NativeClass:/Script/Engine.StaticMeshActor Name:StaticMeshActor_UAID_40B076D822BDE6B901_2021894032 Label:SM_Cube27 SpatiallyLoaded:1 Bounds:IsValid=true, Min=(X=805.000 Y=1525.000 Z=0.000), Max=(X=955.000 Y=1625.000 Z=650.000) RuntimeGrid:None EditorOnly:0 RuntimeOnly:0 HLODRelevant:1
 |   |   |- [+] [ 18]
 |   |   |   |- Guid:0B505E0B46D78EA6ED9A6982B6C69A34 BaseClass: NativeClass:/Script/Engine.StaticMeshActor Name:StaticMeshActor_UAID_40B076D822BDE6B901_1900082025 Label:SM_Cube20 SpatiallyLoaded:1 Bounds:IsValid=true, Min=(X=800.000 Y=7700.000 Z=0.000), Max=(X=950.000 Y=7800.000 Z=650.000) RuntimeGrid:None EditorOnly:0 RuntimeOnly:0 HLODRelevant:1
 |   |   |- [+] [ 19]
 |   |   |   |- Guid:38886B8048E80ABAF22722B01466130F BaseClass: NativeClass:/Script/Engine.PointLight Name:PointLight_UAID_9C7BEF28E54F0EBA01_1472969048 Label:PointLight2 SpatiallyLoaded:1 Bounds:IsValid=true, Min=(X=-9559.000 Y=-14279.000 Z=-13474.000), Max=(X=23209.000 Y=18489.000 Z=19294.000) RuntimeGrid:None EditorOnly:0 RuntimeOnly:0 HLODRelevant:0
 |   |   |- [+] [ 20]
 |   |   |   |- Guid:378641A841B1CCE391EF81ADF253E055 BaseClass: NativeClass:/Script/Engine.StaticMeshActor Name:StaticMeshActor_UAID_40B076D822BDE5B901_1949012843 Label:SM_Cylinder5 SpatiallyLoaded:1 Bounds:IsValid=true, Min=(X=2510.000 Y=5360.000 Z=0.000), Max=(X=2860.000 Y=5710.000 Z=4300.000) RuntimeGrid:None EditorOnly:0 RuntimeOnly:0 HLODRelevant:1
 |   |   |- [+] [ 21]
 |   |   |   |- Guid:12F6D2614BF8AFE887DFA7881AED1294 BaseClass: NativeClass:/Script/Engine.StaticMeshActor Name:StaticMeshActor_UAID_40B076D822BDE2B901_1719949301 Label:SM_Cube7 SpatiallyLoaded:1 Bounds:IsValid=true, Min=(X=5315.000 Y=2240.000 Z=0.000), Max=(X=5415.000 Y=2340.000 Z=1700.000) RuntimeGrid:None EditorOnly:0 RuntimeOnly:0 HLODRelevant:1
 |   |   |- [+] [ 22]
 |   |   |   |- Guid:A77F08F74C20F6DD6581C4BE86338C25 BaseClass: NativeClass:/Script/Engine.StaticMeshActor Name:StaticMeshActor_UAID_9C7BEF28E54F0EBA01_1957997059 Label:SM_Cube35 SpatiallyLoaded:1 Bounds:IsValid=true, Min=(X=2490.000 Y=150.000 Z=3940.000), Max=(X=2890.000 Y=10350.000 Z=4340.000) RuntimeGrid:None EditorOnly:0 RuntimeOnly:0 HLODRelevant:1
 |   |   |- [+] [ 23]
 |   |   |   |- Guid:DC12EBCE436435346387919C9F9DC060 BaseClass: NativeClass:/Script/Engine.StaticMeshActor Name:StaticMeshActor_UAID_40B076D822BDE6B901_1986519028 Label:SM_Cube23 SpatiallyLoaded:1 Bounds:IsValid=true, Min=(X=105.000 Y=1525.000 Z=610.000), Max=(X=955.000 Y=4175.000 Z=2010.000) RuntimeGrid:None EditorOnly:0 RuntimeOnly:0 HLODRelevant:1
 |   |   |- [+] [ 24]
 |   |   |   |- Guid:3DAE9CCC42A7787B8742969A99A23658 BaseClass: NativeClass:/Script/Engine.StaticMeshActor Name:StaticMeshActor_UAID_40B076D822BDE8B901_1277415391 Label:SM_Cube28 SpatiallyLoaded:1 Bounds:IsValid=true, Min=(X=70.000 Y=95.000 Z=0.000), Max=(X=8920.000 Y=395.000 Z=1900.000) RuntimeGrid:None EditorOnly:0 RuntimeOnly:0 HLODRelevant:1
 |   |   |- [+] [ 25]
 |   |   |   |- Guid:B5D4FCDF4E77ED43260C3D8874D797AC BaseClass: NativeClass:/Script/Engine.StaticMeshActor Name:StaticMeshActor_UAID_9C7BEF28E54F0EBA01_1648660057 Label:SM_WindowFrame4 SpatiallyLoaded:1 Bounds:IsValid=true, Min=(X=2119.542 Y=132.581 Z=2032.042), Max=(X=3200.458 Y=157.419 Z=3687.958) RuntimeGrid:None EditorOnly:0 RuntimeOnly:0 HLODRelevant:1
 |   |   |- [+] [ 26]
 |   |   |   |- Guid:B86EEF6141DBE2FA67BEC9B33801584B BaseClass: NativeClass:/Script/Engine.StaticMeshActor Name:StaticMeshActor_UAID_9C7BEF28E54F0EBA01_1829603058 Label:SM_Cube34 SpatiallyLoaded:1 Bounds:IsValid=true, Min=(X=6390.000 Y=130.000 Z=3940.000), Max=(X=6790.000 Y=10380.000 Z=4340.000) RuntimeGrid:None EditorOnly:0 RuntimeOnly:0 HLODRelevant:1
 |   |   |- [+] [ 27]
 |   |   |   |- Guid:287D4CDA4410BE9C38BDD1AFA1681CAB BaseClass: NativeClass:/Script/Engine.StaticMeshActor Name:StaticMeshActor_UAID_40B076D822BDE5B901_1949011842 Label:SM_Cylinder4 SpatiallyLoaded:1 Bounds:IsValid=true, Min=(X=2505.000 Y=3165.000 Z=0.000), Max=(X=2855.000 Y=3515.000 Z=4300.000) RuntimeGrid:None EditorOnly:0 RuntimeOnly:0 HLODRelevant:1
 |   |   |- [+] [ 28]
 |   |   |   |- Guid:185D63CC4B1347EE637D50BE8E635C03 BaseClass: NativeClass:/Script/Engine.StaticMeshActor Name:StaticMeshActor_UAID_40B076D822BDE8B901_1926380394 Label:SM_Cylinder15 SpatiallyLoaded:1 Bounds:IsValid=true, Min=(X=2680.000 Y=3915.000 Z=2900.000), Max=(X=2700.000 Y=5015.000 Z=2920.000) RuntimeGrid:None EditorOnly:0 RuntimeOnly:0 HLODRelevant:1
 |   |   |- [+] [ 29]
 |   |   |   |- Guid:247C112248E0AC76612F7EA1845A2791 BaseClass: NativeClass:/Script/Engine.StaticMeshActor Name:StaticMeshActor_UAID_40B076D822BDE8B901_1861905392 Label:SM_Cylinder13 SpatiallyLoaded:1 Bounds:IsValid=true, Min=(X=6565.000 Y=3895.000 Z=2900.000), Max=(X=6585.000 Y=4995.000 Z=2920.000) RuntimeGrid:None EditorOnly:0 RuntimeOnly:0 HLODRelevant:1
 |   |   |- [+] [ 30]
 |   |   |   |- Guid:A0CA23BF40355D6B2762F1BCB30981E4 BaseClass: NativeClass:/Script/Engine.PointLight Name:PointLight_UAID_9C7BEF28E54F0EBA01_1415464047 Label:PointLight SpatiallyLoaded:1 Bounds:IsValid=true, Min=(X=-12694.000 Y=-14284.000 Z=-13474.000), Max=(X=20074.000 Y=18484.000 Z=19294.000) RuntimeGrid:None EditorOnly:0 RuntimeOnly:0 HLODRelevant:0
 |   |   |- [+] [ 31]
 |   |   |   |- Guid:11556DE049D734A7FDB84E866F69D68B BaseClass: NativeClass:/Script/Engine.DirectionalLight Name:DirectionalLight_0 Label:DirectionalLight SpatiallyLoaded:0 Bounds:IsValid=true, Min=(X=-4398046511104.000 Y=-4398046511104.000 Z=-4398046511104.000), Max=(X=4398046511104.000 Y=4398046511104.000 Z=4398046511104.000) RuntimeGrid:None EditorOnly:0 RuntimeOnly:0 HLODRelevant:0 FolderPath:Lighting FolderGuid:963EC3EB4002CCE9759E2EBA541A873A
 |   |   |- [+] [ 32]
 |   |   |   |- Guid:89BF96FC4908F80B4928E4BDD33656BA BaseClass: NativeClass:/Script/Engine.PointLight Name:PointLight_UAID_9C7BEF28E54F0EBA01_1476857049 Label:PointLight3 SpatiallyLoaded:1 Bounds:IsValid=true, Min=(X=-9554.000 Y=-7114.000 Z=-13474.000), Max=(X=23214.000 Y=25654.000 Z=19294.000) RuntimeGrid:None EditorOnly:0 RuntimeOnly:0 HLODRelevant:0
 |   |   |- [+] [ 33]
 |   |   |   |- Guid:6659FA104D29221C3AAE96B81C20E8EC BaseClass: NativeClass:/Script/Engine.PlayerStart Name:PlayerStart_0 Label:PlayerStart SpatiallyLoaded:0 Bounds:IsValid=true, Min=(X=860.000 Y=1070.000 Z=0.013), Max=(X=940.000 Y=1150.000 Z=184.013) RuntimeGrid:None EditorOnly:0 RuntimeOnly:0 HLODRelevant:0
 |   |   |- [+] [ 34]
 |   |   |   |- Guid:E6C9271440768998D762DB9AF7482EB9 BaseClass: NativeClass:/Script/Engine.StaticMeshActor Name:StaticMeshActor_UAID_40B076D822BDE6B901_2021894031 Label:SM_Cube26 SpatiallyLoaded:1 Bounds:IsValid=true, Min=(X=110.000 Y=1525.000 Z=0.000), Max=(X=260.000 Y=1625.000 Z=650.000) RuntimeGrid:None EditorOnly:0 RuntimeOnly:0 HLODRelevant:1
 |   |   |- [+] [ 35]
 |   |   |   |- Guid:BF694E7744BA52666C9FD19D1FC59E73 BaseClass: NativeClass:/Script/Engine.StaticMeshActor Name:StaticMeshActor_UAID_9C7BEF28E54F0EBA01_1615602054 Label:SM_WindowFrame SpatiallyLoaded:1 Bounds:IsValid=true, Min=(X=7534.542 Y=117.581 Z=2032.042), Max=(X=8615.458 Y=142.419 Z=3687.958) RuntimeGrid:None EditorOnly:0 RuntimeOnly:0 HLODRelevant:1
 |   |   |- [+] [ 36]
 |   |   |   |- Guid:227EEE984B699AC2655CCE8B3C458AB7 BaseClass: NativeClass:/Script/Engine.ExponentialHeightFog Name:ExponentialHeightFog_0 Label:ExponentialHeightFog SpatiallyLoaded:0 Bounds:IsValid=true, Min=(X=-5600.000 Y=-50.000 Z=-6850.000), Max=(X=-5600.000 Y=-50.000 Z=-6850.000) RuntimeGrid:None EditorOnly:0 RuntimeOnly:0 HLODRelevant:0 FolderPath:Lighting FolderGuid:963EC3EB4002CCE9759E2EBA541A873A
 |   |   |- [+] [ 37]
 |   |   |   |- Guid:84D0CBEF423D635E2F2396926BE5DB95 BaseClass: NativeClass:/Script/Engine.PointLight Name:PointLight_UAID_9C7BEF28E54F0EBA01_1486412050 Label:PointLight4 SpatiallyLoaded:1 Bounds:IsValid=true, Min=(X=-14884.000 Y=-7109.000 Z=-13474.000), Max=(X=17884.000 Y=25659.000 Z=19294.000) RuntimeGrid:None EditorOnly:0 RuntimeOnly:0 HLODRelevant:0
 |   |   |- [+] [ 38]
 |   |   |   |- Guid:439329C145E0B33C0AE82A94C5C7CF7A BaseClass: NativeClass:/Script/NavigationSystem.RecastNavMesh Name:RecastNavMesh_UAID_9C7BEF28E54F50B601-Default Label:RecastNavMesh-Default SpatiallyLoaded:0 Bounds:IsValid=true, Min=(X=0.000 Y=0.000 Z=0.000), Max=(X=0.000 Y=0.000 Z=0.000) RuntimeGrid:None EditorOnly:0 RuntimeOnly:0 HLODRelevant:0
 |   |   |- [+] [ 39]
 |   |   |   |- Guid:B5755BD44932A34CC73ABEB17374FC79 BaseClass: NativeClass:/Script/Engine.StaticMeshActor Name:StaticMeshActor_UAID_40B076D822BDE6B901_2021892029 Label:SM_Cube24 SpatiallyLoaded:1 Bounds:IsValid=true, Min=(X=110.000 Y=4075.000 Z=0.000), Max=(X=260.000 Y=4175.000 Z=650.000) RuntimeGrid:None EditorOnly:0 RuntimeOnly:0 HLODRelevant:1
 |   |   |- [+] [ 40]
 |   |   |   |- Guid:DF54D97440C367AFDA475D835F2CDBB8 BaseClass: NativeClass:/Script/Engine.StaticMeshActor Name:StaticMeshActor_UAID_40B076D822BDE2B901_1738610302 Label:SM_Cube8 SpatiallyLoaded:1 Bounds:IsValid=true, Min=(X=3925.000 Y=920.000 Z=0.000), Max=(X=4025.000 Y=1020.000 Z=1700.000) RuntimeGrid:None EditorOnly:0 RuntimeOnly:0 HLODRelevant:1
 |   |   |- [+] [ 41]
 |   |   |   |- Guid:90D2F6914B099DB2F2266FA13F0104DA BaseClass: NativeClass:/Script/Engine.StaticMeshActor Name:StaticMeshActor_UAID_40B076D822BDE5B901_1866550841 Label:SM_Cylinder3 SpatiallyLoaded:1 Bounds:IsValid=true, Min=(X=6415.000 Y=7535.000 Z=0.000), Max=(X=6765.000 Y=7885.000 Z=4300.000) RuntimeGrid:None EditorOnly:0 RuntimeOnly:0 HLODRelevant:1
 |   |   |- [+] [ 42]
 |   |   |   |- Guid:F510926848C75B100E0AB58ADFC59B82 BaseClass: NativeClass:/Script/Engine.StaticMeshActor Name:StaticMeshActor_UAID_40B076D822BDE7B901_2106042214 Label:SM_Cylinder12 SpatiallyLoaded:1 Bounds:IsValid=true, Min=(X=2085.000 Y=7170.001 Z=2810.000), Max=(X=3285.000 Y=8370.000 Z=2910.000) RuntimeGrid:None EditorOnly:0 RuntimeOnly:0 HLODRelevant:1
 |   |   |- [+] [ 43]
 |   |   |   |- Guid:129AE6B84BC99C799E90A8822C078BA7 BaseClass: NativeClass:/Script/Engine.StaticMeshActor Name:StaticMeshActor_UAID_40B076D822BDE8B901_1926382395 Label:SM_Cylinder16 SpatiallyLoaded:1 Bounds:IsValid=true, Min=(X=2685.000 Y=6095.000 Z=2900.000), Max=(X=2705.000 Y=7195.000 Z=2920.000) RuntimeGrid:None EditorOnly:0 RuntimeOnly:0 HLODRelevant:1
 |   |   |- [+] [ 44]
 |   |   |   |- Guid:BCB5A7C04B2E3FD04712C8BA4322C86D BaseClass: NativeClass:/Script/Engine.StaticMeshActor Name:StaticMeshActor_UAID_40B076D822BDE2B901_1134741297 Label:SM_Cube4 SpatiallyLoaded:1 Bounds:IsValid=true, Min=(X=8900.000 Y=100.000 Z=0.000), Max=(X=9000.000 Y=10500.000 Z=4300.000) RuntimeGrid:None EditorOnly:0 RuntimeOnly:0 HLODRelevant:1
 |   |   |- [+] [ 45]
 |   |   |   |- Guid:6A7265FE4D0EACDC4757C8937E037958 BaseClass: NativeClass:/Script/Engine.StaticMeshActor Name:StaticMeshActor_UAID_9C7BEF28E54F0DBA01_2119882863 Label:SM_Cube29 SpatiallyLoaded:1 Bounds:IsValid=true, Min=(X=15.000 Y=9275.000 Z=4220.000), Max=(X=9015.000 Y=10486.603 Z=6218.557) RuntimeGrid:None EditorOnly:0 RuntimeOnly:0 HLODRelevant:1
 |   |   |- [+] [ 46]
 |   |   |   |- Guid:2FE76A6C47F941928230DCB4F6D2BF75 BaseClass: NativeClass:/Script/Engine.StaticMeshActor Name:StaticMeshActor_UAID_40B076D822BDE7B901_2084398210 Label:SM_Cylinder8 SpatiallyLoaded:1 Bounds:IsValid=true, Min=(X=5980.000 Y=4910.001 Z=2810.000), Max=(X=7180.000 Y=6110.000 Z=2910.000) RuntimeGrid:None EditorOnly:0 RuntimeOnly:0 HLODRelevant:1
 |   |   |- [+] [ 47]
 |   |   |   |- Guid:FFDFC6544A90549A6520F89EB501356C BaseClass: NativeClass:/Script/Engine.StaticMeshActor Name:StaticMeshActor_UAID_40B076D822BDE6B901_1844772024 Label:SM_Cube19 SpatiallyLoaded:1 Bounds:IsValid=true, Min=(X=105.000 Y=7700.000 Z=0.000), Max=(X=255.000 Y=7800.000 Z=650.000) RuntimeGrid:None EditorOnly:0 RuntimeOnly:0 HLODRelevant:1
 |   |   |- [+] [ 48]
 |   |   |   |- Guid:D10BD567476F84BF9C13C4A119700EFF BaseClass: NativeClass:/Script/Engine.StaticMeshActor Name:StaticMeshActor_UAID_40B076D822BDE5B901_1949012844 Label:SM_Cylinder6 SpatiallyLoaded:1 Bounds:IsValid=true, Min=(X=2515.000 Y=7540.000 Z=0.000), Max=(X=2865.000 Y=7890.000 Z=4300.000) RuntimeGrid:None EditorOnly:0 RuntimeOnly:0 HLODRelevant:1
 |   |   |- [+] [ 49]
 |   |   |   |- Guid:A8DABF1244B4D22E93CCBF90AA3E20F4 BaseClass: NativeClass:/Script/Engine.StaticMeshActor Name:StaticMeshActor_UAID_40B076D822BDE6B901_2021893030 Label:SM_Cube25 SpatiallyLoaded:1 Bounds:IsValid=true, Min=(X=805.000 Y=4075.000 Z=0.000), Max=(X=955.000 Y=4175.000 Z=650.000) RuntimeGrid:None EditorOnly:0 RuntimeOnly:0 HLODRelevant:1
 |   |   |- [+] [ 50]
 |   |   |   |- Guid:6E06E8BB4BB6E71AA53D36882FABF509 BaseClass: NativeClass:/Script/Engine.StaticMeshActor Name:StaticMeshActor_UAID_40B076D822BDE6B901_1921499026 Label:SM_Cube21 SpatiallyLoaded:1 Bounds:IsValid=true, Min=(X=105.000 Y=6105.000 Z=0.000), Max=(X=255.000 Y=6205.000 Z=650.000) RuntimeGrid:None EditorOnly:0 RuntimeOnly:0 HLODRelevant:1
 |   |   |- [+] [ 51]
 |   |   |   |- Guid:D01FA95D4DF4A9E0C71F3F961F85C490 BaseClass: NativeClass:/Script/Engine.StaticMeshActor Name:StaticMeshActor_UAID_40B076D822BDE6B901_1339708022 Label:SM_Cube17 SpatiallyLoaded:1 Bounds:IsValid=true, Min=(X=8305.000 Y=6660.000 Z=2260.000), Max=(X=8905.000 Y=8710.000 Z=2410.000) RuntimeGrid:None EditorOnly:0 RuntimeOnly:0 HLODRelevant:1
 |   |   |- [+] [ 52]
 |   |   |   |- Guid:FD4111C2464CC14E997B20A3AC9B1703 BaseClass: NativeClass:/Script/Engine.StaticMeshActor Name:StaticMeshActor_UAID_40B076D822BDE2B901_1890641306 Label:SM_Cube12 SpatiallyLoaded:1 Bounds:IsValid=true, Min=(X=5325.000 Y=2245.000 Z=1825.000), Max=(X=5425.000 Y=2345.000 Z=2425.000) RuntimeGrid:None EditorOnly:0 RuntimeOnly:0 HLODRelevant:1
 |   |   |- [+] [ 53]
 |   |   |   |- Guid:B21FE0A740BD69D8EA80E98AD76D3537 BaseClass: NativeClass:/Script/Engine.StaticMeshActor Name:StaticMeshActor_1 Label:SM_Cube SpatiallyLoaded:1 Bounds:IsValid=true, Min=(X=0.000 Y=0.000 Z=-150.000), Max=(X=9000.000 Y=10500.000 Z=0.000) RuntimeGrid:None EditorOnly:0 RuntimeOnly:0 HLODRelevant:1 FolderPath:Playground FolderGuid:C73F09FC4215536B1DCE2A9E0A830C70
 |   |   |- [+] [ 54]
 |   |   |   |- Guid:FB0A0DBF451F7D45CB3211AA6A6ECE79 BaseClass: NativeClass:/Script/Engine.StaticMeshActor Name:StaticMeshActor_UAID_9C7BEF28E54F0EBA01_1646133056 Label:SM_WindowFrame3 SpatiallyLoaded:1 Bounds:IsValid=true, Min=(X=349.542 Y=127.581 Z=2032.042), Max=(X=1430.458 Y=152.419 Z=3687.958) RuntimeGrid:None EditorOnly:0 RuntimeOnly:0 HLODRelevant:1
 |   |   |- [+] [ 55]
 |   |   |   |- Guid:FC8C036D4B3637DCD4D334AE34A8B550 BaseClass: NativeClass:/Script/Engine.StaticMeshActor Name:StaticMeshActor_UAID_40B076D822BDE3B901_1134279487 Label:SM_Cylinder SpatiallyLoaded:1 Bounds:IsValid=true, Min=(X=6405.000 Y=3160.000 Z=0.000), Max=(X=6755.000 Y=3510.000 Z=4300.000) RuntimeGrid:None EditorOnly:0 RuntimeOnly:0 HLODRelevant:1
 |   |   |- [+] [ 56]
 |   |   |   |- Guid:D09F0C194195F4EE21BB0FB0FE35027D BaseClass: NativeClass:/Script/Engine.StaticMeshActor Name:StaticMeshActor_UAID_40B076D822BDE2B901_1086743296 Label:SM_Cube3 SpatiallyLoaded:1 Bounds:IsValid=true, Min=(X=0.000 Y=100.000 Z=0.000), Max=(X=100.000 Y=10500.000 Z=4300.000) RuntimeGrid:None EditorOnly:0 RuntimeOnly:0 HLODRelevant:1
 |   |   |- [+] [ 57]
 |   |   |   |- Guid:0B81AEDC49D8038371ACD3AA3F165F1A BaseClass: NativeClass:/Script/Engine.VolumetricCloud Name:VolumetricCloud_0 Label:VolumetricCloud SpatiallyLoaded:0 Bounds:IsValid=true, Min=(X=0.000 Y=0.000 Z=820.000), Max=(X=0.000 Y=0.000 Z=820.000) RuntimeGrid:None EditorOnly:0 RuntimeOnly:0 HLODRelevant:0 FolderPath:Lighting FolderGuid:963EC3EB4002CCE9759E2EBA541A873A
 |   |   |- [+] [ 58]
 |   |   |   |- Guid:127E3E6C44EAAD8884275BA8640E80E5 BaseClass: NativeClass:/Script/Engine.StaticMeshActor Name:StaticMeshActor_UAID_40B076D822BDE8B901_1911883393 Label:SM_Cylinder14 SpatiallyLoaded:1 Bounds:IsValid=true, Min=(X=6570.000 Y=6045.000 Z=2900.000), Max=(X=6590.000 Y=7145.000 Z=2920.000) RuntimeGrid:None EditorOnly:0 RuntimeOnly:0 HLODRelevant:1
 |   |   |- [+] [ 59]
 |   |   |   |- Guid:314A5DFA44C111D1D77ECCB0D4E40193 BaseClass: NativeClass:/Script/Engine.StaticMeshActor Name:StaticMeshActor_UAID_9C7BEF28E54F0EBA01_1251530042 Label:SM_Cube32 SpatiallyLoaded:1 Bounds:IsValid=true, Min=(X=7795.000 Y=105.000 Z=4210.000), Max=(X=9006.603 Y=10405.000 Z=6208.557) RuntimeGrid:None EditorOnly:0 RuntimeOnly:0 HLODRelevant:1
 |   |   |- [+] [ 60]
 |   |   |   |- Guid:9E93F875428260FD63A598A5F8C88ABB BaseClass: NativeClass:/Script/Engine.PointLight Name:PointLight_UAID_9C7BEF28E54F0EBA01_1532222052 Label:PointLight6 SpatiallyLoaded:1 Bounds:IsValid=true, Min=(X=-14694.000 Y=-11789.000 Z=-13924.000), Max=(X=18074.000 Y=20979.000 Z=18844.000) RuntimeGrid:None EditorOnly:0 RuntimeOnly:0 HLODRelevant:0
 |   |   |- [+] [ 61]
 |   |   |   |- Guid:5D80FD084C2A170FC016C6A456C29A9B BaseClass: NativeClass:/Script/Engine.StaticMeshActor Name:StaticMeshActor_UAID_40B076D822BDE2B901_2001716309 Label:SM_Cube15 SpatiallyLoaded:1 Bounds:IsValid=true, Min=(X=3925.000 Y=1040.000 Z=2425.000), Max=(X=4025.385 Y=2345.000 Z=2525.385) RuntimeGrid:None EditorOnly:0 RuntimeOnly:0 HLODRelevant:1
 |   |   |- [+] [ 62]
 |   |   |   |- Guid:0965E8AB42887269DE5D9F9DF1172C95 BaseClass: NativeClass:/Script/Engine.StaticMeshActor Name:StaticMeshActor_UAID_40B076D822BDE2B901_1738611303 Label:SM_Cube9 SpatiallyLoaded:1 Bounds:IsValid=true, Min=(X=5315.000 Y=930.000 Z=0.000), Max=(X=5415.000 Y=1030.000 Z=1700.000) RuntimeGrid:None EditorOnly:0 RuntimeOnly:0 HLODRelevant:1
 |   |   |- [+] [ 63]
 |   |   |   |- Guid:181BD0294366C80CD94A94B116910E97 BaseClass: NativeClass:/Script/Engine.StaticMeshActor Name:StaticMeshActor_UAID_40B076D822BDE2B901_2001715308 Label:SM_Cube14 SpatiallyLoaded:1 Bounds:IsValid=true, Min=(X=3925.000 Y=2245.000 Z=1825.000), Max=(X=4025.000 Y=2345.000 Z=2425.000) RuntimeGrid:None EditorOnly:0 RuntimeOnly:0 HLODRelevant:1
 |   |   |- [+] [ 64]
 |   |   |   |- Guid:E70621394F656E4354AE88ACF6B02873 BaseClass: NativeClass:/Script/Engine.PointLight Name:PointLight_UAID_9C7BEF28E54F0EBA01_1542933053 Label:PointLight7 SpatiallyLoaded:1 Bounds:IsValid=true, Min=(X=-12119.000 Y=-8694.000 Z=-13474.000), Max=(X=20649.000 Y=24074.000 Z=19294.000) RuntimeGrid:None EditorOnly:0 RuntimeOnly:0 HLODRelevant:0
 |   |   |- [+] [ 65]
 |   |   |   |- Guid:7063413B4F00544D673C68840932E398 BaseClass: NativeClass:/Script/Engine.StaticMeshActor Name:StaticMeshActor_UAID_40B076D822BDE7B901_2106040212 Label:SM_Cylinder10 SpatiallyLoaded:1 Bounds:IsValid=true, Min=(X=2090.000 Y=2740.001 Z=2810.000), Max=(X=3290.000 Y=3940.000 Z=2910.000) RuntimeGrid:None EditorOnly:0 RuntimeOnly:0 HLODRelevant:1
 |   |   |- [+] [ 66]
 |   |   |   |- Guid:F82A11824ACBF1DAF9B46C857395387D BaseClass: NativeClass:/Script/Engine.PostProcessVolume Name:PostProcessVolume_0 Label:PostProcessVolume SpatiallyLoaded:0 Bounds:IsValid=true, Min=(X=0.000 Y=0.000 Z=400.000), Max=(X=200.000 Y=200.000 Z=600.000) RuntimeGrid:None EditorOnly:0 RuntimeOnly:0 HLODRelevant:0 FolderPath:Lighting FolderGuid:963EC3EB4002CCE9759E2EBA541A873A
 |   |   |- [+] [ 67]
 |   |   |   |- Guid:1E4405FC47A0D2E9081BBAA22A1AFF57 BaseClass: NativeClass:/Script/Engine.StaticMeshActor Name:StaticMeshActor_UAID_40B076D822BDE2B901_1200947298 Label:SM_Cube5 SpatiallyLoaded:1 Bounds:IsValid=true, Min=(X=10.000 Y=10410.000 Z=0.000), Max=(X=9010.000 Y=10510.000 Z=4300.000) RuntimeGrid:None EditorOnly:0 RuntimeOnly:0 HLODRelevant:1
 |   |   |- [+] [ 68]
 |   |   |   |- Guid:AFC8B8BB492C39290E1032B1D3A8408D BaseClass: NativeClass:/Script/Engine.StaticMeshActor Name:StaticMeshActor_UAID_40B076D822BDE1B901_2040899119 Label:SM_Cube2 SpatiallyLoaded:1 Bounds:IsValid=true, Min=(X=0.000 Y=0.000 Z=0.000), Max=(X=9000.000 Y=100.000 Z=4300.000) RuntimeGrid:None EditorOnly:0 RuntimeOnly:0 HLODRelevant:1
 |   |   |- [+] [ 69]
 |   |   |   |- Guid:1E39D34A4593F1DA8C57C6AD3D6D2C54 BaseClass: NativeClass:/Script/Engine.StaticMeshActor Name:StaticMeshActor_UAID_40B076D822BDE2B901_1783449304 Label:SM_Cube10 SpatiallyLoaded:1 Bounds:IsValid=true, Min=(X=3925.000 Y=920.000 Z=1700.000), Max=(X=5425.000 Y=2345.000 Z=1825.000) RuntimeGrid:None EditorOnly:0 RuntimeOnly:0 HLODRelevant:1
 |   |   |- [+] [ 70]
 |   |   |   |- Guid:E7E9C2854828924D9368478DB49D1239 BaseClass: NativeClass:/Script/Engine.StaticMeshActor Name:StaticMeshActor_UAID_9C7BEF28E54F0EBA01_1195758041 Label:SM_Cube31 SpatiallyLoaded:1 Bounds:IsValid=true, Min=(X=20.000 Y=100.000 Z=4215.000), Max=(X=1231.603 Y=10400.000 Z=6213.557) RuntimeGrid:None EditorOnly:0 RuntimeOnly:0 HLODRelevant:1
 |   |   |- [+] [ 71]
 |   |   |   |- Guid:6AFFF4CD408EBC84B481E78084292490 BaseClass: NativeClass:/Script/Engine.StaticMeshActor Name:StaticMeshActor_UAID_40B076D822BDE2B901_1613062299 Label:SM_Cube6 SpatiallyLoaded:1 Bounds:IsValid=true, Min=(X=3925.000 Y=2230.000 Z=0.000), Max=(X=4025.000 Y=2330.000 Z=1700.000) RuntimeGrid:None EditorOnly:0 RuntimeOnly:0 HLODRelevant:1
 |   |   |- [+] [ 72]
 |   |   |   |- Guid:B62415784FB5C1B7E40A49AC20062287 BaseClass: NativeClass:/Script/NavigationSystem.NavMeshBoundsVolume Name:NavMeshBoundsVolume_UAID_9C7BEF28E54F50B601_1466265431 Label:NavMeshBoundsVolume SpatiallyLoaded:0 Bounds:IsValid=true, Min=(X=-189.500 Y=-294.000 Z=-228.500), Max=(X=9329.500 Y=10634.000 Z=528.500) RuntimeGrid:None EditorOnly:0 RuntimeOnly:0 HLODRelevant:0
 |   |   |- [+] [ 73]
 |   |   |   |- Guid:3EC7BD4349C565657267AFA0F7ADEF64 BaseClass: NativeClass:/Script/Engine.StaticMeshActor Name:StaticMeshActor_UAID_40B076D822BDE6B901_1509748023 Label:SM_Cube18 SpatiallyLoaded:1 Bounds:IsValid=true, Min=(X=100.000 Y=6100.000 Z=610.000), Max=(X=950.000 Y=7800.000 Z=3210.000) RuntimeGrid:None EditorOnly:0 RuntimeOnly:0 HLODRelevant:1
 |   |   |- [+] [ 74]
 |   |   |   |- Guid:F533DD33409E81FB6B43B6B9EA4CCF8E BaseClass: NativeClass:/Script/Engine.SkyAtmosphere Name:SkyAtmosphere_0 Label:SkyAtmosphere SpatiallyLoaded:0 Bounds:IsValid=true, Min=(X=0.000 Y=0.000 Z=1020.000), Max=(X=0.000 Y=0.000 Z=1020.000) RuntimeGrid:None EditorOnly:0 RuntimeOnly:0 HLODRelevant:0 FolderPath:Lighting FolderGuid:963EC3EB4002CCE9759E2EBA541A873A
 |   |   |- [+] [ 75]
 |   |   |   |- Guid:499065AE43EBD0EA540C17AC796D1DA7 BaseClass: NativeClass:/Script/Engine.StaticMeshActor Name:StaticMeshActor_UAID_40B076D822BDE2B901_1964842307 Label:SM_Cube13 SpatiallyLoaded:1 Bounds:IsValid=true, Min=(X=5325.000 Y=1040.000 Z=2420.000), Max=(X=5425.385 Y=2345.000 Z=2520.385) RuntimeGrid:None EditorOnly:0 RuntimeOnly:0 HLODRelevant:1
 |   |   |- [+] [ 76]
 |   |   |   |- Guid:66B79A8C455B723964D86B96E8CC1185 BaseClass: NativeClass:/Script/Engine.StaticMeshActor Name:StaticMeshActor_UAID_9C7BEF28E54F42BC01_1731839304 Label:SM_WindowFrame5 SpatiallyLoaded:1 Bounds:IsValid=true, Min=(X=7978.886 Y=7210.037 Z=4487.179), Max=(X=8731.114 Y=8149.963 Z=5752.821) RuntimeGrid:None EditorOnly:0 RuntimeOnly:0 HLODRelevant:1
 |   |   |- [+] [ 77]
 |   |   |   |- Guid:4EACCD6D4E53EC4998DBBB92B0638040 BaseClass: NativeClass:/Script/Engine.StaticMeshActor Name:StaticMeshActor_UAID_9C7BEF28E54F42BC01_2071680305 Label:SM_WindowFrame6 SpatiallyLoaded:1 Bounds:IsValid=true, Min=(X=273.886 Y=2900.037 Z=4487.179), Max=(X=1026.114 Y=3839.963 Z=5752.821) RuntimeGrid:None EditorOnly:0 RuntimeOnly:0 HLODRelevant:1
 |   |   |- [+] [ 78]
 |   |   |   |- Guid:71E6ED374588C2EF8AE31AB18CCB6AF5 BaseClass: NativeClass:/Script/Engine.StaticMeshActor Name:StaticMeshActor_UAID_9C7BEF28E54F43BC01_1282225482 Label:SM_WindowFrame7 SpatiallyLoaded:1 Bounds:IsValid=true, Min=(X=8791.372 Y=7245.037 Z=2547.033), Max=(X=8828.628 Y=8184.963 Z=3842.967) RuntimeGrid:None EditorOnly:0 RuntimeOnly:0 HLODRelevant:1
 |   |   |- [+] [ 79]
 |   |   |   |- Guid:5CE787B740D4382E4889EB8322F9CFF1 BaseClass: NativeClass:/Script/Engine.StaticMeshActor Name:StaticMeshActor_UAID_9C7BEF28E54F43BC01_1612946483 Label:SM_WindowFrame8 SpatiallyLoaded:1 Bounds:IsValid=true, Min=(X=8796.372 Y=2765.037 Z=2547.033), Max=(X=8833.628 Y=3704.963 Z=3842.967) RuntimeGrid:None EditorOnly:0 RuntimeOnly:0 HLODRelevant:1
 |- ContainerInstances:
 |- [+] MainContainer:
 |   |-        ID: 0x0000000000000000
 |   |-    Bounds: IsValid=false, Min=(X=0.000 Y=0.000 Z=0.000), Max=(X=0.000 Y=0.000 Z=0.000)
 |   |- Transform: 0.000000,0.000000,0.000000|0.000000,0.000000,-0.000000|1.000000,1.000000,1.000000
 |   |- Container: /Game/ThirdPerson/Maps/MapBlocking
----------------------------------------------------------------------------------------------------------------
MapBlocking - Persistent Level
----------------------------------------------------------------------------------------------------------------
Always loaded Actor Count: 91 

----------------------------------------------------------------------------------------------------------------
MapBlocking - Runtime Spatial Hash - Streaming Grid - MainGrid
----------------------------------------------------------------------------------------------------------------
            Origin: X=0.000 Y=0.000 Z=0.000
         Cell Size: 12800
      World Bounds: IsValid=false, Min=(X=0.000 Y=0.000 Z=0.000), Max=(X=0.000 Y=0.000 Z=0.000)
     Loading Range: 25600.00
Block Slow Loading: No
 ClientOnlyVisible: No

[+] Grid Levels: 1
 |- Level  0: Cell Count    0 | Cell Size   12800 | Actor Count    0 (0.0%)

[+] Content of Grid Level 0

