[+] Containers:
 |- [+] Container: /Game/ThirdPerson/Maps/MapBlocking
 |   |- [+] ActorDescs:
 |   |   |- Guid:0965E8AB42887269DE5D9F9DF1172C95 BaseClass: NativeClass:/Script/Engine.StaticMeshActor Name:StaticMeshActor_UAID_40B076D822BDE2B901_1738611303 Label:SM_Cube9 SpatiallyLoaded:1 Bounds:IsValid=true, Min=(X=5315.000 Y=325.000 Z=0.000), Max=(X=5415.000 Y=425.000 Z=1700.000) RuntimeGrid:None EditorOnly:0 RuntimeOnly:0 HLODRelevant:1
 |   |   |- Guid:0B505E0B46D78EA6ED9A6982B6C69A34 BaseClass: NativeClass:/Script/Engine.StaticMeshActor Name:StaticMeshActor_UAID_40B076D822BDE6B901_1900082025 Label:SM_Cube20 SpatiallyLoaded:1 Bounds:IsValid=true, Min=(X=800.000 Y=7700.000 Z=0.000), Max=(X=950.000 Y=7800.000 Z=650.000) RuntimeGrid:None EditorOnly:0 RuntimeOnly:0 HLODRelevant:1
 |   |   |- Guid:0B81AEDC49D8038371ACD3AA3F165F1A BaseClass: NativeClass:/Script/Engine.VolumetricCloud Name:VolumetricCloud_0 Label:VolumetricCloud SpatiallyLoaded:0 Bounds:IsValid=true, Min=(X=0.000 Y=0.000 Z=820.000), Max=(X=0.000 Y=0.000 Z=820.000) RuntimeGrid:None EditorOnly:0 RuntimeOnly:0 HLODRelevant:0 FolderPath:Lighting FolderGuid:963EC3EB4002CCE9759E2EBA541A873A
 |   |   |- Guid:11396C424537A008262CF48BB968D7F7 BaseClass: NativeClass:/Script/Engine.StaticMeshActor Name:StaticMeshActor_UAID_40B076D822BDE6B901_1294935021 Label:SM_Cube16 SpatiallyLoaded:1 Bounds:IsValid=true, Min=(X=8300.000 Y=2250.000 Z=2260.000), Max=(X=8900.000 Y=4300.000 Z=2410.000) RuntimeGrid:None EditorOnly:0 RuntimeOnly:0 HLODRelevant:1
 |   |   |- Guid:11556DE049D734A7FDB84E866F69D68B BaseClass: NativeClass:/Script/Engine.DirectionalLight Name:DirectionalLight_0 Label:DirectionalLight SpatiallyLoaded:0 Bounds:IsValid=true, Min=(X=-4398046511104.000 Y=-4398046511104.000 Z=-4398046511104.000), Max=(X=4398046511104.000 Y=4398046511104.000 Z=4398046511104.000) RuntimeGrid:None EditorOnly:0 RuntimeOnly:0 HLODRelevant:0 FolderPath:Lighting FolderGuid:963EC3EB4002CCE9759E2EBA541A873A
 |   |   |- Guid:12F6D2614BF8AFE887DFA7881AED1294 BaseClass: NativeClass:/Script/Engine.StaticMeshActor Name:StaticMeshActor_UAID_40B076D822BDE2B901_1719949301 Label:SM_Cube7 SpatiallyLoaded:1 Bounds:IsValid=true, Min=(X=5315.000 Y=1635.000 Z=0.000), Max=(X=5415.000 Y=1735.000 Z=1700.000) RuntimeGrid:None EditorOnly:0 RuntimeOnly:0 HLODRelevant:1
 |   |   |- Guid:181BD0294366C80CD94A94B116910E97 BaseClass: NativeClass:/Script/Engine.StaticMeshActor Name:StaticMeshActor_UAID_40B076D822BDE2B901_2001715308 Label:SM_Cube14 SpatiallyLoaded:1 Bounds:IsValid=true, Min=(X=3925.000 Y=1640.000 Z=1825.000), Max=(X=4025.000 Y=1740.000 Z=2425.000) RuntimeGrid:None EditorOnly:0 RuntimeOnly:0 HLODRelevant:1
 |   |   |- Guid:1E39D34A4593F1DA8C57C6AD3D6D2C54 BaseClass: NativeClass:/Script/Engine.StaticMeshActor Name:StaticMeshActor_UAID_40B076D822BDE2B901_1783449304 Label:SM_Cube10 SpatiallyLoaded:1 Bounds:IsValid=true, Min=(X=3925.000 Y=315.000 Z=1700.000), Max=(X=5425.000 Y=1740.000 Z=1825.000) RuntimeGrid:None EditorOnly:0 RuntimeOnly:0 HLODRelevant:1
 |   |   |- Guid:1E4405FC47A0D2E9081BBAA22A1AFF57 BaseClass: NativeClass:/Script/Engine.StaticMeshActor Name:StaticMeshActor_UAID_40B076D822BDE2B901_1200947298 Label:SM_Cube5 SpatiallyLoaded:1 Bounds:IsValid=true, Min=(X=10.000 Y=10410.000 Z=0.000), Max=(X=9010.000 Y=10510.000 Z=4300.000) RuntimeGrid:None EditorOnly:0 RuntimeOnly:0 HLODRelevant:1
 |   |   |- Guid:227EEE984B699AC2655CCE8B3C458AB7 BaseClass: NativeClass:/Script/Engine.ExponentialHeightFog Name:ExponentialHeightFog_0 Label:ExponentialHeightFog SpatiallyLoaded:0 Bounds:IsValid=true, Min=(X=-5600.000 Y=-50.000 Z=-6850.000), Max=(X=-5600.000 Y=-50.000 Z=-6850.000) RuntimeGrid:None EditorOnly:0 RuntimeOnly:0 HLODRelevant:0 FolderPath:Lighting FolderGuid:963EC3EB4002CCE9759E2EBA541A873A
 |   |   |- Guid:27C6DAAD4BDFC169D22616B0FE6FF36F BaseClass: NativeClass:/Script/Engine.StaticMeshActor Name:StaticMeshActor_UAID_40B076D822BDE2B901_1842657305 Label:SM_Cube11 SpatiallyLoaded:1 Bounds:IsValid=true, Min=(X=3925.000 Y=310.000 Z=1820.000), Max=(X=5425.000 Y=435.000 Z=3370.000) RuntimeGrid:None EditorOnly:0 RuntimeOnly:0 HLODRelevant:1
 |   |   |- Guid:287D4CDA4410BE9C38BDD1AFA1681CAB BaseClass: NativeClass:/Script/Engine.StaticMeshActor Name:StaticMeshActor_UAID_40B076D822BDE5B901_1949011842 Label:SM_Cylinder4 SpatiallyLoaded:1 Bounds:IsValid=true, Min=(X=2505.000 Y=3165.000 Z=0.000), Max=(X=2855.000 Y=3515.000 Z=4300.000) RuntimeGrid:None EditorOnly:0 RuntimeOnly:0 HLODRelevant:1
 |   |   |- Guid:378641A841B1CCE391EF81ADF253E055 BaseClass: NativeClass:/Script/Engine.StaticMeshActor Name:StaticMeshActor_UAID_40B076D822BDE5B901_1949012843 Label:SM_Cylinder5 SpatiallyLoaded:1 Bounds:IsValid=true, Min=(X=2510.000 Y=5360.000 Z=0.000), Max=(X=2860.000 Y=5710.000 Z=4300.000) RuntimeGrid:None EditorOnly:0 RuntimeOnly:0 HLODRelevant:1
 |   |   |- Guid:3EC7BD4349C565657267AFA0F7ADEF64 BaseClass: NativeClass:/Script/Engine.StaticMeshActor Name:StaticMeshActor_UAID_40B076D822BDE6B901_1509748023 Label:SM_Cube18 SpatiallyLoaded:1 Bounds:IsValid=true, Min=(X=100.000 Y=6100.000 Z=610.000), Max=(X=950.000 Y=7800.000 Z=3210.000) RuntimeGrid:None EditorOnly:0 RuntimeOnly:0 HLODRelevant:1
 |   |   |- Guid:439329C145E0B33C0AE82A94C5C7CF7A BaseClass: NativeClass:/Script/NavigationSystem.RecastNavMesh Name:RecastNavMesh_UAID_9C7BEF28E54F50B601-Default Label:RecastNavMesh-Default SpatiallyLoaded:0 Bounds:IsValid=true, Min=(X=0.000 Y=0.000 Z=0.000), Max=(X=0.000 Y=0.000 Z=0.000) RuntimeGrid:None EditorOnly:0 RuntimeOnly:0 HLODRelevant:0
 |   |   |- Guid:499065AE43EBD0EA540C17AC796D1DA7 BaseClass: NativeClass:/Script/Engine.StaticMeshActor Name:StaticMeshActor_UAID_40B076D822BDE2B901_1964842307 Label:SM_Cube13 SpatiallyLoaded:1 Bounds:IsValid=true, Min=(X=5325.000 Y=435.000 Z=2420.000), Max=(X=5425.385 Y=1740.000 Z=2520.385) RuntimeGrid:None EditorOnly:0 RuntimeOnly:0 HLODRelevant:1
 |   |   |- Guid:57D519E64803C7648721BC97BBDD062A BaseClass: NativeClass:/Script/Engine.StaticMeshActor Name:StaticMeshActor_UAID_A4AE111137DC5EFB00_1110535423 Label:SM_SkySphere SpatiallyLoaded:0 Bounds:IsValid=true, Min=(X=-1638400.000 Y=-1638400.000 Z=-1638400.000), Max=(X=1638400.000 Y=1638400.000 Z=1638400.000) RuntimeGrid:None EditorOnly:0 RuntimeOnly:0 HLODRelevant:1 FolderPath:Lighting FolderGuid:963EC3EB4002CCE9759E2EBA541A873A
 |   |   |- Guid:5D80FD084C2A170FC016C6A456C29A9B BaseClass: NativeClass:/Script/Engine.StaticMeshActor Name:StaticMeshActor_UAID_40B076D822BDE2B901_2001716309 Label:SM_Cube15 SpatiallyLoaded:1 Bounds:IsValid=true, Min=(X=3925.000 Y=435.000 Z=2425.000), Max=(X=4025.385 Y=1740.000 Z=2525.385) RuntimeGrid:None EditorOnly:0 RuntimeOnly:0 HLODRelevant:1
 |   |   |- Guid:6659FA104D29221C3AAE96B81C20E8EC BaseClass: NativeClass:/Script/Engine.PlayerStart Name:PlayerStart_0 Label:PlayerStart SpatiallyLoaded:0 Bounds:IsValid=true, Min=(X=860.000 Y=1070.000 Z=0.013), Max=(X=940.000 Y=1150.000 Z=184.013) RuntimeGrid:None EditorOnly:0 RuntimeOnly:0 HLODRelevant:0
 |   |   |- Guid:6AFFF4CD408EBC84B481E78084292490 BaseClass: NativeClass:/Script/Engine.StaticMeshActor Name:StaticMeshActor_UAID_40B076D822BDE2B901_1613062299 Label:SM_Cube6 SpatiallyLoaded:1 Bounds:IsValid=true, Min=(X=3925.000 Y=1625.000 Z=0.000), Max=(X=4025.000 Y=1725.000 Z=1700.000) RuntimeGrid:None EditorOnly:0 RuntimeOnly:0 HLODRelevant:1
 |   |   |- Guid:6E06E8BB4BB6E71AA53D36882FABF509 BaseClass: NativeClass:/Script/Engine.StaticMeshActor Name:StaticMeshActor_UAID_40B076D822BDE6B901_1921499026 Label:SM_Cube21 SpatiallyLoaded:1 Bounds:IsValid=true, Min=(X=105.000 Y=6105.000 Z=0.000), Max=(X=255.000 Y=6205.000 Z=650.000) RuntimeGrid:None EditorOnly:0 RuntimeOnly:0 HLODRelevant:1
 |   |   |- Guid:90D2F6914B099DB2F2266FA13F0104DA BaseClass: NativeClass:/Script/Engine.StaticMeshActor Name:StaticMeshActor_UAID_40B076D822BDE5B901_1866550841 Label:SM_Cylinder3 SpatiallyLoaded:1 Bounds:IsValid=true, Min=(X=6415.000 Y=7535.000 Z=0.000), Max=(X=6765.000 Y=7885.000 Z=4300.000) RuntimeGrid:None EditorOnly:0 RuntimeOnly:0 HLODRelevant:1
 |   |   |- Guid:9FF4FE1141FED8268A64C0A2661BCEAE BaseClass: NativeClass:/Script/Engine.SkyLight Name:SkyLight_1 Label:SkyLight SpatiallyLoaded:0 Bounds:IsValid=true, Min=(X=0.000 Y=0.000 Z=690.000), Max=(X=0.000 Y=0.000 Z=690.000) RuntimeGrid:None EditorOnly:0 RuntimeOnly:0 HLODRelevant:0 FolderPath:Lighting FolderGuid:963EC3EB4002CCE9759E2EBA541A873A
 |   |   |- Guid:A4BF8CE84C12F5EEC62EBCB2CC00BD00 BaseClass: NativeClass:/Script/Engine.StaticMeshActor Name:StaticMeshActor_UAID_40B076D822BDE5B901_1811650840 Label:SM_Cylinder2 SpatiallyLoaded:1 Bounds:IsValid=true, Min=(X=6410.000 Y=5355.000 Z=0.000), Max=(X=6760.000 Y=5705.000 Z=4300.000) RuntimeGrid:None EditorOnly:0 RuntimeOnly:0 HLODRelevant:1
 |   |   |- Guid:A8DABF1244B4D22E93CCBF90AA3E20F4 BaseClass: NativeClass:/Script/Engine.StaticMeshActor Name:StaticMeshActor_UAID_40B076D822BDE6B901_2021893030 Label:SM_Cube25 SpatiallyLoaded:1 Bounds:IsValid=true, Min=(X=805.000 Y=4075.000 Z=0.000), Max=(X=955.000 Y=4175.000 Z=650.000) RuntimeGrid:None EditorOnly:0 RuntimeOnly:0 HLODRelevant:1
 |   |   |- Guid:AFC8B8BB492C39290E1032B1D3A8408D BaseClass: NativeClass:/Script/Engine.StaticMeshActor Name:StaticMeshActor_UAID_40B076D822BDE1B901_2040899119 Label:SM_Cube2 SpatiallyLoaded:1 Bounds:IsValid=true, Min=(X=0.000 Y=0.000 Z=0.000), Max=(X=9000.000 Y=100.000 Z=4300.000) RuntimeGrid:None EditorOnly:0 RuntimeOnly:0 HLODRelevant:1
 |   |   |- Guid:B21FE0A740BD69D8EA80E98AD76D3537 BaseClass: NativeClass:/Script/Engine.StaticMeshActor Name:StaticMeshActor_1 Label:SM_Cube SpatiallyLoaded:1 Bounds:IsValid=true, Min=(X=0.000 Y=0.000 Z=-150.000), Max=(X=9000.000 Y=10500.000 Z=0.000) RuntimeGrid:None EditorOnly:0 RuntimeOnly:0 HLODRelevant:1 FolderPath:Playground FolderGuid:C73F09FC4215536B1DCE2A9E0A830C70
 |   |   |- Guid:B5755BD44932A34CC73ABEB17374FC79 BaseClass: NativeClass:/Script/Engine.StaticMeshActor Name:StaticMeshActor_UAID_40B076D822BDE6B901_2021892029 Label:SM_Cube24 SpatiallyLoaded:1 Bounds:IsValid=true, Min=(X=110.000 Y=4075.000 Z=0.000), Max=(X=260.000 Y=4175.000 Z=650.000) RuntimeGrid:None EditorOnly:0 RuntimeOnly:0 HLODRelevant:1
 |   |   |- Guid:B62415784FB5C1B7E40A49AC20062287 BaseClass: NativeClass:/Script/NavigationSystem.NavMeshBoundsVolume Name:NavMeshBoundsVolume_UAID_9C7BEF28E54F50B601_1466265431 Label:NavMeshBoundsVolume SpatiallyLoaded:0 Bounds:IsValid=true, Min=(X=-189.500 Y=-294.000 Z=-228.500), Max=(X=9329.500 Y=10634.000 Z=528.500) RuntimeGrid:None EditorOnly:0 RuntimeOnly:0 HLODRelevant:0
 |   |   |- Guid:BCB5A7C04B2E3FD04712C8BA4322C86D BaseClass: NativeClass:/Script/Engine.StaticMeshActor Name:StaticMeshActor_UAID_40B076D822BDE2B901_1134741297 Label:SM_Cube4 SpatiallyLoaded:1 Bounds:IsValid=true, Min=(X=8900.000 Y=100.000 Z=0.000), Max=(X=9000.000 Y=10500.000 Z=4300.000) RuntimeGrid:None EditorOnly:0 RuntimeOnly:0 HLODRelevant:1
 |   |   |- Guid:D01FA95D4DF4A9E0C71F3F961F85C490 BaseClass: NativeClass:/Script/Engine.StaticMeshActor Name:StaticMeshActor_UAID_40B076D822BDE6B901_1339708022 Label:SM_Cube17 SpatiallyLoaded:1 Bounds:IsValid=true, Min=(X=8305.000 Y=6660.000 Z=2260.000), Max=(X=8905.000 Y=8710.000 Z=2410.000) RuntimeGrid:None EditorOnly:0 RuntimeOnly:0 HLODRelevant:1
 |   |   |- Guid:D09F0C194195F4EE21BB0FB0FE35027D BaseClass: NativeClass:/Script/Engine.StaticMeshActor Name:StaticMeshActor_UAID_40B076D822BDE2B901_1086743296 Label:SM_Cube3 SpatiallyLoaded:1 Bounds:IsValid=true, Min=(X=0.000 Y=100.000 Z=0.000), Max=(X=100.000 Y=10500.000 Z=4300.000) RuntimeGrid:None EditorOnly:0 RuntimeOnly:0 HLODRelevant:1
 |   |   |- Guid:D10BD567476F84BF9C13C4A119700EFF BaseClass: NativeClass:/Script/Engine.StaticMeshActor Name:StaticMeshActor_UAID_40B076D822BDE5B901_1949012844 Label:SM_Cylinder6 SpatiallyLoaded:1 Bounds:IsValid=true, Min=(X=2515.000 Y=7540.000 Z=0.000), Max=(X=2865.000 Y=7890.000 Z=4300.000) RuntimeGrid:None EditorOnly:0 RuntimeOnly:0 HLODRelevant:1
 |   |   |- Guid:D5BCC9AD42F487F3790FAB979F44B2D9 BaseClass: NativeClass:/Script/Engine.StaticMeshActor Name:StaticMeshActor_UAID_40B076D822BDE6B901_2021894032 Label:SM_Cube27 SpatiallyLoaded:1 Bounds:IsValid=true, Min=(X=805.000 Y=1525.000 Z=0.000), Max=(X=955.000 Y=1625.000 Z=650.000) RuntimeGrid:None EditorOnly:0 RuntimeOnly:0 HLODRelevant:1
 |   |   |- Guid:DC12EBCE436435346387919C9F9DC060 BaseClass: NativeClass:/Script/Engine.StaticMeshActor Name:StaticMeshActor_UAID_40B076D822BDE6B901_1986519028 Label:SM_Cube23 SpatiallyLoaded:1 Bounds:IsValid=true, Min=(X=105.000 Y=1525.000 Z=610.000), Max=(X=955.000 Y=4175.000 Z=2010.000) RuntimeGrid:None EditorOnly:0 RuntimeOnly:0 HLODRelevant:1
 |   |   |- Guid:DD9032564C2A23D9A0FC7A9E7467A865 BaseClass: NativeClass:/Script/Engine.StaticMeshActor Name:StaticMeshActor_UAID_40B076D822BDE6B901_1921501027 Label:SM_Cube22 SpatiallyLoaded:1 Bounds:IsValid=true, Min=(X=800.000 Y=6105.000 Z=0.000), Max=(X=950.000 Y=6205.000 Z=650.000) RuntimeGrid:None EditorOnly:0 RuntimeOnly:0 HLODRelevant:1
 |   |   |- Guid:DF54D97440C367AFDA475D835F2CDBB8 BaseClass: NativeClass:/Script/Engine.StaticMeshActor Name:StaticMeshActor_UAID_40B076D822BDE2B901_1738610302 Label:SM_Cube8 SpatiallyLoaded:1 Bounds:IsValid=true, Min=(X=3925.000 Y=315.000 Z=0.000), Max=(X=4025.000 Y=415.000 Z=1700.000) RuntimeGrid:None EditorOnly:0 RuntimeOnly:0 HLODRelevant:1
 |   |   |- Guid:E6C9271440768998D762DB9AF7482EB9 BaseClass: NativeClass:/Script/Engine.StaticMeshActor Name:StaticMeshActor_UAID_40B076D822BDE6B901_2021894031 Label:SM_Cube26 SpatiallyLoaded:1 Bounds:IsValid=true, Min=(X=110.000 Y=1525.000 Z=0.000), Max=(X=260.000 Y=1625.000 Z=650.000) RuntimeGrid:None EditorOnly:0 RuntimeOnly:0 HLODRelevant:1
 |   |   |- Guid:F12C2B764E3D182F20021DBF5190E174 BaseClass: NativeClass:/Script/Engine.WorldDataLayers Name:WorldDataLayers Label:WorldDataLayers SpatiallyLoaded:0 Bounds:IsValid=true, Min=(X=0.000 Y=0.000 Z=0.000), Max=(X=0.000 Y=0.000 Z=0.000) RuntimeGrid:None EditorOnly:0 RuntimeOnly:0 HLODRelevant:0
 |   |   |- Guid:F533DD33409E81FB6B43B6B9EA4CCF8E BaseClass: NativeClass:/Script/Engine.SkyAtmosphere Name:SkyAtmosphere_0 Label:SkyAtmosphere SpatiallyLoaded:0 Bounds:IsValid=true, Min=(X=0.000 Y=0.000 Z=1020.000), Max=(X=0.000 Y=0.000 Z=1020.000) RuntimeGrid:None EditorOnly:0 RuntimeOnly:0 HLODRelevant:0 FolderPath:Lighting FolderGuid:963EC3EB4002CCE9759E2EBA541A873A
 |   |   |- Guid:F82A11824ACBF1DAF9B46C857395387D BaseClass: NativeClass:/Script/Engine.PostProcessVolume Name:PostProcessVolume_0 Label:PostProcessVolume SpatiallyLoaded:0 Bounds:IsValid=true, Min=(X=0.000 Y=0.000 Z=400.000), Max=(X=200.000 Y=200.000 Z=600.000) RuntimeGrid:None EditorOnly:0 RuntimeOnly:0 HLODRelevant:0 FolderPath:Lighting FolderGuid:963EC3EB4002CCE9759E2EBA541A873A
 |   |   |- Guid:FC8C036D4B3637DCD4D334AE34A8B550 BaseClass: NativeClass:/Script/Engine.StaticMeshActor Name:StaticMeshActor_UAID_40B076D822BDE3B901_1134279487 Label:SM_Cylinder SpatiallyLoaded:1 Bounds:IsValid=true, Min=(X=6405.000 Y=3160.000 Z=0.000), Max=(X=6755.000 Y=3510.000 Z=4300.000) RuntimeGrid:None EditorOnly:0 RuntimeOnly:0 HLODRelevant:1
 |   |   |- Guid:FD4111C2464CC14E997B20A3AC9B1703 BaseClass: NativeClass:/Script/Engine.StaticMeshActor Name:StaticMeshActor_UAID_40B076D822BDE2B901_1890641306 Label:SM_Cube12 SpatiallyLoaded:1 Bounds:IsValid=true, Min=(X=5325.000 Y=1640.000 Z=1825.000), Max=(X=5425.000 Y=1740.000 Z=2425.000) RuntimeGrid:None EditorOnly:0 RuntimeOnly:0 HLODRelevant:1
 |   |   |- Guid:FFDFC6544A90549A6520F89EB501356C BaseClass: NativeClass:/Script/Engine.StaticMeshActor Name:StaticMeshActor_UAID_40B076D822BDE6B901_1844772024 Label:SM_Cube19 SpatiallyLoaded:1 Bounds:IsValid=true, Min=(X=105.000 Y=7700.000 Z=0.000), Max=(X=255.000 Y=7800.000 Z=650.000) RuntimeGrid:None EditorOnly:0 RuntimeOnly:0 HLODRelevant:1
 |   |- [+] Clusters:
 |   |   |- [+] [  0]
 |   |   |   |- Guid:F12C2B764E3D182F20021DBF5190E174 BaseClass: NativeClass:/Script/Engine.WorldDataLayers Name:WorldDataLayers Label:WorldDataLayers SpatiallyLoaded:0 Bounds:IsValid=true, Min=(X=0.000 Y=0.000 Z=0.000), Max=(X=0.000 Y=0.000 Z=0.000) RuntimeGrid:None EditorOnly:0 RuntimeOnly:0 HLODRelevant:0
 |   |   |- [+] [  1]
 |   |   |   |- Guid:9FF4FE1141FED8268A64C0A2661BCEAE BaseClass: NativeClass:/Script/Engine.SkyLight Name:SkyLight_1 Label:SkyLight SpatiallyLoaded:0 Bounds:IsValid=true, Min=(X=0.000 Y=0.000 Z=690.000), Max=(X=0.000 Y=0.000 Z=690.000) RuntimeGrid:None EditorOnly:0 RuntimeOnly:0 HLODRelevant:0 FolderPath:Lighting FolderGuid:963EC3EB4002CCE9759E2EBA541A873A
 |   |   |- [+] [  2]
 |   |   |   |- Guid:57D519E64803C7648721BC97BBDD062A BaseClass: NativeClass:/Script/Engine.StaticMeshActor Name:StaticMeshActor_UAID_A4AE111137DC5EFB00_1110535423 Label:SM_SkySphere SpatiallyLoaded:0 Bounds:IsValid=true, Min=(X=-1638400.000 Y=-1638400.000 Z=-1638400.000), Max=(X=1638400.000 Y=1638400.000 Z=1638400.000) RuntimeGrid:None EditorOnly:0 RuntimeOnly:0 HLODRelevant:1 FolderPath:Lighting FolderGuid:963EC3EB4002CCE9759E2EBA541A873A
 |   |   |- [+] [  3]
 |   |   |   |- Guid:11556DE049D734A7FDB84E866F69D68B BaseClass: NativeClass:/Script/Engine.DirectionalLight Name:DirectionalLight_0 Label:DirectionalLight SpatiallyLoaded:0 Bounds:IsValid=true, Min=(X=-4398046511104.000 Y=-4398046511104.000 Z=-4398046511104.000), Max=(X=4398046511104.000 Y=4398046511104.000 Z=4398046511104.000) RuntimeGrid:None EditorOnly:0 RuntimeOnly:0 HLODRelevant:0 FolderPath:Lighting FolderGuid:963EC3EB4002CCE9759E2EBA541A873A
 |   |   |- [+] [  4]
 |   |   |   |- Guid:6659FA104D29221C3AAE96B81C20E8EC BaseClass: NativeClass:/Script/Engine.PlayerStart Name:PlayerStart_0 Label:PlayerStart SpatiallyLoaded:0 Bounds:IsValid=true, Min=(X=860.000 Y=1070.000 Z=0.013), Max=(X=940.000 Y=1150.000 Z=184.013) RuntimeGrid:None EditorOnly:0 RuntimeOnly:0 HLODRelevant:0
 |   |   |- [+] [  5]
 |   |   |   |- Guid:227EEE984B699AC2655CCE8B3C458AB7 BaseClass: NativeClass:/Script/Engine.ExponentialHeightFog Name:ExponentialHeightFog_0 Label:ExponentialHeightFog SpatiallyLoaded:0 Bounds:IsValid=true, Min=(X=-5600.000 Y=-50.000 Z=-6850.000), Max=(X=-5600.000 Y=-50.000 Z=-6850.000) RuntimeGrid:None EditorOnly:0 RuntimeOnly:0 HLODRelevant:0 FolderPath:Lighting FolderGuid:963EC3EB4002CCE9759E2EBA541A873A
 |   |   |- [+] [  6]
 |   |   |   |- Guid:439329C145E0B33C0AE82A94C5C7CF7A BaseClass: NativeClass:/Script/NavigationSystem.RecastNavMesh Name:RecastNavMesh_UAID_9C7BEF28E54F50B601-Default Label:RecastNavMesh-Default SpatiallyLoaded:0 Bounds:IsValid=true, Min=(X=0.000 Y=0.000 Z=0.000), Max=(X=0.000 Y=0.000 Z=0.000) RuntimeGrid:None EditorOnly:0 RuntimeOnly:0 HLODRelevant:0
 |   |   |- [+] [  7]
 |   |   |   |- Guid:B21FE0A740BD69D8EA80E98AD76D3537 BaseClass: NativeClass:/Script/Engine.StaticMeshActor Name:StaticMeshActor_1 Label:SM_Cube SpatiallyLoaded:1 Bounds:IsValid=true, Min=(X=0.000 Y=0.000 Z=-150.000), Max=(X=9000.000 Y=10500.000 Z=0.000) RuntimeGrid:None EditorOnly:0 RuntimeOnly:0 HLODRelevant:1 FolderPath:Playground FolderGuid:C73F09FC4215536B1DCE2A9E0A830C70
 |   |   |- [+] [  8]
 |   |   |   |- Guid:0B81AEDC49D8038371ACD3AA3F165F1A BaseClass: NativeClass:/Script/Engine.VolumetricCloud Name:VolumetricCloud_0 Label:VolumetricCloud SpatiallyLoaded:0 Bounds:IsValid=true, Min=(X=0.000 Y=0.000 Z=820.000), Max=(X=0.000 Y=0.000 Z=820.000) RuntimeGrid:None EditorOnly:0 RuntimeOnly:0 HLODRelevant:0 FolderPath:Lighting FolderGuid:963EC3EB4002CCE9759E2EBA541A873A
 |   |   |- [+] [  9]
 |   |   |   |- Guid:F82A11824ACBF1DAF9B46C857395387D BaseClass: NativeClass:/Script/Engine.PostProcessVolume Name:PostProcessVolume_0 Label:PostProcessVolume SpatiallyLoaded:0 Bounds:IsValid=true, Min=(X=0.000 Y=0.000 Z=400.000), Max=(X=200.000 Y=200.000 Z=600.000) RuntimeGrid:None EditorOnly:0 RuntimeOnly:0 HLODRelevant:0 FolderPath:Lighting FolderGuid:963EC3EB4002CCE9759E2EBA541A873A
 |   |   |- [+] [ 10]
 |   |   |   |- Guid:B62415784FB5C1B7E40A49AC20062287 BaseClass: NativeClass:/Script/NavigationSystem.NavMeshBoundsVolume Name:NavMeshBoundsVolume_UAID_9C7BEF28E54F50B601_1466265431 Label:NavMeshBoundsVolume SpatiallyLoaded:0 Bounds:IsValid=true, Min=(X=-189.500 Y=-294.000 Z=-228.500), Max=(X=9329.500 Y=10634.000 Z=528.500) RuntimeGrid:None EditorOnly:0 RuntimeOnly:0 HLODRelevant:0
 |   |   |- [+] [ 11]
 |   |   |   |- Guid:F533DD33409E81FB6B43B6B9EA4CCF8E BaseClass: NativeClass:/Script/Engine.SkyAtmosphere Name:SkyAtmosphere_0 Label:SkyAtmosphere SpatiallyLoaded:0 Bounds:IsValid=true, Min=(X=0.000 Y=0.000 Z=1020.000), Max=(X=0.000 Y=0.000 Z=1020.000) RuntimeGrid:None EditorOnly:0 RuntimeOnly:0 HLODRelevant:0 FolderPath:Lighting FolderGuid:963EC3EB4002CCE9759E2EBA541A873A
 |   |   |- [+] [ 12]
 |   |   |   |- Guid:AFC8B8BB492C39290E1032B1D3A8408D BaseClass: NativeClass:/Script/Engine.StaticMeshActor Name:StaticMeshActor_UAID_40B076D822BDE1B901_2040899119 Label:SM_Cube2 SpatiallyLoaded:1 Bounds:IsValid=true, Min=(X=0.000 Y=0.000 Z=0.000), Max=(X=9000.000 Y=100.000 Z=4300.000) RuntimeGrid:None EditorOnly:0 RuntimeOnly:0 HLODRelevant:1
 |   |   |- [+] [ 13]
 |   |   |   |- Guid:D09F0C194195F4EE21BB0FB0FE35027D BaseClass: NativeClass:/Script/Engine.StaticMeshActor Name:StaticMeshActor_UAID_40B076D822BDE2B901_1086743296 Label:SM_Cube3 SpatiallyLoaded:1 Bounds:IsValid=true, Min=(X=0.000 Y=100.000 Z=0.000), Max=(X=100.000 Y=10500.000 Z=4300.000) RuntimeGrid:None EditorOnly:0 RuntimeOnly:0 HLODRelevant:1
 |   |   |- [+] [ 14]
 |   |   |   |- Guid:BCB5A7C04B2E3FD04712C8BA4322C86D BaseClass: NativeClass:/Script/Engine.StaticMeshActor Name:StaticMeshActor_UAID_40B076D822BDE2B901_1134741297 Label:SM_Cube4 SpatiallyLoaded:1 Bounds:IsValid=true, Min=(X=8900.000 Y=100.000 Z=0.000), Max=(X=9000.000 Y=10500.000 Z=4300.000) RuntimeGrid:None EditorOnly:0 RuntimeOnly:0 HLODRelevant:1
 |   |   |- [+] [ 15]
 |   |   |   |- Guid:1E4405FC47A0D2E9081BBAA22A1AFF57 BaseClass: NativeClass:/Script/Engine.StaticMeshActor Name:StaticMeshActor_UAID_40B076D822BDE2B901_1200947298 Label:SM_Cube5 SpatiallyLoaded:1 Bounds:IsValid=true, Min=(X=10.000 Y=10410.000 Z=0.000), Max=(X=9010.000 Y=10510.000 Z=4300.000) RuntimeGrid:None EditorOnly:0 RuntimeOnly:0 HLODRelevant:1
 |   |   |- [+] [ 16]
 |   |   |   |- Guid:6AFFF4CD408EBC84B481E78084292490 BaseClass: NativeClass:/Script/Engine.StaticMeshActor Name:StaticMeshActor_UAID_40B076D822BDE2B901_1613062299 Label:SM_Cube6 SpatiallyLoaded:1 Bounds:IsValid=true, Min=(X=3925.000 Y=1625.000 Z=0.000), Max=(X=4025.000 Y=1725.000 Z=1700.000) RuntimeGrid:None EditorOnly:0 RuntimeOnly:0 HLODRelevant:1
 |   |   |- [+] [ 17]
 |   |   |   |- Guid:12F6D2614BF8AFE887DFA7881AED1294 BaseClass: NativeClass:/Script/Engine.StaticMeshActor Name:StaticMeshActor_UAID_40B076D822BDE2B901_1719949301 Label:SM_Cube7 SpatiallyLoaded:1 Bounds:IsValid=true, Min=(X=5315.000 Y=1635.000 Z=0.000), Max=(X=5415.000 Y=1735.000 Z=1700.000) RuntimeGrid:None EditorOnly:0 RuntimeOnly:0 HLODRelevant:1
 |   |   |- [+] [ 18]
 |   |   |   |- Guid:DF54D97440C367AFDA475D835F2CDBB8 BaseClass: NativeClass:/Script/Engine.StaticMeshActor Name:StaticMeshActor_UAID_40B076D822BDE2B901_1738610302 Label:SM_Cube8 SpatiallyLoaded:1 Bounds:IsValid=true, Min=(X=3925.000 Y=315.000 Z=0.000), Max=(X=4025.000 Y=415.000 Z=1700.000) RuntimeGrid:None EditorOnly:0 RuntimeOnly:0 HLODRelevant:1
 |   |   |- [+] [ 19]
 |   |   |   |- Guid:0965E8AB42887269DE5D9F9DF1172C95 BaseClass: NativeClass:/Script/Engine.StaticMeshActor Name:StaticMeshActor_UAID_40B076D822BDE2B901_1738611303 Label:SM_Cube9 SpatiallyLoaded:1 Bounds:IsValid=true, Min=(X=5315.000 Y=325.000 Z=0.000), Max=(X=5415.000 Y=425.000 Z=1700.000) RuntimeGrid:None EditorOnly:0 RuntimeOnly:0 HLODRelevant:1
 |   |   |- [+] [ 20]
 |   |   |   |- Guid:1E39D34A4593F1DA8C57C6AD3D6D2C54 BaseClass: NativeClass:/Script/Engine.StaticMeshActor Name:StaticMeshActor_UAID_40B076D822BDE2B901_1783449304 Label:SM_Cube10 SpatiallyLoaded:1 Bounds:IsValid=true, Min=(X=3925.000 Y=315.000 Z=1700.000), Max=(X=5425.000 Y=1740.000 Z=1825.000) RuntimeGrid:None EditorOnly:0 RuntimeOnly:0 HLODRelevant:1
 |   |   |- [+] [ 21]
 |   |   |   |- Guid:27C6DAAD4BDFC169D22616B0FE6FF36F BaseClass: NativeClass:/Script/Engine.StaticMeshActor Name:StaticMeshActor_UAID_40B076D822BDE2B901_1842657305 Label:SM_Cube11 SpatiallyLoaded:1 Bounds:IsValid=true, Min=(X=3925.000 Y=310.000 Z=1820.000), Max=(X=5425.000 Y=435.000 Z=3370.000) RuntimeGrid:None EditorOnly:0 RuntimeOnly:0 HLODRelevant:1
 |   |   |- [+] [ 22]
 |   |   |   |- Guid:FD4111C2464CC14E997B20A3AC9B1703 BaseClass: NativeClass:/Script/Engine.StaticMeshActor Name:StaticMeshActor_UAID_40B076D822BDE2B901_1890641306 Label:SM_Cube12 SpatiallyLoaded:1 Bounds:IsValid=true, Min=(X=5325.000 Y=1640.000 Z=1825.000), Max=(X=5425.000 Y=1740.000 Z=2425.000) RuntimeGrid:None EditorOnly:0 RuntimeOnly:0 HLODRelevant:1
 |   |   |- [+] [ 23]
 |   |   |   |- Guid:499065AE43EBD0EA540C17AC796D1DA7 BaseClass: NativeClass:/Script/Engine.StaticMeshActor Name:StaticMeshActor_UAID_40B076D822BDE2B901_1964842307 Label:SM_Cube13 SpatiallyLoaded:1 Bounds:IsValid=true, Min=(X=5325.000 Y=435.000 Z=2420.000), Max=(X=5425.385 Y=1740.000 Z=2520.385) RuntimeGrid:None EditorOnly:0 RuntimeOnly:0 HLODRelevant:1
 |   |   |- [+] [ 24]
 |   |   |   |- Guid:181BD0294366C80CD94A94B116910E97 BaseClass: NativeClass:/Script/Engine.StaticMeshActor Name:StaticMeshActor_UAID_40B076D822BDE2B901_2001715308 Label:SM_Cube14 SpatiallyLoaded:1 Bounds:IsValid=true, Min=(X=3925.000 Y=1640.000 Z=1825.000), Max=(X=4025.000 Y=1740.000 Z=2425.000) RuntimeGrid:None EditorOnly:0 RuntimeOnly:0 HLODRelevant:1
 |   |   |- [+] [ 25]
 |   |   |   |- Guid:5D80FD084C2A170FC016C6A456C29A9B BaseClass: NativeClass:/Script/Engine.StaticMeshActor Name:StaticMeshActor_UAID_40B076D822BDE2B901_2001716309 Label:SM_Cube15 SpatiallyLoaded:1 Bounds:IsValid=true, Min=(X=3925.000 Y=435.000 Z=2425.000), Max=(X=4025.385 Y=1740.000 Z=2525.385) RuntimeGrid:None EditorOnly:0 RuntimeOnly:0 HLODRelevant:1
 |   |   |- [+] [ 26]
 |   |   |   |- Guid:FC8C036D4B3637DCD4D334AE34A8B550 BaseClass: NativeClass:/Script/Engine.StaticMeshActor Name:StaticMeshActor_UAID_40B076D822BDE3B901_1134279487 Label:SM_Cylinder SpatiallyLoaded:1 Bounds:IsValid=true, Min=(X=6405.000 Y=3160.000 Z=0.000), Max=(X=6755.000 Y=3510.000 Z=4300.000) RuntimeGrid:None EditorOnly:0 RuntimeOnly:0 HLODRelevant:1
 |   |   |- [+] [ 27]
 |   |   |   |- Guid:A4BF8CE84C12F5EEC62EBCB2CC00BD00 BaseClass: NativeClass:/Script/Engine.StaticMeshActor Name:StaticMeshActor_UAID_40B076D822BDE5B901_1811650840 Label:SM_Cylinder2 SpatiallyLoaded:1 Bounds:IsValid=true, Min=(X=6410.000 Y=5355.000 Z=0.000), Max=(X=6760.000 Y=5705.000 Z=4300.000) RuntimeGrid:None EditorOnly:0 RuntimeOnly:0 HLODRelevant:1
 |   |   |- [+] [ 28]
 |   |   |   |- Guid:90D2F6914B099DB2F2266FA13F0104DA BaseClass: NativeClass:/Script/Engine.StaticMeshActor Name:StaticMeshActor_UAID_40B076D822BDE5B901_1866550841 Label:SM_Cylinder3 SpatiallyLoaded:1 Bounds:IsValid=true, Min=(X=6415.000 Y=7535.000 Z=0.000), Max=(X=6765.000 Y=7885.000 Z=4300.000) RuntimeGrid:None EditorOnly:0 RuntimeOnly:0 HLODRelevant:1
 |   |   |- [+] [ 29]
 |   |   |   |- Guid:287D4CDA4410BE9C38BDD1AFA1681CAB BaseClass: NativeClass:/Script/Engine.StaticMeshActor Name:StaticMeshActor_UAID_40B076D822BDE5B901_1949011842 Label:SM_Cylinder4 SpatiallyLoaded:1 Bounds:IsValid=true, Min=(X=2505.000 Y=3165.000 Z=0.000), Max=(X=2855.000 Y=3515.000 Z=4300.000) RuntimeGrid:None EditorOnly:0 RuntimeOnly:0 HLODRelevant:1
 |   |   |- [+] [ 30]
 |   |   |   |- Guid:378641A841B1CCE391EF81ADF253E055 BaseClass: NativeClass:/Script/Engine.StaticMeshActor Name:StaticMeshActor_UAID_40B076D822BDE5B901_1949012843 Label:SM_Cylinder5 SpatiallyLoaded:1 Bounds:IsValid=true, Min=(X=2510.000 Y=5360.000 Z=0.000), Max=(X=2860.000 Y=5710.000 Z=4300.000) RuntimeGrid:None EditorOnly:0 RuntimeOnly:0 HLODRelevant:1
 |   |   |- [+] [ 31]
 |   |   |   |- Guid:D10BD567476F84BF9C13C4A119700EFF BaseClass: NativeClass:/Script/Engine.StaticMeshActor Name:StaticMeshActor_UAID_40B076D822BDE5B901_1949012844 Label:SM_Cylinder6 SpatiallyLoaded:1 Bounds:IsValid=true, Min=(X=2515.000 Y=7540.000 Z=0.000), Max=(X=2865.000 Y=7890.000 Z=4300.000) RuntimeGrid:None EditorOnly:0 RuntimeOnly:0 HLODRelevant:1
 |   |   |- [+] [ 32]
 |   |   |   |- Guid:11396C424537A008262CF48BB968D7F7 BaseClass: NativeClass:/Script/Engine.StaticMeshActor Name:StaticMeshActor_UAID_40B076D822BDE6B901_1294935021 Label:SM_Cube16 SpatiallyLoaded:1 Bounds:IsValid=true, Min=(X=8300.000 Y=2250.000 Z=2260.000), Max=(X=8900.000 Y=4300.000 Z=2410.000) RuntimeGrid:None EditorOnly:0 RuntimeOnly:0 HLODRelevant:1
 |   |   |- [+] [ 33]
 |   |   |   |- Guid:D01FA95D4DF4A9E0C71F3F961F85C490 BaseClass: NativeClass:/Script/Engine.StaticMeshActor Name:StaticMeshActor_UAID_40B076D822BDE6B901_1339708022 Label:SM_Cube17 SpatiallyLoaded:1 Bounds:IsValid=true, Min=(X=8305.000 Y=6660.000 Z=2260.000), Max=(X=8905.000 Y=8710.000 Z=2410.000) RuntimeGrid:None EditorOnly:0 RuntimeOnly:0 HLODRelevant:1
 |   |   |- [+] [ 34]
 |   |   |   |- Guid:3EC7BD4349C565657267AFA0F7ADEF64 BaseClass: NativeClass:/Script/Engine.StaticMeshActor Name:StaticMeshActor_UAID_40B076D822BDE6B901_1509748023 Label:SM_Cube18 SpatiallyLoaded:1 Bounds:IsValid=true, Min=(X=100.000 Y=6100.000 Z=610.000), Max=(X=950.000 Y=7800.000 Z=3210.000) RuntimeGrid:None EditorOnly:0 RuntimeOnly:0 HLODRelevant:1
 |   |   |- [+] [ 35]
 |   |   |   |- Guid:FFDFC6544A90549A6520F89EB501356C BaseClass: NativeClass:/Script/Engine.StaticMeshActor Name:StaticMeshActor_UAID_40B076D822BDE6B901_1844772024 Label:SM_Cube19 SpatiallyLoaded:1 Bounds:IsValid=true, Min=(X=105.000 Y=7700.000 Z=0.000), Max=(X=255.000 Y=7800.000 Z=650.000) RuntimeGrid:None EditorOnly:0 RuntimeOnly:0 HLODRelevant:1
 |   |   |- [+] [ 36]
 |   |   |   |- Guid:0B505E0B46D78EA6ED9A6982B6C69A34 BaseClass: NativeClass:/Script/Engine.StaticMeshActor Name:StaticMeshActor_UAID_40B076D822BDE6B901_1900082025 Label:SM_Cube20 SpatiallyLoaded:1 Bounds:IsValid=true, Min=(X=800.000 Y=7700.000 Z=0.000), Max=(X=950.000 Y=7800.000 Z=650.000) RuntimeGrid:None EditorOnly:0 RuntimeOnly:0 HLODRelevant:1
 |   |   |- [+] [ 37]
 |   |   |   |- Guid:6E06E8BB4BB6E71AA53D36882FABF509 BaseClass: NativeClass:/Script/Engine.StaticMeshActor Name:StaticMeshActor_UAID_40B076D822BDE6B901_1921499026 Label:SM_Cube21 SpatiallyLoaded:1 Bounds:IsValid=true, Min=(X=105.000 Y=6105.000 Z=0.000), Max=(X=255.000 Y=6205.000 Z=650.000) RuntimeGrid:None EditorOnly:0 RuntimeOnly:0 HLODRelevant:1
 |   |   |- [+] [ 38]
 |   |   |   |- Guid:DD9032564C2A23D9A0FC7A9E7467A865 BaseClass: NativeClass:/Script/Engine.StaticMeshActor Name:StaticMeshActor_UAID_40B076D822BDE6B901_1921501027 Label:SM_Cube22 SpatiallyLoaded:1 Bounds:IsValid=true, Min=(X=800.000 Y=6105.000 Z=0.000), Max=(X=950.000 Y=6205.000 Z=650.000) RuntimeGrid:None EditorOnly:0 RuntimeOnly:0 HLODRelevant:1
 |   |   |- [+] [ 39]
 |   |   |   |- Guid:DC12EBCE436435346387919C9F9DC060 BaseClass: NativeClass:/Script/Engine.StaticMeshActor Name:StaticMeshActor_UAID_40B076D822BDE6B901_1986519028 Label:SM_Cube23 SpatiallyLoaded:1 Bounds:IsValid=true, Min=(X=105.000 Y=1525.000 Z=610.000), Max=(X=955.000 Y=4175.000 Z=2010.000) RuntimeGrid:None EditorOnly:0 RuntimeOnly:0 HLODRelevant:1
 |   |   |- [+] [ 40]
 |   |   |   |- Guid:B5755BD44932A34CC73ABEB17374FC79 BaseClass: NativeClass:/Script/Engine.StaticMeshActor Name:StaticMeshActor_UAID_40B076D822BDE6B901_2021892029 Label:SM_Cube24 SpatiallyLoaded:1 Bounds:IsValid=true, Min=(X=110.000 Y=4075.000 Z=0.000), Max=(X=260.000 Y=4175.000 Z=650.000) RuntimeGrid:None EditorOnly:0 RuntimeOnly:0 HLODRelevant:1
 |   |   |- [+] [ 41]
 |   |   |   |- Guid:A8DABF1244B4D22E93CCBF90AA3E20F4 BaseClass: NativeClass:/Script/Engine.StaticMeshActor Name:StaticMeshActor_UAID_40B076D822BDE6B901_2021893030 Label:SM_Cube25 SpatiallyLoaded:1 Bounds:IsValid=true, Min=(X=805.000 Y=4075.000 Z=0.000), Max=(X=955.000 Y=4175.000 Z=650.000) RuntimeGrid:None EditorOnly:0 RuntimeOnly:0 HLODRelevant:1
 |   |   |- [+] [ 42]
 |   |   |   |- Guid:E6C9271440768998D762DB9AF7482EB9 BaseClass: NativeClass:/Script/Engine.StaticMeshActor Name:StaticMeshActor_UAID_40B076D822BDE6B901_2021894031 Label:SM_Cube26 SpatiallyLoaded:1 Bounds:IsValid=true, Min=(X=110.000 Y=1525.000 Z=0.000), Max=(X=260.000 Y=1625.000 Z=650.000) RuntimeGrid:None EditorOnly:0 RuntimeOnly:0 HLODRelevant:1
 |   |   |- [+] [ 43]
 |   |   |   |- Guid:D5BCC9AD42F487F3790FAB979F44B2D9 BaseClass: NativeClass:/Script/Engine.StaticMeshActor Name:StaticMeshActor_UAID_40B076D822BDE6B901_2021894032 Label:SM_Cube27 SpatiallyLoaded:1 Bounds:IsValid=true, Min=(X=805.000 Y=1525.000 Z=0.000), Max=(X=955.000 Y=1625.000 Z=650.000) RuntimeGrid:None EditorOnly:0 RuntimeOnly:0 HLODRelevant:1
 |- ContainerInstances:
 |- [+] MainContainer:
 |   |-        ID: 0x0000000000000000
 |   |-    Bounds: IsValid=false, Min=(X=0.000 Y=0.000 Z=0.000), Max=(X=0.000 Y=0.000 Z=0.000)
 |   |- Transform: 0.000000,0.000000,0.000000|0.000000,0.000000,-0.000000|1.000000,1.000000,1.000000
 |   |- Container: /Game/ThirdPerson/Maps/MapBlocking
----------------------------------------------------------------------------------------------------------------
MapBlocking - Persistent Level
----------------------------------------------------------------------------------------------------------------
Always loaded Actor Count: 52 

----------------------------------------------------------------------------------------------------------------
MapBlocking - Runtime Spatial Hash - Streaming Grid - MainGrid
----------------------------------------------------------------------------------------------------------------
            Origin: X=0.000 Y=0.000 Z=0.000
         Cell Size: 12800
      World Bounds: IsValid=false, Min=(X=0.000 Y=0.000 Z=0.000), Max=(X=0.000 Y=0.000 Z=0.000)
     Loading Range: 25600.00
Block Slow Loading: No
 ClientOnlyVisible: No

[+] Grid Levels: 1
 |- Level  0: Cell Count    0 | Cell Size   12800 | Actor Count    0 (0.0%)

[+] Content of Grid Level 0

